96 [21068] INFO perfrun.launcher <> - Launcher main begin
101 [21068] INFO perfrun.launcher <> - MessageCatalogInit finished
101 [21068] INFO perfrun.launcher <> - Launcher instance created
101 [21068] INFO perfrun.launcher <> - argc = 7; cmdline = C:\Program Files (x86)\Intel\oneAPI\vtune\2021.5.0\bin64\amplxe-runss.exe --ui-output-format xml --ui-output-fd 1364 --option-file D:\opennn\examples\pima_indians_diabetes\VTune Profiler Results\pima_indians_diabetes\r000ps\config\runss.options 
112 [21068] INFO perfrun.launcher <> - New signal handler callback was added
173 [21068] INFO perfrun.launcher <> - create msngr2::ICliToolContext
174 [21068] INFO perfrun.launcher <> - create file finder object
174 [21068] INFO perfrun.launcher <> - create a result directory: pattern = D:\opennn\examples\pima_indians_diabetes\VTune Profiler Results\pima_indians_diabetes\r000ps pid = 4294967295
178 [21068] INFO perfrun.launcher <> - create data directory = D:\opennn\examples\pima_indians_diabetes\VTune Profiler Results\pima_indians_diabetes\r000ps\data.0
179 [21068] INFO perfrun.launcher <> - Creating the master collection flag
184 [21068] INFO perfrun.launcher <> - Done creating the master collection flag
185 [17504] INFO perfrun.launcher <> - plugin [remoteplug] was disabled because it doesn't support the given collection type.
185 [17504] INFO perfrun.sdk <> - Allocating TMU :D:\opennn\examples\pima_indians_diabetes\VTune Profiler Results\pima_indians_diabetes\r000ps\data.0\systemcollector-21160-DESKTOP-5PN25MA.sc
185 [17504] INFO perfrun.launcher <> - plugin [] was disabled because it doesn't support the given collection type.
190 [17504] INFO perfrun.launcher <> - plugin [] was disabled because it doesn't support the given collection type.
190 [17504] INFO perfrun.launcher <> - plugin [gpu] was disabled because it doesn't support the given collection type.
190 [17504] INFO perfrun.launcher <> - plugin [etw.kernel] was disabled because it doesn't support the given collection type.
190 [17504] INFO perfrun.launcher <> - plugin [etw.dx] was disabled because it doesn't support the given collection type.
190 [17504] INFO perfrun.launcher <> - plugin [etw.wsa] was disabled because it doesn't support the given collection type.
190 [17504] INFO perfrun.mrte <> - system-wide mode is 0
190 [17504] INFO perfrun.mrte <> - Getting  mrte profiling environment ...
324 [17504] INFO perfrun.mrte <> - INTEL_MRTE_DATA_DIR=D:\opennn\examples\pima_indians_diabetes\VTune Profiler Results\pima_indians_diabetes\r000ps\data.0
324 [17504] INFO perfrun.mrte <> - INTEL_MRTE_HOST_NAME=DESKTOP-5PN25MA
324 [17504] INFO perfrun.mrte <> - JAVA_TOOL_OPTIONS=-agentlib:amplxe_tpssmrte_javaprof_1.0
324 [17504] INFO perfrun.mrte <> - COR_ENABLE_PROFILING=1
324 [17504] INFO perfrun.mrte <> - COR_PROFILER={2603158F-60BC-4915-9795-D85FC7A9A2C8}
324 [17504] INFO perfrun.mrte <> - COMPLUS_ProfAPI_ProfilerCompatibilitySetting=EnableV2Profiler
324 [17504] INFO perfrun.mrte <> - CORECLR_ENABLE_PROFILING=1
324 [17504] INFO perfrun.mrte <> - CORECLR_PROFILER={2603158F-60BC-4915-9795-D85FC7A9A2C8}
324 [17504] INFO perfrun.mrte <> - CORECLR_PROFILER_PATH=C:\Program Files (x86)\Intel\oneAPI\vtune\2021.5.0\bin64/amplxe_tpssmrte_clrprof_1.0.dll
324 [17504] INFO perfrun.mrte <> - INTEL_MRTE_PROFILER_MODE=mixed
324 [17504] INFO perfrun.mrte <> - Data directory: D:\opennn\examples\pima_indians_diabetes\VTune Profiler Results\pima_indians_diabetes\r000ps\data.0
324 [17504] INFO perfrun.mrte <> - Mrte plugin is initialized
325 [17504] INFO perfrun.launcher <> - plugin [emon] was disabled because it doesn't support the given collection type.
325 [17504] INFO perfrun.launcher <> - plugin [cuscol] was disabled because it doesn't support the given collection type.
325 [17504] INFO perfrun.launcher <> - plugin [stdsrc] was disabled because it doesn't support the given collection type.
325 [17504] INFO perfrun.launcher <> - plugin [sep] was disabled because it doesn't support the given collection type.
325 [17504] INFO perfrun.launcher <> - plugin [vtsspp] was disabled because it doesn't support the given collection type.
325 [17504] INFO perfrun.launcher <> - plugin [] was disabled because it doesn't support the given collection type.
325 [17504] INFO perfrun.launcher <> - plugin [aoclprofile] was disabled because it doesn't support the given collection type.
325 [17504] INFO perfrun.tpss <> - initialize tpss controller
325 [17504] INFO perfrun.tpss <> - configure collection mode: value = cpu:counters:nostack
325 [17504] INFO perfrun.tpss <> - configure collection mode: value = cpu:nostack
325 [17504] INFO perfrun.tpss <> - default obj-size-min=1024
325 [17504] INFO perfrun.tpss <> - default hash-table-size=0
325 [17504] INFO perfrun.launcher <> - plugin [exprof] was disabled because it doesn't support the given collection type.
325 [17504] INFO perfrun.launcher <> - plugin [] was disabled because it doesn't support the given collection type.
325 [17504] INFO perfrun.launcher <> - plugin [] was disabled because it doesn't support the given collection type.
325 [17504] INFO perfrun.launcher <> - plugin [] was disabled because it doesn't support the given collection type.
325 [17504] INFO perfrun.launcher <> - plugin [] was disabled because it doesn't support the given collection type.
325 [17504] INFO perfrun.launcher <> - plugin [power] was disabled because it doesn't support the given collection type.
325 [17504] INFO perfrun.launcher <> - plugin [hwloc] was disabled because it doesn't support the given collection type.
325 [17504] INFO perfrun.launcher <> - plugin [ipmwatch] was disabled because it doesn't support the given collection type.
325 [17504] INFO perfrun.launcher <> - plugin [os_counters] was disabled because it doesn't support the given collection type.
326 [21068] INFO perfrun.launcher <> - set environment variable: PATH = C:\Program Files (x86)\Intel\oneAPI\vtune\2021.5.0\bin32\runtime;C:\Program Files (x86)\Intel\oneAPI\vtune\2021.5.0\bin64\runtime;C:\Program Files\NVIDIA GPU Computing Toolkit\CUDA\v11.2\bin;C:\Program Files\NVIDIA GPU Computing Toolkit\CUDA\v11.2\libnvvp;C:\Program Files (x86)\Intel\Intel(R) Management Engine Components\iCLS\;C:\Program Files\Intel\Intel(R) Management Engine Components\iCLS\;C:\Windows\system32;C:\Windows;C:\Windows\System32\Wbem;C:\Windows\System32\WindowsPowerShell\v1.0\;C:\Windows\System32\OpenSSH\;C:\Program Files (x86)\NVIDIA Corporation\PhysX\Common;C:\Program Files (x86)\Intel\Intel(R) Management Engine Components\DAL;C:\Program Files\Intel\Intel(R) Management Engine Components\DAL;C:\Program Files (x86)\Intel\Intel(R) Management Engine Components\IPT;C:\Program Files\Intel\Intel(R) Management Engine Components\IPT;C:\Program Files\Intel\WiFi\bin\;C:\Program Files\Common Files\Intel\WirelessCommon\;C:\WINDOWS\system32;C:\WINDOWS;C:\WINDOWS\System32\Wbem;C:\WINDOWS\System32\WindowsPowerShell\v1.0\;C:\WINDOWS\System32\OpenSSH\;C:\Program Files\TortoiseSVN\bin;C:\Program Files\Git\cmd;C:\Program Files\NVIDIA Corporation\Nsight Compute 2020.3.1\;C:\Program Files\NVIDIA Corporation\NVIDIA NvDLISR;C:\Program Files\MATLAB\R2021a\bin;C;C:\Users\Artelnics\AppData\Local\Microsoft\WindowsApps;C:\Users\Artelnics\AppData\Local\Programs\Microsoft VS Code\bin;C:\Users\Artelnics\AppData\Local\GitHubDesktop\bin;C:\Users\Artelnics\AppData\Local\Programs\MiKTeX\miktex\bin\x64\
326 [21068] INFO perfrun.launcher <> - set environment variable: INTEL_LIBITTNOTIFY32 = C:\Program Files (x86)\Intel\oneAPI\vtune\2021.5.0\bin32\runtime\ittnotify_collector.dll
326 [21068] INFO perfrun.launcher <> - set environment variable: INTEL_LIBITTNOTIFY64 = C:\Program Files (x86)\Intel\oneAPI\vtune\2021.5.0\bin64\runtime\ittnotify_collector.dll
326 [21068] INFO perfrun.launcher <> - set environment variable: INTEL_ITTNOTIFY_GROUPS = 
326 [21068] INFO perfrun.launcher <> - set environment variable: INTEL_JIT_PROFILER32 = C:\Program Files (x86)\Intel\oneAPI\vtune\2021.5.0\bin32\runtime\ittnotify_collector.dll
326 [21068] INFO perfrun.launcher <> - set environment variable: INTEL_JIT_PROFILER64 = C:\Program Files (x86)\Intel\oneAPI\vtune\2021.5.0\bin64\runtime\ittnotify_collector.dll
326 [21068] INFO perfrun.launcher <> - set environment variable: VS_PROFILER = ittnotify_collector.dll
326 [21068] INFO perfrun.launcher <> - set environment variable: OMP_TOOL_LIBRARIES = C:\Program Files (x86)\Intel\oneAPI\vtune\2021.5.0\bin32\runtime\ittnotify_collector.dll;C:\Program Files (x86)\Intel\oneAPI\vtune\2021.5.0\bin64\runtime\ittnotify_collector.dll
326 [21068] INFO perfrun.launcher <> - set environment variable: ENABLE_JITPROFILING = 1
327 [21068] INFO perfrun.launcher <> - set environment variable: CL_CONFIG_USE_VTUNE = True
327 [21068] INFO perfrun.launcher <> - set environment variable: KMP_FORKJOIN_FRAMES = 0
327 [21068] INFO perfrun.launcher <> - set environment variable: KMP_FORKJOIN_FRAMES_MODE = 0
327 [21068] INFO perfrun.launcher <> - set environment variable: OMP_TOOL = disabled
327 [21068] INFO perfrun.launcher <> - set environment variable: INTEL_MRTE_DATA_DIR = D:\opennn\examples\pima_indians_diabetes\VTune Profiler Results\pima_indians_diabetes\r000ps\data.0
327 [21068] INFO perfrun.launcher <> - set environment variable: INTEL_MRTE_HOST_NAME = DESKTOP-5PN25MA
327 [21068] INFO perfrun.launcher <> - set environment variable: JAVA_TOOL_OPTIONS = -agentlib:amplxe_tpssmrte_javaprof_1.0
327 [21068] INFO perfrun.launcher <> - set environment variable: COR_ENABLE_PROFILING = 1
327 [21068] INFO perfrun.launcher <> - set environment variable: COR_PROFILER = {2603158F-60BC-4915-9795-D85FC7A9A2C8}
328 [21068] INFO perfrun.launcher <> - set environment variable: COMPLUS_ProfAPI_ProfilerCompatibilitySetting = EnableV2Profiler
328 [21068] INFO perfrun.launcher <> - set environment variable: CORECLR_ENABLE_PROFILING = 1
328 [21068] INFO perfrun.launcher <> - set environment variable: CORECLR_PROFILER = {2603158F-60BC-4915-9795-D85FC7A9A2C8}
328 [21068] INFO perfrun.launcher <> - set environment variable: CORECLR_PROFILER_PATH = C:\Program Files (x86)\Intel\oneAPI\vtune\2021.5.0\bin64/amplxe_tpssmrte_clrprof_1.0.dll
328 [21068] INFO perfrun.launcher <> - set environment variable: INTEL_MRTE_PROFILER_MODE = mixed
328 [21068] INFO perfrun.launcher <> - RpcServer: run RPC server to handle requests
331 [21068] INFO perfrun.sdk <> - IProcessUtil: the given executable 'D:\opennn-build\x64\Release\pima_indians_diabetes.exe' is valid.
331 [21068] INFO perfrun.launcher <> - Launcher: command line to start before modification = D:\opennn-build\x64\Release\pima_indians_diabetes.exe
334 [21068] INFO perfrun.launcher <> - Launcher: command line to start after modification = C:\Program Files (x86)\Intel\oneAPI\vtune\2021.5.0\bin64\pin.exe -error_file D:\opennn\examples\pima_indians_diabetes\VTune Profiler Results\pima_indians_diabetes\r000ps\data.0\pinerr.tpsslog -detach_reattach -probe -follow_execv -p32 C:\Program Files (x86)\Intel\oneAPI\vtune\2021.5.0\bin32\pin.exe -p64 C:\Program Files (x86)\Intel\oneAPI\vtune\2021.5.0\bin64\pin.exe -t64 C:\Program Files (x86)\Intel\oneAPI\vtune\2021.5.0\bin64\tpsstool.dll -t C:\Program Files (x86)\Intel\oneAPI\vtune\2021.5.0\bin32\tpsstool.dll -server_name tpss_ipc.21160 -prd_dir C:\Program Files (x86)\Intel\oneAPI\vtune\2021.5.0 -- D:\opennn-build\x64\Release\pima_indians_diabetes.exe
334 [21068] INFO perfrun.launcher <> - ProcessCreator object was created
351 [21068] INFO perfrun.launcher <> - Launcher: the process was started in suspend mode
351 [17504] INFO perfrun.itt <> - start itt controller for pid #16224
352 [17504] INFO perfrun.tpss <> - start tpss controller for pid #16224
409 [21068] INFO perfrun.launcher <> - Launcher: all plugins were started
409 [21068] INFO perfrun.launcher <> - DirectoryMonitor object was created
409 [21068] INFO perfrun.launcher <> - DirectoryMonitor: a callback was added
409 [21068] INFO perfrun.launcher <> - DirectoryMonitor was started with pingTime = 1000
410 [21068] INFO perfrun.launcher <> - DeadlineTimer is going to be constructed
410 [21068] INFO perfrun.launcher <> - DeadlineTimer: a callback was added
429 [21068] INFO perfrun.launcher <> - Launcher: resume the profiled application and  wait its termination or stop command
862 [21068] WARN perfrun.sdk <> - Unexpected exit status - 1, at file: C:\BB\INNLphep2w6r\b\tmpge0ywg\vcs\perfrun1\sdk\src\utils_win.cpp:559
862 [21068] INFO perfrun.launcher <> - Launcher: the profiled application was terminated  with exit code = 1
874 [17504] INFO perfrun.itt <> - stop itt controller
874 [17504] INFO perfrun.itt <> - detach itt controller
874 [17504] INFO perfrun.tpss <> - stop tpss controller
874 [17504] INFO perfrun.sdk <> - De-allocating TMU: D:\opennn\examples\pima_indians_diabetes\VTune Profiler Results\pima_indians_diabetes\r000ps\data.0\systemcollector-21160-DESKTOP-5PN25MA.sc
890 [17504] INFO perfrun.system <> - closed the system trace file: D:\opennn\examples\pima_indians_diabetes\VTune Profiler Results\pima_indians_diabetes\r000ps\data.0\systemcollector-21160-DESKTOP-5PN25MA.sc
890 [21068] INFO perfrun.launcher <> - Launcher: all plugins were stopped.
890 [21068] INFO perfrun.launcher <> - DeadlineTimer is going to be destroyed
890 [21068] INFO perfrun.launcher <> - DeadlineTimer was destroyed
890 [21068] INFO perfrun.launcher <> - DirectoryMonitor object was destroyed
891 [21068] WARN perfrun.launcher <> - Stop command is ignored because it is received when collection is already stopped, at file: C:\BB\INNLphep2w6r\b\tmpge0ywg\vcs\perfrun1\launcher\src\command_handler.cpp:212
891 [21068] INFO perfrun.launcher <> - Application exit code: 1
891 [21068] INFO perfrun.launcher <> - Exit code: 4
