c:\users\roberto lopez\documents\gitlab\opennn\opennn\release\adaptive_moment_estimation.obj
c:\users\roberto lopez\documents\gitlab\opennn\opennn\release\addition_layer.obj
c:\users\roberto lopez\documents\gitlab\opennn\opennn\release\auto_association_data_set.obj
c:\users\roberto lopez\documents\gitlab\opennn\opennn\release\auto_associative_neural_network.obj
c:\users\roberto lopez\documents\gitlab\opennn\opennn\release\bounding_box.obj
c:\users\roberto lopez\documents\gitlab\opennn\opennn\release\bounding_box_regressor_layer.obj
c:\users\roberto lopez\documents\gitlab\opennn\opennn\release\bounding_layer.obj
c:\users\roberto lopez\documents\gitlab\opennn\opennn\release\codification.obj
c:\users\roberto lopez\documents\gitlab\opennn\opennn\release\concatenation_layer.obj
c:\users\roberto lopez\documents\gitlab\opennn\opennn\release\conjugate_gradient.obj
c:\users\roberto lopez\documents\gitlab\opennn\opennn\release\convolutional_layer.obj
c:\users\roberto lopez\documents\gitlab\opennn\opennn\release\correlations.obj
c:\users\roberto lopez\documents\gitlab\opennn\opennn\release\cross_entropy_error.obj
c:\users\roberto lopez\documents\gitlab\opennn\opennn\release\data_set.obj
c:\users\roberto lopez\documents\gitlab\opennn\opennn\release\data_set_batch.obj
c:\users\roberto lopez\documents\gitlab\opennn\opennn\release\flatten_layer.obj
c:\users\roberto lopez\documents\gitlab\opennn\opennn\release\genetic_algorithm.obj
c:\users\roberto lopez\documents\gitlab\opennn\opennn\release\gradient_descent.obj
c:\users\roberto lopez\documents\gitlab\opennn\opennn\release\growing_inputs.obj
c:\users\roberto lopez\documents\gitlab\opennn\opennn\release\growing_neurons.obj
c:\users\roberto lopez\documents\gitlab\opennn\opennn\release\image_data_set.obj
c:\users\roberto lopez\documents\gitlab\opennn\opennn\release\inputs_selection.obj
c:\users\roberto lopez\documents\gitlab\opennn\opennn\release\kmeans.obj
c:\users\roberto lopez\documents\gitlab\opennn\opennn\release\language_data_set.obj
c:\users\roberto lopez\documents\gitlab\opennn\opennn\release\layer.obj
c:\users\roberto lopez\documents\gitlab\opennn\opennn\release\learning_rate_algorithm.obj
c:\users\roberto lopez\documents\gitlab\opennn\opennn\release\levenberg_marquardt_algorithm.obj
c:\users\roberto lopez\documents\gitlab\opennn\opennn\release\long_short_term_memory_layer.obj
c:\users\roberto lopez\documents\gitlab\opennn\opennn\release\loss_index.obj
c:\users\roberto lopez\documents\gitlab\opennn\opennn\release\mean_squared_error.obj
c:\users\roberto lopez\documents\gitlab\opennn\opennn\release\minkowski_error.obj
c:\users\roberto lopez\documents\gitlab\opennn\opennn\release\model_selection.obj
c:\users\roberto lopez\documents\gitlab\opennn\opennn\release\neural_network.obj
c:\users\roberto lopez\documents\gitlab\opennn\opennn\release\neurons_selection.obj
c:\users\roberto lopez\documents\gitlab\opennn\opennn\release\non_max_suppression_layer.obj
c:\users\roberto lopez\documents\gitlab\opennn\opennn\release\normalized_squared_error.obj
c:\users\roberto lopez\documents\gitlab\opennn\opennn\release\numerical_differentiation.obj
c:\users\roberto lopez\documents\gitlab\opennn\opennn\release\opennn_images.obj
c:\users\roberto lopez\documents\gitlab\opennn\opennn\release\opennn_strings.obj
c:\users\roberto lopez\documents\gitlab\opennn\opennn\release\optimization_algorithm.obj
c:\users\roberto lopez\documents\gitlab\opennn\opennn\release\perceptron_layer.obj
c:\users\roberto lopez\documents\gitlab\opennn\opennn\release\pooling_layer.obj
c:\users\roberto lopez\documents\gitlab\opennn\opennn\release\probabilistic_layer.obj
c:\users\roberto lopez\documents\gitlab\opennn\opennn\release\quasi_newton_method.obj
c:\users\roberto lopez\documents\gitlab\opennn\opennn\release\recurrent_layer.obj
c:\users\roberto lopez\documents\gitlab\opennn\opennn\release\region_based_object_detector.obj
c:\users\roberto lopez\documents\gitlab\opennn\opennn\release\resnet50.obj
c:\users\roberto lopez\documents\gitlab\opennn\opennn\release\response_optimization.obj
c:\users\roberto lopez\documents\gitlab\opennn\opennn\release\scaling.obj
c:\users\roberto lopez\documents\gitlab\opennn\opennn\release\scaling_layer_2d.obj
c:\users\roberto lopez\documents\gitlab\opennn\opennn\release\scaling_layer_4d.obj
c:\users\roberto lopez\documents\gitlab\opennn\opennn\release\statistics.obj
c:\users\roberto lopez\documents\gitlab\opennn\opennn\release\stochastic_gradient_descent.obj
c:\users\roberto lopez\documents\gitlab\opennn\opennn\release\sum_squared_error.obj
c:\users\roberto lopez\documents\gitlab\opennn\opennn\release\tensor_utilities.obj
c:\users\roberto lopez\documents\gitlab\opennn\opennn\release\testing_analysis.obj
c:\users\roberto lopez\documents\gitlab\opennn\opennn\release\text_analytics.obj
c:\users\roberto lopez\documents\gitlab\opennn\opennn\release\text_data_set.obj
c:\users\roberto lopez\documents\gitlab\opennn\opennn\release\time_series_data_set.obj
c:\users\roberto lopez\documents\gitlab\opennn\opennn\release\tinyxml2.obj
c:\users\roberto lopez\documents\gitlab\opennn\opennn\release\training_strategy.obj
c:\users\roberto lopez\documents\gitlab\opennn\opennn\release\unit_testing.obj
c:\users\roberto lopez\documents\gitlab\opennn\opennn\release\unscaling_layer.obj
c:\users\roberto lopez\documents\gitlab\opennn\opennn\release\vgg16.obj
c:\users\roberto lopez\documents\gitlab\opennn\opennn\release\weighted_squared_error.obj
c:\users\roberto lopez\documents\gitlab\opennn\opennn\release\opennn.lib
