73 [1180] INFO perfrun.launcher <> - Launcher main begin
77 [1180] INFO perfrun.launcher <> - MessageCatalogInit finished
77 [1180] INFO perfrun.launcher <> - Launcher instance created
78 [1180] INFO perfrun.launcher <> - argc = 7; cmdline = C:\Program Files (x86)\Intel\oneAPI\vtune\2022.2.0\bin64\amplxe-runss.exe --ui-output-format xml --ui-output-fd 1056 --option-file C:\Users\rodrigo ingelmo\Documents\opennn\examples\rosenbrock\VTune Profiler Results\rosenbrock\r002hs\config\runss.options 
86 [1180] INFO perfrun.launcher <> - New signal handler callback was added
152 [1180] INFO perfrun.launcher <> - create msngr2::ICliToolContext
153 [1180] INFO perfrun.launcher <> - create file finder object
153 [1180] INFO perfrun.launcher <> - create a result directory: pattern = C:\Users\rodrigo ingelmo\Documents\opennn\examples\rosenbrock\VTune Profiler Results\rosenbrock\r002hs pid = 4294967295
157 [1180] INFO perfrun.launcher <> - create data directory = C:\Users\rodrigo ingelmo\Documents\opennn\examples\rosenbrock\VTune Profiler Results\rosenbrock\r002hs\data.0
158 [1180] INFO perfrun.launcher <> - Creating the master collection flag
164 [1180] INFO perfrun.launcher <> - Done creating the master collection flag
165 [9912] INFO perfrun.launcher <> - plugin [remoteplug] was disabled because it doesn't support the given collection type.
166 [9912] INFO perfrun.sdk <> - Allocating TMU :C:\Users\rodrigo ingelmo\Documents\opennn\examples\rosenbrock\VTune Profiler Results\rosenbrock\r002hs\data.0\systemcollector-19256-DESKTOP-SDJERHP.sc
167 [9912] INFO perfrun.launcher <> - plugin [] was disabled because it doesn't support the given collection type.
169 [9912] INFO perfrun.launcher <> - plugin [] was disabled because it doesn't support the given collection type.
170 [9912] INFO perfrun.launcher <> - plugin [gpu] was disabled because it doesn't support the given collection type.
170 [9912] INFO perfrun.launcher <> - plugin [etw.kernel] was disabled because it doesn't support the given collection type.
170 [9912] INFO perfrun.launcher <> - plugin [etw.dx] was disabled because it doesn't support the given collection type.
170 [9912] INFO perfrun.launcher <> - plugin [etw.wsa] was disabled because it doesn't support the given collection type.
170 [9912] INFO perfrun.mrte <> - system-wide mode is 0
171 [9912] INFO perfrun.mrte <> - Getting  mrte profiling environment ...
235 [9912] INFO perfrun.mrte <> - INTEL_MRTE_DATA_DIR=C:\Users\rodrigo ingelmo\Documents\opennn\examples\rosenbrock\VTune Profiler Results\rosenbrock\r002hs\data.0
235 [9912] INFO perfrun.mrte <> - INTEL_MRTE_HOST_NAME=DESKTOP-SDJERHP
235 [9912] INFO perfrun.mrte <> - JAVA_TOOL_OPTIONS=-agentlib:amplxe_tpssmrte_javaprof_1.0
235 [9912] INFO perfrun.mrte <> - PATH=C:\Program Files (x86)\Intel\oneAPI\vtune\2022.2.0\bin32\runtime;C:\Program Files (x86)\Intel\oneAPI\vtune\2022.2.0\bin64\runtime;;C:\Program Files (x86)\Intel\oneAPI\mkl\2022.1.0\redist\intel64;C:\Program Files (x86)\Intel\oneAPI\tbb\latest\redist\intel64\vc_mt\;C:\Program Files (x86)\Intel\oneAPI\tbb\latest\redist\ia32\vc_mt\;C:\Program Files (x86)\Intel\oneAPI\compiler\latest\windows\redist\intel64_win\compiler;C:\Program Files (x86)\Intel\oneAPI\compiler\latest\windows\redist\ia32_win\compiler;C:\Program Files\Eclipse Adoptium\jre-8.0.345.1-hotspot\bin;C:\Program Files\Eclipse Adoptium\jre-17.0.4.8-hotspot\bin;C:\Program Files\Eclipse Adoptium\jre-11.0.16.8-hotspot\bin;C:\Program Files (x86)\Eclipse Adoptium\jre-8.0.345.1-hotspot\bin;C:\Windows\system32;C:\Windows;C:\Windows\System32\Wbem;C:\Windows\System32\WindowsPowerShell\v1.0\;C:\Windows\System32\OpenSSH\;C:\Users\Usuario\AppData\Local\Microsoft\WindowsApps
236 [9912] INFO perfrun.mrte <> - COR_ENABLE_PROFILING=1
236 [9912] INFO perfrun.mrte <> - COR_PROFILER={AA5E4821-E3B1-479c-B7FF-5AD047D22CED}
236 [9912] INFO perfrun.mrte <> - COMPLUS_ProfAPI_ProfilerCompatibilitySetting=EnableV2Profiler
236 [9912] INFO perfrun.mrte <> - CORECLR_ENABLE_PROFILING=1
236 [9912] INFO perfrun.mrte <> - CORECLR_PROFILER={AA5E4821-E3B1-479c-B7FF-5AD047D22CED}
236 [9912] INFO perfrun.mrte <> - CORECLR_PROFILER_PATH=C:\Program Files (x86)\Intel\oneAPI\vtune\2022.2.0\bin64/amplxe_samplingmrte_clrprof_1.0.dll
236 [9912] INFO perfrun.mrte <> - INTEL_MRTE_PROFILER_MODE=mixed
236 [9912] INFO perfrun.mrte <> - Data directory: C:\Users\rodrigo ingelmo\Documents\opennn\examples\rosenbrock\VTune Profiler Results\rosenbrock\r002hs\data.0
236 [9912] INFO perfrun.mrte <> - Mrte plugin is initialized
237 [9912] INFO perfrun.sdk <> - runCmd: "C:\Program Files (x86)\Intel\oneAPI\vtune\2022.2.0\bin64\emon.exe" -v
243 [9912] INFO perfrun.sdk <> - runCmd started PID 24316
365 [9912] INFO perfrun.emon <> - Extracted TSC Frequency = 2.496e+09 from emon -v
366 [9912] INFO perfrun.metrics <> - Identified PMU type as undefined
367 [9912] INFO perfrun.launcher <> - plugin [cuscol] was disabled because it doesn't support the given collection type.
367 [9912] INFO perfrun.launcher <> - plugin [stdsrc] was disabled because it doesn't support the given collection type.
367 [9912] INFO perfrun.launcher <> - plugin [sep] was disabled because it doesn't support the given collection type.
367 [9912] INFO perfrun.launcher <> - plugin [vtsspp] was disabled because it doesn't support the given collection type.
367 [9912] INFO perfrun.launcher <> - plugin [] was disabled because it doesn't support the given collection type.
367 [9912] INFO perfrun.launcher <> - plugin [aoclprofile] was disabled because it doesn't support the given collection type.
368 [9912] INFO perfrun.tpss <> - initialize tpss controller
368 [9912] INFO perfrun.tpss <> - configure collection mode: value = cpu:counters:nostack
369 [9912] INFO perfrun.tpss <> - configure collection mode: value = cpu:stack
369 [9912] INFO perfrun.tpss <> - default obj-size-min=1024
369 [9912] INFO perfrun.tpss <> - default hash-table-size=0
370 [9912] INFO perfrun.launcher <> - plugin [] was disabled because it doesn't support the given collection type.
370 [9912] INFO perfrun.launcher <> - plugin [] was disabled because it doesn't support the given collection type.
370 [9912] INFO perfrun.launcher <> - plugin [] was disabled because it doesn't support the given collection type.
370 [9912] INFO perfrun.launcher <> - plugin [] was disabled because it doesn't support the given collection type.
370 [9912] INFO perfrun.launcher <> - plugin [power] was disabled because it doesn't support the given collection type.
370 [9912] INFO perfrun.launcher <> - plugin [hwloc] was disabled because it doesn't support the given collection type.
370 [9912] INFO perfrun.launcher <> - plugin [ipmwatch] was disabled because it doesn't support the given collection type.
370 [9912] INFO perfrun.launcher <> - plugin [os_counters] was disabled because it doesn't support the given collection type.
370 [9912] INFO perfrun.launcher <> - plugin [l0_metrics] was disabled because it doesn't support the given collection type.
370 [1180] INFO perfrun.launcher <> - set environment variable: PATH = C:\Program Files (x86)\Intel\oneAPI\vtune\2022.2.0\bin32\runtime;C:\Program Files (x86)\Intel\oneAPI\vtune\2022.2.0\bin64\runtime;;C:\Program Files (x86)\Intel\oneAPI\mkl\2022.1.0\redist\intel64;C:\Program Files (x86)\Intel\oneAPI\tbb\latest\redist\intel64\vc_mt\;C:\Program Files (x86)\Intel\oneAPI\tbb\latest\redist\ia32\vc_mt\;C:\Program Files (x86)\Intel\oneAPI\compiler\latest\windows\redist\intel64_win\compiler;C:\Program Files (x86)\Intel\oneAPI\compiler\latest\windows\redist\ia32_win\compiler;C:\Program Files\Eclipse Adoptium\jre-8.0.345.1-hotspot\bin;C:\Program Files\Eclipse Adoptium\jre-17.0.4.8-hotspot\bin;C:\Program Files\Eclipse Adoptium\jre-11.0.16.8-hotspot\bin;C:\Program Files (x86)\Eclipse Adoptium\jre-8.0.345.1-hotspot\bin;C:\Windows\system32;C:\Windows;C:\Windows\System32\Wbem;C:\Windows\System32\WindowsPowerShell\v1.0\;C:\Windows\System32\OpenSSH\;C:\Users\Usuario\AppData\Local\Microsoft\WindowsApps
370 [1180] INFO perfrun.launcher <> - set environment variable: INTEL_LIBITTNOTIFY32 = C:\Program Files (x86)\Intel\oneAPI\vtune\2022.2.0\bin32\runtime\ittnotify_collector.dll
370 [1180] INFO perfrun.launcher <> - set environment variable: INTEL_LIBITTNOTIFY64 = C:\Program Files (x86)\Intel\oneAPI\vtune\2022.2.0\bin64\runtime\ittnotify_collector.dll
371 [1180] INFO perfrun.launcher <> - set environment variable: INTEL_ITTNOTIFY_GROUPS = 
371 [1180] INFO perfrun.launcher <> - set environment variable: INTEL_JIT_PROFILER32 = C:\Program Files (x86)\Intel\oneAPI\vtune\2022.2.0\bin32\runtime\ittnotify_collector.dll
371 [1180] INFO perfrun.launcher <> - set environment variable: INTEL_JIT_PROFILER64 = C:\Program Files (x86)\Intel\oneAPI\vtune\2022.2.0\bin64\runtime\ittnotify_collector.dll
371 [1180] INFO perfrun.launcher <> - set environment variable: VS_PROFILER = ittnotify_collector.dll
371 [1180] INFO perfrun.launcher <> - set environment variable: OMP_TOOL_LIBRARIES = C:\Program Files (x86)\Intel\oneAPI\vtune\2022.2.0\bin32\runtime\ittnotify_collector.dll;C:\Program Files (x86)\Intel\oneAPI\vtune\2022.2.0\bin64\runtime\ittnotify_collector.dll
371 [1180] INFO perfrun.launcher <> - set environment variable: ENABLE_JITPROFILING = 1
371 [1180] INFO perfrun.launcher <> - set environment variable: CL_CONFIG_USE_VTUNE = True
371 [1180] INFO perfrun.launcher <> - set environment variable: KMP_FORKJOIN_FRAMES = 0
371 [1180] INFO perfrun.launcher <> - set environment variable: KMP_FORKJOIN_FRAMES_MODE = 0
371 [1180] INFO perfrun.launcher <> - set environment variable: OMP_TOOL = disabled
371 [1180] INFO perfrun.launcher <> - set environment variable: INTEL_MRTE_DATA_DIR = C:\Users\rodrigo ingelmo\Documents\opennn\examples\rosenbrock\VTune Profiler Results\rosenbrock\r002hs\data.0
371 [1180] INFO perfrun.launcher <> - set environment variable: INTEL_MRTE_HOST_NAME = DESKTOP-SDJERHP
371 [1180] INFO perfrun.launcher <> - set environment variable: JAVA_TOOL_OPTIONS = -agentlib:amplxe_tpssmrte_javaprof_1.0
371 [1180] INFO perfrun.launcher <> - set environment variable: PATH = C:\Program Files (x86)\Intel\oneAPI\vtune\2022.2.0\bin32\runtime;C:\Program Files (x86)\Intel\oneAPI\vtune\2022.2.0\bin64\runtime;;C:\Program Files (x86)\Intel\oneAPI\mkl\2022.1.0\redist\intel64;C:\Program Files (x86)\Intel\oneAPI\tbb\latest\redist\intel64\vc_mt\;C:\Program Files (x86)\Intel\oneAPI\tbb\latest\redist\ia32\vc_mt\;C:\Program Files (x86)\Intel\oneAPI\compiler\latest\windows\redist\intel64_win\compiler;C:\Program Files (x86)\Intel\oneAPI\compiler\latest\windows\redist\ia32_win\compiler;C:\Program Files\Eclipse Adoptium\jre-8.0.345.1-hotspot\bin;C:\Program Files\Eclipse Adoptium\jre-17.0.4.8-hotspot\bin;C:\Program Files\Eclipse Adoptium\jre-11.0.16.8-hotspot\bin;C:\Program Files (x86)\Eclipse Adoptium\jre-8.0.345.1-hotspot\bin;C:\Windows\system32;C:\Windows;C:\Windows\System32\Wbem;C:\Windows\System32\WindowsPowerShell\v1.0\;C:\Windows\System32\OpenSSH\;C:\Users\Usuario\AppData\Local\Microsoft\WindowsApps
371 [1180] INFO perfrun.launcher <> - set environment variable: COR_ENABLE_PROFILING = 1
371 [1180] INFO perfrun.launcher <> - set environment variable: COR_PROFILER = {AA5E4821-E3B1-479c-B7FF-5AD047D22CED}
371 [1180] INFO perfrun.launcher <> - set environment variable: COMPLUS_ProfAPI_ProfilerCompatibilitySetting = EnableV2Profiler
371 [1180] INFO perfrun.launcher <> - set environment variable: CORECLR_ENABLE_PROFILING = 1
371 [1180] INFO perfrun.launcher <> - set environment variable: CORECLR_PROFILER = {AA5E4821-E3B1-479c-B7FF-5AD047D22CED}
371 [1180] INFO perfrun.launcher <> - set environment variable: CORECLR_PROFILER_PATH = C:\Program Files (x86)\Intel\oneAPI\vtune\2022.2.0\bin64/amplxe_samplingmrte_clrprof_1.0.dll
371 [1180] INFO perfrun.launcher <> - set environment variable: INTEL_MRTE_PROFILER_MODE = mixed
372 [1180] INFO perfrun.launcher <> - RpcServer: run RPC server to handle requests
375 [1180] INFO perfrun.sdk <> - IProcessUtil: the given executable 'C:\Users\rodrigo ingelmo\Documents\opennn\examples\rosenbrock\bin\rosenbrock.exe' is valid.
375 [1180] INFO perfrun.launcher <> - Launcher: command line to start before modification = C:\Users\rodrigo ingelmo\Documents\opennn\examples\rosenbrock\bin\rosenbrock.exe
377 [1180] INFO perfrun.launcher <> - Launcher: command line to start after modification = C:\Program Files (x86)\Intel\oneAPI\vtune\2022.2.0\bin64\pin.exe -error_file C:\Users\rodrigo ingelmo\Documents\opennn\examples\rosenbrock\VTune Profiler Results\rosenbrock\r002hs\data.0\pinerr.tpsslog -detach_reattach -probe -follow_execv -p32 C:\Program Files (x86)\Intel\oneAPI\vtune\2022.2.0\bin32\pin.exe -p64 C:\Program Files (x86)\Intel\oneAPI\vtune\2022.2.0\bin64\pin.exe -t64 C:\Program Files (x86)\Intel\oneAPI\vtune\2022.2.0\bin64\tpsstool.dll -t C:\Program Files (x86)\Intel\oneAPI\vtune\2022.2.0\bin32\tpsstool.dll -server_name tpss_ipc.19256 -prd_dir C:\Program Files (x86)\Intel\oneAPI\vtune\2022.2.0 -- C:\Users\rodrigo ingelmo\Documents\opennn\examples\rosenbrock\bin\rosenbrock.exe
378 [1180] INFO perfrun.launcher <> - ProcessCreator object was created
385 [1180] INFO perfrun.launcher <> - Launcher: the process was started in suspend mode
386 [9912] INFO perfrun.itt <> - start itt controller for pid #21932
388 [9912] INFO perfrun.sdk <> - runCmd: "C:\Program Files (x86)\Intel\oneAPI\vtune\2022.2.0\bin64\emon.exe" -M
393 [9912] INFO perfrun.sdk <> - runCmd started PID 1868
433 [9912] INFO perfrun.sdk <> - runCmd: "C:\Program Files (x86)\Intel\oneAPI\vtune\2022.2.0\bin64\emon.exe" -v
438 [9912] INFO perfrun.sdk <> - runCmd started PID 5460
487 [9912] INFO perfrun.sdk <> - runCmd: "C:\Program Files (x86)\Intel\oneAPI\vtune\2022.2.0\bin64\sep.exe" -dry-run -ec CPU_CLK_UNHALTED.THREAD,CPU_CLK_UNHALTED.REF_TSC:sample:sa=2500000,INST_RETIRED.ANY:sample:sa=2500000,CPU_CLK_UNHALTED.DISTRIBUTED,FP_ARITH_INST_RETIRED.SCALAR_SINGLE,FP_ARITH_INST_RETIRED.128B_PACKED_SINGLE,FP_ARITH_INST_RETIRED.256B_PACKED_SINGLE,FP_ARITH_INST_RETIRED.SCALAR_DOUBLE,FP_ARITH_INST_RETIRED.128B_PACKED_DOUBLE,FP_ARITH_INST_RETIRED.256B_PACKED_DOUBLE,UOPS_EXECUTED.X87,UOPS_RETIRED.SLOTS,UOPS_EXECUTED.THREAD,FP_ARITH_INST_RETIRED.512B_PACKED_DOUBLE,FP_ARITH_INST_RETIRED.512B_PACKED_SINGLE,TOPDOWN.SLOTS:perf_metrics:sa=2000003 -experimental
496 [9912] INFO perfrun.sdk <> - runCmd started PID 21968
554 [9912] INFO perfrun.emon <> - Spawned collector thread
554 [13780] INFO perfrun.sdk <> - runCmd: "C:\Program Files (x86)\Intel\oneAPI\vtune\2022.2.0\bin64\emon.exe" -u -t 0.050 -l0 -C CPU_CLK_UNHALTED.DISTRIBUTED,CPU_CLK_UNHALTED.REF_TSC,CPU_CLK_UNHALTED.THREAD,FP_ARITH_INST_RETIRED.128B_PACKED_DOUBLE,FP_ARITH_INST_RETIRED.128B_PACKED_SINGLE,FP_ARITH_INST_RETIRED.256B_PACKED_DOUBLE,FP_ARITH_INST_RETIRED.256B_PACKED_SINGLE,FP_ARITH_INST_RETIRED.512B_PACKED_DOUBLE,FP_ARITH_INST_RETIRED.512B_PACKED_SINGLE,FP_ARITH_INST_RETIRED.SCALAR_DOUBLE,FP_ARITH_INST_RETIRED.SCALAR_SINGLE,INST_RETIRED.ANY,TOPDOWN.SLOTS:perf_metrics,UOPS_EXECUTED.THREAD,UOPS_EXECUTED.X87,UOPS_RETIRED.SLOTS -experimental
559 [13780] INFO perfrun.sdk <> - runCmd started PID 5220
850 [9912] INFO perfrun.tpss <> - start tpss controller for pid #21932
910 [1180] INFO perfrun.launcher <> - Launcher: all plugins were started
911 [1180] INFO perfrun.launcher <> - DirectoryMonitor object was created
911 [1180] INFO perfrun.launcher <> - DirectoryMonitor: a callback was added
911 [1180] INFO perfrun.launcher <> - DirectoryMonitor was started with pingTime = 1000
911 [1180] INFO perfrun.launcher <> - DeadlineTimer is going to be constructed
913 [1180] INFO perfrun.launcher <> - DeadlineTimer: a callback was added
923 [1180] INFO perfrun.launcher <> - Launcher: resume the profiled application and  wait its termination or stop command
13377 [1180] INFO perfrun.launcher <> - Launcher: the profiled application was terminated  with exit code = 0
13470 [9912] INFO perfrun.itt <> - detach itt controller
13470 [9912] INFO perfrun.itt <> - detach itt controller done
13470 [9912] INFO perfrun.sdk <> - runCmd: "C:\Program Files (x86)\Intel\oneAPI\vtune\2022.2.0\bin64\emon.exe" -stop
13483 [9912] INFO perfrun.sdk <> - runCmd started PID 23132
13688 [9912] INFO perfrun.emon <> - EMON collector successfully stopped.

13688 [13780] WARN perfrun.emon_output <> - TimeKeeper: the time is being asked while the time keeper object is armed. This may mean that the time for the last group is getting reused as the time for this group
13688 [13780] INFO perfrun.emon_output <> - Collector process exited successfully
13688 [9912] INFO perfrun.tpss <> - stop tpss controller
13699 [9912] INFO perfrun.sdk <> - De-allocating TMU: C:\Users\rodrigo ingelmo\Documents\opennn\examples\rosenbrock\VTune Profiler Results\rosenbrock\r002hs\data.0\systemcollector-19256-DESKTOP-SDJERHP.sc
13712 [9912] INFO perfrun.system <> - closed the system trace file: C:\Users\rodrigo ingelmo\Documents\opennn\examples\rosenbrock\VTune Profiler Results\rosenbrock\r002hs\data.0\systemcollector-19256-DESKTOP-SDJERHP.sc
13712 [1180] INFO perfrun.launcher <> - Launcher: all plugins were stopped.
13712 [1180] INFO perfrun.launcher <> - DeadlineTimer is going to be destroyed
13712 [1180] INFO perfrun.launcher <> - DeadlineTimer was destroyed
13713 [1180] INFO perfrun.launcher <> - DirectoryMonitor object was destroyed
13713 [1180] WARN perfrun.launcher <> - Stop command is ignored because it is received when collection is already stopped, at file: C:\BB\INNLphep2w6r\b\tmpraubik\vcs\perfrun1\launcher\src\command_handler.cpp:226
13718 [1180] INFO perfrun.launcher <> - Application exit code: 0
13718 [1180] INFO perfrun.launcher <> - Exit code: 0
