64 [13604] INFO perfrun.launcher <> - Launcher main begin
67 [13604] INFO perfrun.launcher <> - MessageCatalogInit finished
67 [13604] INFO perfrun.launcher <> - Launcher instance created
67 [13604] INFO perfrun.launcher <> - argc = 7; cmdline = C:\Program Files (x86)\Intel\oneAPI\vtune\2022.2.0\bin64\amplxe-runss.exe --ui-output-format xml --ui-output-fd 1072 --option-file C:\Users\rodrigo ingelmo\Documents\opennn\examples\rosenbrock\VTune Profiler Results\rosenbrock\r000ps\config\runss.options 
75 [13604] INFO perfrun.launcher <> - New signal handler callback was added
126 [13604] INFO perfrun.launcher <> - create msngr2::ICliToolContext
126 [13604] INFO perfrun.launcher <> - create file finder object
127 [13604] INFO perfrun.launcher <> - create a result directory: pattern = C:\Users\rodrigo ingelmo\Documents\opennn\examples\rosenbrock\VTune Profiler Results\rosenbrock\r000ps pid = 4294967295
130 [13604] INFO perfrun.launcher <> - create data directory = C:\Users\rodrigo ingelmo\Documents\opennn\examples\rosenbrock\VTune Profiler Results\rosenbrock\r000ps\data.0
130 [13604] INFO perfrun.launcher <> - Creating the master collection flag
134 [13604] INFO perfrun.launcher <> - Done creating the master collection flag
135 [14020] INFO perfrun.launcher <> - plugin [remoteplug] was disabled because it doesn't support the given collection type.
135 [14020] INFO perfrun.sdk <> - Allocating TMU :C:\Users\rodrigo ingelmo\Documents\opennn\examples\rosenbrock\VTune Profiler Results\rosenbrock\r000ps\data.0\systemcollector-26880-DESKTOP-SDJERHP.sc
135 [14020] INFO perfrun.launcher <> - plugin [] was disabled because it doesn't support the given collection type.
137 [14020] INFO perfrun.launcher <> - plugin [] was disabled because it doesn't support the given collection type.
137 [14020] INFO perfrun.launcher <> - plugin [gpu] was disabled because it doesn't support the given collection type.
137 [14020] INFO perfrun.launcher <> - plugin [etw.kernel] was disabled because it doesn't support the given collection type.
137 [14020] INFO perfrun.launcher <> - plugin [etw.dx] was disabled because it doesn't support the given collection type.
138 [14020] INFO perfrun.launcher <> - plugin [etw.wsa] was disabled because it doesn't support the given collection type.
138 [14020] INFO perfrun.mrte <> - system-wide mode is 0
138 [14020] INFO perfrun.mrte <> - Getting  mrte profiling environment ...
216 [14020] INFO perfrun.mrte <> - INTEL_MRTE_DATA_DIR=C:\Users\rodrigo ingelmo\Documents\opennn\examples\rosenbrock\VTune Profiler Results\rosenbrock\r000ps\data.0
216 [14020] INFO perfrun.mrte <> - INTEL_MRTE_HOST_NAME=DESKTOP-SDJERHP
216 [14020] INFO perfrun.mrte <> - JAVA_TOOL_OPTIONS=-agentlib:amplxe_tpssmrte_javaprof_1.0
216 [14020] INFO perfrun.mrte <> - PATH=C:\Program Files (x86)\Intel\oneAPI\vtune\2022.2.0\bin32\runtime;C:\Program Files (x86)\Intel\oneAPI\vtune\2022.2.0\bin64\runtime;;C:\Program Files (x86)\Intel\oneAPI\mkl\2022.1.0\redist\intel64;C:\Program Files (x86)\Intel\oneAPI\tbb\latest\redist\intel64\vc_mt\;C:\Program Files (x86)\Intel\oneAPI\tbb\latest\redist\ia32\vc_mt\;C:\Program Files (x86)\Intel\oneAPI\compiler\latest\windows\redist\intel64_win\compiler;C:\Program Files (x86)\Intel\oneAPI\compiler\latest\windows\redist\ia32_win\compiler;C:\Program Files\Eclipse Adoptium\jre-8.0.345.1-hotspot\bin;C:\Program Files\Eclipse Adoptium\jre-17.0.4.8-hotspot\bin;C:\Program Files\Eclipse Adoptium\jre-11.0.16.8-hotspot\bin;C:\Program Files (x86)\Eclipse Adoptium\jre-8.0.345.1-hotspot\bin;C:\Windows\system32;C:\Windows;C:\Windows\System32\Wbem;C:\Windows\System32\WindowsPowerShell\v1.0\;C:\Windows\System32\OpenSSH\;C:\Users\rodrigo ingelmo\AppData\Local\Microsoft\WindowsApps;C:\Users\rodrigo ingelmo\AppData\Local\Programs\Git\cmd
216 [14020] INFO perfrun.mrte <> - COR_ENABLE_PROFILING=1
216 [14020] INFO perfrun.mrte <> - COR_PROFILER={AA5E4821-E3B1-479c-B7FF-5AD047D22CED}
216 [14020] INFO perfrun.mrte <> - COMPLUS_ProfAPI_ProfilerCompatibilitySetting=EnableV2Profiler
216 [14020] INFO perfrun.mrte <> - CORECLR_ENABLE_PROFILING=1
216 [14020] INFO perfrun.mrte <> - CORECLR_PROFILER={AA5E4821-E3B1-479c-B7FF-5AD047D22CED}
216 [14020] INFO perfrun.mrte <> - CORECLR_PROFILER_PATH=C:\Program Files (x86)\Intel\oneAPI\vtune\2022.2.0\bin64/amplxe_samplingmrte_clrprof_1.0.dll
216 [14020] INFO perfrun.mrte <> - INTEL_MRTE_PROFILER_MODE=mixed
216 [14020] INFO perfrun.mrte <> - Data directory: C:\Users\rodrigo ingelmo\Documents\opennn\examples\rosenbrock\VTune Profiler Results\rosenbrock\r000ps\data.0
216 [14020] INFO perfrun.mrte <> - Mrte plugin is initialized
216 [14020] INFO perfrun.launcher <> - plugin [emon] was disabled because it doesn't support the given collection type.
216 [14020] INFO perfrun.launcher <> - plugin [cuscol] was disabled because it doesn't support the given collection type.
216 [14020] INFO perfrun.launcher <> - plugin [stdsrc] was disabled because it doesn't support the given collection type.
216 [14020] INFO perfrun.launcher <> - plugin [sep] was disabled because it doesn't support the given collection type.
216 [14020] INFO perfrun.launcher <> - plugin [vtsspp] was disabled because it doesn't support the given collection type.
216 [14020] INFO perfrun.launcher <> - plugin [] was disabled because it doesn't support the given collection type.
216 [14020] INFO perfrun.launcher <> - plugin [aoclprofile] was disabled because it doesn't support the given collection type.
216 [14020] INFO perfrun.tpss <> - initialize tpss controller
216 [14020] INFO perfrun.tpss <> - configure collection mode: value = cpu:counters:nostack
216 [14020] INFO perfrun.tpss <> - configure collection mode: value = cpu:nostack
216 [14020] INFO perfrun.tpss <> - default obj-size-min=1024
216 [14020] INFO perfrun.tpss <> - default hash-table-size=0
217 [14020] INFO perfrun.launcher <> - plugin [] was disabled because it doesn't support the given collection type.
217 [14020] INFO perfrun.launcher <> - plugin [] was disabled because it doesn't support the given collection type.
217 [14020] INFO perfrun.launcher <> - plugin [] was disabled because it doesn't support the given collection type.
217 [14020] INFO perfrun.launcher <> - plugin [] was disabled because it doesn't support the given collection type.
217 [14020] INFO perfrun.launcher <> - plugin [power] was disabled because it doesn't support the given collection type.
217 [14020] INFO perfrun.launcher <> - plugin [hwloc] was disabled because it doesn't support the given collection type.
217 [14020] INFO perfrun.launcher <> - plugin [ipmwatch] was disabled because it doesn't support the given collection type.
217 [14020] INFO perfrun.launcher <> - plugin [os_counters] was disabled because it doesn't support the given collection type.
217 [14020] INFO perfrun.launcher <> - plugin [l0_metrics] was disabled because it doesn't support the given collection type.
217 [13604] INFO perfrun.launcher <> - set environment variable: PATH = C:\Program Files (x86)\Intel\oneAPI\vtune\2022.2.0\bin32\runtime;C:\Program Files (x86)\Intel\oneAPI\vtune\2022.2.0\bin64\runtime;;C:\Program Files (x86)\Intel\oneAPI\mkl\2022.1.0\redist\intel64;C:\Program Files (x86)\Intel\oneAPI\tbb\latest\redist\intel64\vc_mt\;C:\Program Files (x86)\Intel\oneAPI\tbb\latest\redist\ia32\vc_mt\;C:\Program Files (x86)\Intel\oneAPI\compiler\latest\windows\redist\intel64_win\compiler;C:\Program Files (x86)\Intel\oneAPI\compiler\latest\windows\redist\ia32_win\compiler;C:\Program Files\Eclipse Adoptium\jre-8.0.345.1-hotspot\bin;C:\Program Files\Eclipse Adoptium\jre-17.0.4.8-hotspot\bin;C:\Program Files\Eclipse Adoptium\jre-11.0.16.8-hotspot\bin;C:\Program Files (x86)\Eclipse Adoptium\jre-8.0.345.1-hotspot\bin;C:\Windows\system32;C:\Windows;C:\Windows\System32\Wbem;C:\Windows\System32\WindowsPowerShell\v1.0\;C:\Windows\System32\OpenSSH\;C:\Users\rodrigo ingelmo\AppData\Local\Microsoft\WindowsApps;C:\Users\rodrigo ingelmo\AppData\Local\Programs\Git\cmd
217 [13604] INFO perfrun.launcher <> - set environment variable: INTEL_LIBITTNOTIFY32 = C:\Program Files (x86)\Intel\oneAPI\vtune\2022.2.0\bin32\runtime\ittnotify_collector.dll
217 [13604] INFO perfrun.launcher <> - set environment variable: INTEL_LIBITTNOTIFY64 = C:\Program Files (x86)\Intel\oneAPI\vtune\2022.2.0\bin64\runtime\ittnotify_collector.dll
217 [13604] INFO perfrun.launcher <> - set environment variable: INTEL_ITTNOTIFY_GROUPS = 
217 [13604] INFO perfrun.launcher <> - set environment variable: INTEL_JIT_PROFILER32 = C:\Program Files (x86)\Intel\oneAPI\vtune\2022.2.0\bin32\runtime\ittnotify_collector.dll
217 [13604] INFO perfrun.launcher <> - set environment variable: INTEL_JIT_PROFILER64 = C:\Program Files (x86)\Intel\oneAPI\vtune\2022.2.0\bin64\runtime\ittnotify_collector.dll
217 [13604] INFO perfrun.launcher <> - set environment variable: VS_PROFILER = ittnotify_collector.dll
217 [13604] INFO perfrun.launcher <> - set environment variable: OMP_TOOL_LIBRARIES = C:\Program Files (x86)\Intel\oneAPI\vtune\2022.2.0\bin32\runtime\ittnotify_collector.dll;C:\Program Files (x86)\Intel\oneAPI\vtune\2022.2.0\bin64\runtime\ittnotify_collector.dll
217 [13604] INFO perfrun.launcher <> - set environment variable: ENABLE_JITPROFILING = 1
217 [13604] INFO perfrun.launcher <> - set environment variable: CL_CONFIG_USE_VTUNE = True
217 [13604] INFO perfrun.launcher <> - set environment variable: KMP_FORKJOIN_FRAMES = 0
217 [13604] INFO perfrun.launcher <> - set environment variable: KMP_FORKJOIN_FRAMES_MODE = 0
217 [13604] INFO perfrun.launcher <> - set environment variable: OMP_TOOL = disabled
217 [13604] INFO perfrun.launcher <> - set environment variable: INTEL_MRTE_DATA_DIR = C:\Users\rodrigo ingelmo\Documents\opennn\examples\rosenbrock\VTune Profiler Results\rosenbrock\r000ps\data.0
217 [13604] INFO perfrun.launcher <> - set environment variable: INTEL_MRTE_HOST_NAME = DESKTOP-SDJERHP
217 [13604] INFO perfrun.launcher <> - set environment variable: JAVA_TOOL_OPTIONS = -agentlib:amplxe_tpssmrte_javaprof_1.0
217 [13604] INFO perfrun.launcher <> - set environment variable: PATH = C:\Program Files (x86)\Intel\oneAPI\vtune\2022.2.0\bin32\runtime;C:\Program Files (x86)\Intel\oneAPI\vtune\2022.2.0\bin64\runtime;;C:\Program Files (x86)\Intel\oneAPI\mkl\2022.1.0\redist\intel64;C:\Program Files (x86)\Intel\oneAPI\tbb\latest\redist\intel64\vc_mt\;C:\Program Files (x86)\Intel\oneAPI\tbb\latest\redist\ia32\vc_mt\;C:\Program Files (x86)\Intel\oneAPI\compiler\latest\windows\redist\intel64_win\compiler;C:\Program Files (x86)\Intel\oneAPI\compiler\latest\windows\redist\ia32_win\compiler;C:\Program Files\Eclipse Adoptium\jre-8.0.345.1-hotspot\bin;C:\Program Files\Eclipse Adoptium\jre-17.0.4.8-hotspot\bin;C:\Program Files\Eclipse Adoptium\jre-11.0.16.8-hotspot\bin;C:\Program Files (x86)\Eclipse Adoptium\jre-8.0.345.1-hotspot\bin;C:\Windows\system32;C:\Windows;C:\Windows\System32\Wbem;C:\Windows\System32\WindowsPowerShell\v1.0\;C:\Windows\System32\OpenSSH\;C:\Users\rodrigo ingelmo\AppData\Local\Microsoft\WindowsApps;C:\Users\rodrigo ingelmo\AppData\Local\Programs\Git\cmd
217 [13604] INFO perfrun.launcher <> - set environment variable: COR_ENABLE_PROFILING = 1
218 [13604] INFO perfrun.launcher <> - set environment variable: COR_PROFILER = {AA5E4821-E3B1-479c-B7FF-5AD047D22CED}
218 [13604] INFO perfrun.launcher <> - set environment variable: COMPLUS_ProfAPI_ProfilerCompatibilitySetting = EnableV2Profiler
218 [13604] INFO perfrun.launcher <> - set environment variable: CORECLR_ENABLE_PROFILING = 1
218 [13604] INFO perfrun.launcher <> - set environment variable: CORECLR_PROFILER = {AA5E4821-E3B1-479c-B7FF-5AD047D22CED}
218 [13604] INFO perfrun.launcher <> - set environment variable: CORECLR_PROFILER_PATH = C:\Program Files (x86)\Intel\oneAPI\vtune\2022.2.0\bin64/amplxe_samplingmrte_clrprof_1.0.dll
218 [13604] INFO perfrun.launcher <> - set environment variable: INTEL_MRTE_PROFILER_MODE = mixed
219 [13604] INFO perfrun.launcher <> - RpcServer: run RPC server to handle requests
221 [13604] INFO perfrun.sdk <> - IProcessUtil: the given executable 'C:\Users\rodrigo ingelmo\Documents\opennn\examples\rosenbrock\bin\rosenbrock.exe' is valid.
221 [13604] INFO perfrun.launcher <> - Launcher: command line to start before modification = C:\Users\rodrigo ingelmo\Documents\opennn\examples\rosenbrock\bin\rosenbrock.exe
223 [13604] INFO perfrun.launcher <> - Launcher: command line to start after modification = C:\Program Files (x86)\Intel\oneAPI\vtune\2022.2.0\bin64\pin.exe -error_file C:\Users\rodrigo ingelmo\Documents\opennn\examples\rosenbrock\VTune Profiler Results\rosenbrock\r000ps\data.0\pinerr.tpsslog -detach_reattach -probe -follow_execv -p32 C:\Program Files (x86)\Intel\oneAPI\vtune\2022.2.0\bin32\pin.exe -p64 C:\Program Files (x86)\Intel\oneAPI\vtune\2022.2.0\bin64\pin.exe -t64 C:\Program Files (x86)\Intel\oneAPI\vtune\2022.2.0\bin64\tpsstool.dll -t C:\Program Files (x86)\Intel\oneAPI\vtune\2022.2.0\bin32\tpsstool.dll -server_name tpss_ipc.26880 -prd_dir C:\Program Files (x86)\Intel\oneAPI\vtune\2022.2.0 -- C:\Users\rodrigo ingelmo\Documents\opennn\examples\rosenbrock\bin\rosenbrock.exe
223 [13604] INFO perfrun.launcher <> - ProcessCreator object was created
231 [13604] INFO perfrun.launcher <> - Launcher: the process was started in suspend mode
232 [14020] INFO perfrun.itt <> - start itt controller for pid #28540
233 [14020] INFO perfrun.tpss <> - start tpss controller for pid #28540
287 [13604] INFO perfrun.launcher <> - Launcher: all plugins were started
287 [13604] INFO perfrun.launcher <> - DirectoryMonitor object was created
287 [13604] INFO perfrun.launcher <> - DirectoryMonitor: a callback was added
287 [13604] INFO perfrun.launcher <> - DirectoryMonitor was started with pingTime = 1000
287 [13604] INFO perfrun.launcher <> - DeadlineTimer is going to be constructed
288 [13604] INFO perfrun.launcher <> - DeadlineTimer: a callback was added
293 [13604] INFO perfrun.launcher <> - Launcher: resume the profiled application and  wait its termination or stop command
134707 [13604] INFO perfrun.launcher <> - Launcher: the profiled application was terminated  with exit code = 0
134805 [14020] INFO perfrun.itt <> - detach itt controller
134805 [14020] INFO perfrun.itt <> - detach itt controller done
134805 [14020] INFO perfrun.tpss <> - stop tpss controller
134822 [14020] INFO perfrun.sdk <> - De-allocating TMU: C:\Users\rodrigo ingelmo\Documents\opennn\examples\rosenbrock\VTune Profiler Results\rosenbrock\r000ps\data.0\systemcollector-26880-DESKTOP-SDJERHP.sc
134837 [14020] INFO perfrun.system <> - closed the system trace file: C:\Users\rodrigo ingelmo\Documents\opennn\examples\rosenbrock\VTune Profiler Results\rosenbrock\r000ps\data.0\systemcollector-26880-DESKTOP-SDJERHP.sc
134838 [13604] INFO perfrun.launcher <> - Launcher: all plugins were stopped.
134838 [13604] INFO perfrun.launcher <> - DeadlineTimer is going to be destroyed
134838 [13604] INFO perfrun.launcher <> - DeadlineTimer was destroyed
134838 [13604] INFO perfrun.launcher <> - DirectoryMonitor object was destroyed
134838 [13604] WARN perfrun.launcher <> - Stop command is ignored because it is received when collection is already stopped, at file: C:\BB\INNLphep2w6r\b\tmpraubik\vcs\perfrun1\launcher\src\command_handler.cpp:226
134841 [13604] INFO perfrun.launcher <> - Application exit code: 0
134841 [13604] INFO perfrun.launcher <> - Exit code: 0
