
17344 : 0x79ef506f44e : 1 : spill_jit_data :  Jit agent is not initialized
17344 : 0x79ef506f8d2 : 2 : ittapi_config_mask_get :  --itt-config mask to be applied: 55
17344 : 0x79ef506fa04 : 2 : ittapi_config_apply_per_lib :  ITTAPI function instrumented: __itt_domain_createA
17344 : 0x79ef506fa1a : 2 : ittapi_config_apply_per_lib :  ITTAPI function instrumented: __itt_domain_createW
17344 : 0x79ef506fa2d : 2 : ittapi_config_apply_per_lib :  ITTAPI function instrumented: __itt_module_load_with_sections
17344 : 0x79ef506fa42 : 2 : ittapi_config_apply_per_lib :  ITTAPI function not implemented: __itt_module_unload_with_sections
17344 : 0x79ef506fa53 : 2 : ittapi_config_apply_per_lib :  ITTAPI function instrumented: __itt_string_handle_createA
17344 : 0x79ef506fa5f : 2 : ittapi_config_apply_per_lib :  ITTAPI function instrumented: __itt_string_handle_createW
17344 : 0x79ef506fa6e : 2 : ittapi_config_apply_per_lib :  ITTAPI function instrumented: __itt_counter_createA
17344 : 0x79ef506fa7b : 2 : ittapi_config_apply_per_lib :  ITTAPI function instrumented: __itt_counter_createW
17344 : 0x79ef506fd99 : 2 : ittapi_config_apply_per_lib :  ITTAPI function instrumented: __itt_counter_create_typedA
17344 : 0x79ef506fdac : 2 : ittapi_config_apply_per_lib :  ITTAPI function instrumented: __itt_counter_create_typedW
17344 : 0x79ef506fdbe : 2 : ittapi_config_apply_per_lib :  ITTAPI function instrumented: __itt_pause
17344 : 0x79ef506fdcd : 2 : ittapi_config_apply_per_lib :  ITTAPI function instrumented: __itt_resume
17344 : 0x79ef506fddb : 2 : ittapi_config_apply_per_lib :  ITTAPI function instrumented: __itt_thread_set_nameA
17344 : 0x79ef506fe86 : 2 : ittapi_config_apply_per_lib :  ITTAPI function instrumented: __itt_thread_set_nameW
17344 : 0x79ef506fe94 : 2 : ittapi_config_apply_per_lib :  ITTAPI function instrumented: __itt_thread_ignore
17344 : 0x79ef506fea3 : 2 : ittapi_config_apply_per_lib :  ITTAPI function instrumented: __itt_thr_name_setA
17344 : 0x79ef506feb2 : 2 : ittapi_config_apply_per_lib :  ITTAPI function instrumented: __itt_thr_name_setW
17344 : 0x79ef506fec0 : 2 : ittapi_config_apply_per_lib :  ITTAPI function instrumented: __itt_thr_ignore
17344 : 0x79ef506ff04 : 2 : ittapi_config_apply_per_lib :  ITTAPI function not implemented: __itt_enable_attach
17344 : 0x79ef506ff16 : 2 : ittapi_config_apply_per_lib :  ITTAPI function instrumented: __itt_detach
17344 : 0x79ef506ff22 : 2 : ittapi_config_apply_per_lib :  ITTAPI function NOT instrumented (not matched by --itt-config option): __itt_sync_createA

17344 : 0x79ef506ff34 : 2 : ittapi_config_apply_per_lib :  ITTAPI function NOT instrumented (not matched by --itt-config option): __itt_sync_createW

17344 : 0x79ef506ff44 : 2 : ittapi_config_apply_per_lib :  ITTAPI function NOT instrumented (not matched by --itt-config option): __itt_sync_renameA

17344 : 0x79ef506ff53 : 2 : ittapi_config_apply_per_lib :  ITTAPI function NOT instrumented (not matched by --itt-config option): __itt_sync_renameW

17344 : 0x79ef506ff64 : 2 : ittapi_config_apply_per_lib :  ITTAPI function NOT instrumented (not matched by --itt-config option): __itt_sync_destroy

17344 : 0x79ef506ff74 : 2 : ittapi_config_apply_per_lib :  ITTAPI function NOT instrumented (not matched by --itt-config option): __itt_sync_prepare

17344 : 0x79ef506ff83 : 2 : ittapi_config_apply_per_lib :  ITTAPI function NOT instrumented (not matched by --itt-config option): __itt_sync_cancel

17344 : 0x79ef506ff93 : 2 : ittapi_config_apply_per_lib :  ITTAPI function NOT instrumented (not matched by --itt-config option): __itt_sync_acquired

17344 : 0x79ef506ffb8 : 2 : ittapi_config_apply_per_lib :  ITTAPI function NOT instrumented (not matched by --itt-config option): __itt_sync_releasing

17344 : 0x79ef506ffce : 2 : ittapi_config_apply_per_lib :  ITTAPI function not implemented: __itt_suppress_push
17344 : 0x79ef506ffdd : 2 : ittapi_config_apply_per_lib :  ITTAPI function not implemented: __itt_suppress_pop
17344 : 0x79ef506ffed : 2 : ittapi_config_apply_per_lib :  ITTAPI function not implemented: __itt_suppress_mark_range
17344 : 0x79ef506fffd : 2 : ittapi_config_apply_per_lib :  ITTAPI function not implemented: __itt_suppress_clear_range
17344 : 0x79ef5070008 : 2 : ittapi_config_apply_per_lib :  ITTAPI function NOT instrumented (not matched by --itt-config option): __itt_sync_prepare

17344 : 0x79ef5070018 : 2 : ittapi_config_apply_per_lib :  ITTAPI function NOT instrumented (not matched by --itt-config option): __itt_sync_cancel

17344 : 0x79ef5070028 : 2 : ittapi_config_apply_per_lib :  ITTAPI function NOT instrumented (not matched by --itt-config option): __itt_sync_acquired

17344 : 0x79ef5070038 : 2 : ittapi_config_apply_per_lib :  ITTAPI function NOT instrumented (not matched by --itt-config option): __itt_sync_releasing

17344 : 0x79ef5070048 : 2 : ittapi_config_apply_per_lib :  ITTAPI function NOT instrumented (not matched by --itt-config option): __itt_model_site_begin

17344 : 0x79ef507013e : 2 : ittapi_config_apply_per_lib :  ITTAPI function NOT instrumented (not matched by --itt-config option): __itt_model_site_end

17344 : 0x79ef5070152 : 2 : ittapi_config_apply_per_lib :  ITTAPI function NOT instrumented (not matched by --itt-config option): __itt_model_task_begin

17344 : 0x79ef5070163 : 2 : ittapi_config_apply_per_lib :  ITTAPI function NOT instrumented (not matched by --itt-config option): __itt_model_task_end

17344 : 0x79ef5070172 : 2 : ittapi_config_apply_per_lib :  ITTAPI function NOT instrumented (not matched by --itt-config option): __itt_model_lock_acquire

17344 : 0x79ef5070183 : 2 : ittapi_config_apply_per_lib :  ITTAPI function NOT instrumented (not matched by --itt-config option): __itt_model_lock_release

17344 : 0x79ef5070193 : 2 : ittapi_config_apply_per_lib :  ITTAPI function NOT instrumented (not matched by --itt-config option): __itt_model_record_allocation

17344 : 0x79ef50701a4 : 2 : ittapi_config_apply_per_lib :  ITTAPI function NOT instrumented (not matched by --itt-config option): __itt_model_record_deallocation

17344 : 0x79ef50701b4 : 2 : ittapi_config_apply_per_lib :  ITTAPI function NOT instrumented (not matched by --itt-config option): __itt_model_induction_uses

17344 : 0x79ef50701c4 : 2 : ittapi_config_apply_per_lib :  ITTAPI function NOT instrumented (not matched by --itt-config option): __itt_model_reduction_uses

17344 : 0x79ef50701d4 : 2 : ittapi_config_apply_per_lib :  ITTAPI function NOT instrumented (not matched by --itt-config option): __itt_model_observe_uses

17344 : 0x79ef5070206 : 2 : ittapi_config_apply_per_lib :  ITTAPI function NOT instrumented (not matched by --itt-config option): __itt_model_clear_uses

17344 : 0x79ef5070217 : 2 : ittapi_config_apply_per_lib :  ITTAPI function NOT instrumented (not matched by --itt-config option): __itt_model_site_beginW

17344 : 0x79ef5070227 : 2 : ittapi_config_apply_per_lib :  ITTAPI function NOT instrumented (not matched by --itt-config option): __itt_model_task_beginW

17344 : 0x79ef5070237 : 2 : ittapi_config_apply_per_lib :  ITTAPI function NOT instrumented (not matched by --itt-config option): __itt_model_iteration_taskW

17344 : 0x79ef5070247 : 2 : ittapi_config_apply_per_lib :  ITTAPI function NOT instrumented (not matched by --itt-config option): __itt_model_site_beginA

17344 : 0x79ef5070257 : 2 : ittapi_config_apply_per_lib :  ITTAPI function NOT instrumented (not matched by --itt-config option): __itt_model_site_beginAL

17344 : 0x79ef5070267 : 2 : ittapi_config_apply_per_lib :  ITTAPI function NOT instrumented (not matched by --itt-config option): __itt_model_task_beginA

17344 : 0x79ef5070276 : 2 : ittapi_config_apply_per_lib :  ITTAPI function NOT instrumented (not matched by --itt-config option): __itt_model_task_beginAL

17344 : 0x79ef5070286 : 2 : ittapi_config_apply_per_lib :  ITTAPI function NOT instrumented (not matched by --itt-config option): __itt_model_iteration_taskA

17344 : 0x79ef5070295 : 2 : ittapi_config_apply_per_lib :  ITTAPI function NOT instrumented (not matched by --itt-config option): __itt_model_iteration_taskAL

17344 : 0x79ef50702b6 : 2 : ittapi_config_apply_per_lib :  ITTAPI function NOT instrumented (not matched by --itt-config option): __itt_model_site_end_2

17344 : 0x79ef50702c6 : 2 : ittapi_config_apply_per_lib :  ITTAPI function NOT instrumented (not matched by --itt-config option): __itt_model_task_end_2

17344 : 0x79ef50702d6 : 2 : ittapi_config_apply_per_lib :  ITTAPI function NOT instrumented (not matched by --itt-config option): __itt_model_lock_acquire_2

17344 : 0x79ef50702e6 : 2 : ittapi_config_apply_per_lib :  ITTAPI function NOT instrumented (not matched by --itt-config option): __itt_model_lock_release_2

17344 : 0x79ef50702f5 : 2 : ittapi_config_apply_per_lib :  ITTAPI function NOT instrumented (not matched by --itt-config option): __itt_model_aggregate_task

17344 : 0x79ef5070305 : 2 : ittapi_config_apply_per_lib :  ITTAPI function NOT instrumented (not matched by --itt-config option): __itt_model_disable_push

17344 : 0x79ef5070315 : 2 : ittapi_config_apply_per_lib :  ITTAPI function NOT instrumented (not matched by --itt-config option): __itt_model_disable_pop

17344 : 0x79ef507032d : 2 : ittapi_config_apply_per_lib :  ITTAPI function instrumented: __itt_heap_function_createA
17344 : 0x79ef507033b : 2 : ittapi_config_apply_per_lib :  ITTAPI function instrumented: __itt_heap_function_createW
17344 : 0x79ef507034b : 2 : ittapi_config_apply_per_lib :  ITTAPI function instrumented: __itt_heap_allocate_begin
17344 : 0x79ef5070377 : 2 : ittapi_config_apply_per_lib :  ITTAPI function instrumented: __itt_heap_allocate_end
17344 : 0x79ef5070386 : 2 : ittapi_config_apply_per_lib :  ITTAPI function instrumented: __itt_heap_free_begin
17344 : 0x79ef5070395 : 2 : ittapi_config_apply_per_lib :  ITTAPI function instrumented: __itt_heap_free_end
17344 : 0x79ef50703a3 : 2 : ittapi_config_apply_per_lib :  ITTAPI function instrumented: __itt_heap_reallocate_begin
17344 : 0x79ef50703b1 : 2 : ittapi_config_apply_per_lib :  ITTAPI function instrumented: __itt_heap_reallocate_end
17344 : 0x79ef50703c1 : 2 : ittapi_config_apply_per_lib :  ITTAPI function not implemented: __itt_heap_internal_access_begin
17344 : 0x79ef50703d1 : 2 : ittapi_config_apply_per_lib :  ITTAPI function not implemented: __itt_heap_internal_access_end
17344 : 0x79ef50703e1 : 2 : ittapi_config_apply_per_lib :  ITTAPI function not implemented: __itt_heap_record_memory_growth_begin
17344 : 0x79ef50703f2 : 2 : ittapi_config_apply_per_lib :  ITTAPI function not implemented: __itt_heap_record_memory_growth_end
17344 : 0x79ef5070402 : 2 : ittapi_config_apply_per_lib :  ITTAPI function not implemented: __itt_heap_reset_detection
17344 : 0x79ef5070428 : 2 : ittapi_config_apply_per_lib :  ITTAPI function not implemented: __itt_heap_record
17344 : 0x79ef5070438 : 2 : ittapi_config_apply_per_lib :  ITTAPI function not implemented: __itt_id_create
17344 : 0x79ef5070448 : 2 : ittapi_config_apply_per_lib :  ITTAPI function not implemented: __itt_id_destroy
17344 : 0x79ef5070457 : 2 : ittapi_config_apply_per_lib :  ITTAPI function instrumented: __itt_get_timestamp
17344 : 0x79ef5070466 : 2 : ittapi_config_apply_per_lib :  ITTAPI function not implemented: __itt_region_begin
17344 : 0x79ef5070475 : 2 : ittapi_config_apply_per_lib :  ITTAPI function not implemented: __itt_region_end
17344 : 0x79ef5070485 : 2 : ittapi_config_apply_per_lib :  ITTAPI function instrumented: __itt_frame_begin_v3
17344 : 0x79ef5070493 : 2 : ittapi_config_apply_per_lib :  ITTAPI function instrumented: __itt_frame_end_v3
17344 : 0x79ef50704a1 : 2 : ittapi_config_apply_per_lib :  ITTAPI function instrumented: __itt_frame_submit_v3
17344 : 0x79ef50704b4 : 2 : ittapi_config_apply_per_lib :  ITTAPI function not implemented: __itt_task_group
17344 : 0x79ef50704d8 : 2 : ittapi_config_apply_per_lib :  ITTAPI function instrumented: __itt_task_begin
17344 : 0x79ef50704e7 : 2 : ittapi_config_apply_per_lib :  ITTAPI function instrumented: __itt_task_begin_fn
17344 : 0x79ef50704f6 : 2 : ittapi_config_apply_per_lib :  ITTAPI function instrumented: __itt_task_end
17344 : 0x79ef5070506 : 2 : ittapi_config_apply_per_lib :  ITTAPI function not implemented: __itt_counter_inc_v3
17344 : 0x79ef5070516 : 2 : ittapi_config_apply_per_lib :  ITTAPI function not implemented: __itt_counter_inc_delta_v3
17344 : 0x79ef5070525 : 2 : ittapi_config_apply_per_lib :  ITTAPI function not implemented: __itt_counter_dec_v3
17344 : 0x79ef5070535 : 2 : ittapi_config_apply_per_lib :  ITTAPI function not implemented: __itt_counter_dec_delta_v3
17344 : 0x79ef5070544 : 2 : ittapi_config_apply_per_lib :  ITTAPI function not implemented: __itt_marker
17344 : 0x79ef5070553 : 2 : ittapi_config_apply_per_lib :  ITTAPI function instrumented: __itt_metadata_add
17344 : 0x79ef5070563 : 2 : ittapi_config_apply_per_lib :  ITTAPI function not implemented: __itt_metadata_str_addA
17344 : 0x79ef507058e : 2 : ittapi_config_apply_per_lib :  ITTAPI function not implemented: __itt_metadata_str_addW
17344 : 0x79ef507059e : 2 : ittapi_config_apply_per_lib :  ITTAPI function not implemented: __itt_relation_add_to_current
17344 : 0x79ef50705ad : 2 : ittapi_config_apply_per_lib :  ITTAPI function not implemented: __itt_relation_add
17344 : 0x79ef50705bb : 2 : ittapi_config_apply_per_lib :  ITTAPI function instrumented: __itt_event_createA
17344 : 0x79ef50705c9 : 2 : ittapi_config_apply_per_lib :  ITTAPI function instrumented: __itt_event_createW
17344 : 0x79ef50705d8 : 2 : ittapi_config_apply_per_lib :  ITTAPI function instrumented: __itt_event_start
17344 : 0x79ef50705e6 : 2 : ittapi_config_apply_per_lib :  ITTAPI function instrumented: __itt_event_end
17344 : 0x79ef50705f1 : 2 : ittapi_config_apply_per_lib :  ITTAPI function NOT instrumented (not matched by --itt-config option): __itt_sync_set_nameA

17344 : 0x79ef5070601 : 2 : ittapi_config_apply_per_lib :  ITTAPI function NOT instrumented (not matched by --itt-config option): __itt_sync_set_nameW

17344 : 0x79ef5070612 : 2 : ittapi_config_apply_per_lib :  ITTAPI function NOT instrumented (not matched by --itt-config option): __itt_notify_sync_nameA

17344 : 0x79ef5070637 : 2 : ittapi_config_apply_per_lib :  ITTAPI function NOT instrumented (not matched by --itt-config option): __itt_notify_sync_nameW

17344 : 0x79ef5070647 : 2 : ittapi_config_apply_per_lib :  ITTAPI function NOT instrumented (not matched by --itt-config option): __itt_notify_sync_prepare

17344 : 0x79ef5070657 : 2 : ittapi_config_apply_per_lib :  ITTAPI function NOT instrumented (not matched by --itt-config option): __itt_notify_sync_cancel

17344 : 0x79ef5070667 : 2 : ittapi_config_apply_per_lib :  ITTAPI function NOT instrumented (not matched by --itt-config option): __itt_notify_sync_acquired

17344 : 0x79ef5070678 : 2 : ittapi_config_apply_per_lib :  ITTAPI function NOT instrumented (not matched by --itt-config option): __itt_notify_sync_releasing

17344 : 0x79ef507068d : 2 : ittapi_config_apply_per_lib :  ITTAPI function not implemented: __itt_memory_read
17344 : 0x79ef507069d : 2 : ittapi_config_apply_per_lib :  ITTAPI function not implemented: __itt_memory_write
17344 : 0x79ef50706ae : 2 : ittapi_config_apply_per_lib :  ITTAPI function not implemented: __itt_memory_update
17344 : 0x79ef50706bd : 2 : ittapi_config_apply_per_lib :  ITTAPI function not implemented: __itt_state_get
17344 : 0x79ef50706cd : 2 : ittapi_config_apply_per_lib :  ITTAPI function not implemented: __itt_state_set
17344 : 0x79ef50706ef : 2 : ittapi_config_apply_per_lib :  ITTAPI function not implemented: __itt_obj_mode_set
17344 : 0x79ef50706ff : 2 : ittapi_config_apply_per_lib :  ITTAPI function not implemented: __itt_thr_mode_set
17344 : 0x79ef507070e : 2 : ittapi_config_apply_per_lib :  ITTAPI function instrumented: __itt_frame_createA
17344 : 0x79ef507071c : 2 : ittapi_config_apply_per_lib :  ITTAPI function instrumented: __itt_frame_createW
17344 : 0x79ef507072c : 2 : ittapi_config_apply_per_lib :  ITTAPI function instrumented: __itt_pt_region_createA
17344 : 0x79ef5070739 : 2 : ittapi_config_apply_per_lib :  ITTAPI function instrumented: __itt_pt_region_createW
17344 : 0x79ef5070747 : 2 : ittapi_config_apply_per_lib :  ITTAPI function instrumented: __itt_frame_begin
17344 : 0x79ef5070756 : 2 : ittapi_config_apply_per_lib :  ITTAPI function instrumented: __itt_frame_end
17344 : 0x79ef5070766 : 2 : ittapi_config_apply_per_lib :  ITTAPI function not implemented: __itt_counter_destroy
17344 : 0x79ef5070775 : 2 : ittapi_config_apply_per_lib :  ITTAPI function instrumented: __itt_counter_inc
17344 : 0x79ef5070839 : 2 : ittapi_config_apply_per_lib :  ITTAPI function instrumented: __itt_counter_inc_delta
17344 : 0x79ef507084a : 2 : ittapi_config_apply_per_lib :  ITTAPI function instrumented: __itt_counter_dec
17344 : 0x79ef5070858 : 2 : ittapi_config_apply_per_lib :  ITTAPI function instrumented: __itt_counter_dec_delta
17344 : 0x79ef5070866 : 2 : ittapi_config_apply_per_lib :  ITTAPI function instrumented: __itt_counter_set_value
17344 : 0x79ef5070876 : 2 : ittapi_config_apply_per_lib :  ITTAPI function not implemented: __itt_counter_set_value_ex
17344 : 0x79ef5070884 : 2 : ittapi_config_apply_per_lib :  ITTAPI function not implemented: __itt_mark_createA
17344 : 0x79ef5070893 : 2 : ittapi_config_apply_per_lib :  ITTAPI function not implemented: __itt_mark_createW
17344 : 0x79ef50708a2 : 2 : ittapi_config_apply_per_lib :  ITTAPI function not implemented: __itt_markA
17344 : 0x79ef50708b1 : 2 : ittapi_config_apply_per_lib :  ITTAPI function not implemented: __itt_markW
17344 : 0x79ef50708c0 : 2 : ittapi_config_apply_per_lib :  ITTAPI function not implemented: __itt_mark_off
17344 : 0x79ef50708ec : 2 : ittapi_config_apply_per_lib :  ITTAPI function not implemented: __itt_mark_globalA
17344 : 0x79ef50708fc : 2 : ittapi_config_apply_per_lib :  ITTAPI function not implemented: __itt_mark_globalW
17344 : 0x79ef507090b : 2 : ittapi_config_apply_per_lib :  ITTAPI function not implemented: __itt_mark_global_off
17344 : 0x79ef507091b : 2 : ittapi_config_apply_per_lib :  ITTAPI function instrumented: __itt_stack_caller_create
17344 : 0x79ef507092a : 2 : ittapi_config_apply_per_lib :  ITTAPI function instrumented: __itt_stack_caller_destroy
17344 : 0x79ef5070939 : 2 : ittapi_config_apply_per_lib :  ITTAPI function instrumented: __itt_stack_callee_enter
17344 : 0x79ef5070947 : 2 : ittapi_config_apply_per_lib :  ITTAPI function instrumented: __itt_stack_callee_leave
17344 : 0x79ef5070956 : 2 : ittapi_config_apply_per_lib :  ITTAPI function not implemented: __itt_clock_domain_create
17344 : 0x79ef5070966 : 2 : ittapi_config_apply_per_lib :  ITTAPI function not implemented: __itt_clock_domain_reset
17344 : 0x79ef5070975 : 2 : ittapi_config_apply_per_lib :  ITTAPI function not implemented: __itt_id_create_ex
17344 : 0x79ef5070997 : 2 : ittapi_config_apply_per_lib :  ITTAPI function not implemented: __itt_id_destroy_ex
17344 : 0x79ef50709a7 : 2 : ittapi_config_apply_per_lib :  ITTAPI function not implemented: __itt_task_begin_ex
17344 : 0x79ef50709b7 : 2 : ittapi_config_apply_per_lib :  ITTAPI function not implemented: __itt_task_begin_fn_ex
17344 : 0x79ef50709c7 : 2 : ittapi_config_apply_per_lib :  ITTAPI function not implemented: __itt_task_end_ex
17344 : 0x79ef50709d5 : 2 : ittapi_config_apply_per_lib :  ITTAPI function instrumented: __itt_task_begin_overlapped
17344 : 0x79ef50709e4 : 2 : ittapi_config_apply_per_lib :  ITTAPI function not implemented: __itt_task_begin_overlapped_ex
17344 : 0x79ef50709f3 : 2 : ittapi_config_apply_per_lib :  ITTAPI function instrumented: __itt_task_end_overlapped
17344 : 0x79ef5070a01 : 2 : ittapi_config_apply_per_lib :  ITTAPI function not implemented: __itt_task_end_overlapped_ex
17344 : 0x79ef5070a10 : 2 : ittapi_config_apply_per_lib :  ITTAPI function not implemented: __itt_marker_ex
17344 : 0x79ef5070a20 : 2 : ittapi_config_apply_per_lib :  ITTAPI function not implemented: __itt_metadata_add_with_scope
17344 : 0x79ef5070a42 : 2 : ittapi_config_apply_per_lib :  ITTAPI function not implemented: __itt_metadata_str_add_with_scopeA
17344 : 0x79ef5070a53 : 2 : ittapi_config_apply_per_lib :  ITTAPI function not implemented: __itt_metadata_str_add_with_scopeW
17344 : 0x79ef5070a62 : 2 : ittapi_config_apply_per_lib :  ITTAPI function not implemented: __itt_relation_add_to_current_ex
17344 : 0x79ef5070a71 : 2 : ittapi_config_apply_per_lib :  ITTAPI function not implemented: __itt_relation_add_ex
17344 : 0x79ef5070a80 : 2 : ittapi_config_apply_per_lib :  ITTAPI function not implemented: __itt_track_group_create
17344 : 0x79ef5070a8f : 2 : ittapi_config_apply_per_lib :  ITTAPI function not implemented: __itt_track_create
17344 : 0x79ef5070a9f : 2 : ittapi_config_apply_per_lib :  ITTAPI function not implemented: __itt_set_track
17344 : 0x79ef5070aae : 2 : ittapi_config_apply_per_lib :  ITTAPI function instrumented: __itt_api_version
17344 : 0x79ef5070abe : 2 : ittapi_config_apply_per_lib :  ITTAPI function not implemented: __itt_av_saveA
17344 : 0x79ef5070acd : 2 : ittapi_config_apply_per_lib :  ITTAPI function not implemented: __itt_av_saveW
17344 : 0x79ef5070af5 : 2 : ittapi_config_apply_per_lib :  ITTAPI function instrumented: __itt_module_loadA
17344 : 0x79ef5070b05 : 2 : ittapi_config_apply_per_lib :  ITTAPI function instrumented: __itt_module_loadW
17344 : 0x79ef5070b14 : 2 : ittapi_config_apply_per_lib :  ITTAPI function not implemented: __itt_module_unload
17344 : 0x79ef50712e4 : 2 : ittapi_config_mask_get :  --itt-config mask to be applied: 55
17344 : 0x79ef50712fd : 2 : ittapi_config_apply_per_lib :  ITTAPI function instrumented: __itt_domain_createA
17344 : 0x79ef507130b : 2 : ittapi_config_apply_per_lib :  ITTAPI function instrumented: __itt_domain_createW
17344 : 0x79ef507131b : 2 : ittapi_config_apply_per_lib :  ITTAPI function instrumented: __itt_string_handle_createA
17344 : 0x79ef5071328 : 2 : ittapi_config_apply_per_lib :  ITTAPI function instrumented: __itt_string_handle_createW
17344 : 0x79ef5071336 : 2 : ittapi_config_apply_per_lib :  ITTAPI function instrumented: __itt_counter_createA
17344 : 0x79ef5071344 : 2 : ittapi_config_apply_per_lib :  ITTAPI function instrumented: __itt_counter_createW
17344 : 0x79ef5071385 : 2 : ittapi_config_apply_per_lib :  ITTAPI function instrumented: __itt_counter_create_typedA
17344 : 0x79ef5071399 : 2 : ittapi_config_apply_per_lib :  ITTAPI function instrumented: __itt_counter_create_typedW
17344 : 0x79ef50713a8 : 2 : ittapi_config_apply_per_lib :  ITTAPI function instrumented: __itt_pause
17344 : 0x79ef50713b7 : 2 : ittapi_config_apply_per_lib :  ITTAPI function instrumented: __itt_resume
17344 : 0x79ef50713c5 : 2 : ittapi_config_apply_per_lib :  ITTAPI function instrumented: __itt_thread_set_nameA
17344 : 0x79ef50713d3 : 2 : ittapi_config_apply_per_lib :  ITTAPI function instrumented: __itt_thread_set_nameW
17344 : 0x79ef50713e1 : 2 : ittapi_config_apply_per_lib :  ITTAPI function instrumented: __itt_thread_ignore
17344 : 0x79ef50713f0 : 2 : ittapi_config_apply_per_lib :  ITTAPI function instrumented: __itt_thr_name_setA
17344 : 0x79ef50713fd : 2 : ittapi_config_apply_per_lib :  ITTAPI function instrumented: __itt_thr_name_setW
17344 : 0x79ef507140c : 2 : ittapi_config_apply_per_lib :  ITTAPI function instrumented: __itt_thr_ignore
17344 : 0x79ef507142f : 2 : ittapi_config_apply_per_lib :  ITTAPI function not implemented: __itt_enable_attach
17344 : 0x79ef507143f : 2 : ittapi_config_apply_per_lib :  ITTAPI function instrumented: __itt_detach
17344 : 0x79ef507144a : 2 : ittapi_config_apply_per_lib :  ITTAPI function NOT instrumented (not matched by --itt-config option): __itt_sync_createA

17344 : 0x79ef507145b : 2 : ittapi_config_apply_per_lib :  ITTAPI function NOT instrumented (not matched by --itt-config option): __itt_sync_createW

17344 : 0x79ef507146b : 2 : ittapi_config_apply_per_lib :  ITTAPI function NOT instrumented (not matched by --itt-config option): __itt_sync_renameA

17344 : 0x79ef507147a : 2 : ittapi_config_apply_per_lib :  ITTAPI function NOT instrumented (not matched by --itt-config option): __itt_sync_renameW

17344 : 0x79ef507148b : 2 : ittapi_config_apply_per_lib :  ITTAPI function NOT instrumented (not matched by --itt-config option): __itt_sync_destroy

17344 : 0x79ef507149a : 2 : ittapi_config_apply_per_lib :  ITTAPI function NOT instrumented (not matched by --itt-config option): __itt_sync_prepare

17344 : 0x79ef50714a9 : 2 : ittapi_config_apply_per_lib :  ITTAPI function NOT instrumented (not matched by --itt-config option): __itt_sync_cancel

17344 : 0x79ef50714b9 : 2 : ittapi_config_apply_per_lib :  ITTAPI function NOT instrumented (not matched by --itt-config option): __itt_sync_acquired

17344 : 0x79ef50714e5 : 2 : ittapi_config_apply_per_lib :  ITTAPI function NOT instrumented (not matched by --itt-config option): __itt_sync_releasing

17344 : 0x79ef50714fc : 2 : ittapi_config_apply_per_lib :  ITTAPI function not implemented: __itt_suppress_push
17344 : 0x79ef507150b : 2 : ittapi_config_apply_per_lib :  ITTAPI function not implemented: __itt_suppress_pop
17344 : 0x79ef5071522 : 2 : ittapi_config_apply_per_lib :  ITTAPI function not implemented: __itt_suppress_mark_range
17344 : 0x79ef5071532 : 2 : ittapi_config_apply_per_lib :  ITTAPI function not implemented: __itt_suppress_clear_range
17344 : 0x79ef507153d : 2 : ittapi_config_apply_per_lib :  ITTAPI function NOT instrumented (not matched by --itt-config option): __itt_sync_prepare

17344 : 0x79ef507154d : 2 : ittapi_config_apply_per_lib :  ITTAPI function NOT instrumented (not matched by --itt-config option): __itt_sync_cancel

17344 : 0x79ef507155d : 2 : ittapi_config_apply_per_lib :  ITTAPI function NOT instrumented (not matched by --itt-config option): __itt_sync_acquired

17344 : 0x79ef507156c : 2 : ittapi_config_apply_per_lib :  ITTAPI function NOT instrumented (not matched by --itt-config option): __itt_sync_releasing

17344 : 0x79ef507157c : 2 : ittapi_config_apply_per_lib :  ITTAPI function NOT instrumented (not matched by --itt-config option): __itt_model_site_begin

17344 : 0x79ef50715a3 : 2 : ittapi_config_apply_per_lib :  ITTAPI function NOT instrumented (not matched by --itt-config option): __itt_model_site_end

17344 : 0x79ef50715b3 : 2 : ittapi_config_apply_per_lib :  ITTAPI function NOT instrumented (not matched by --itt-config option): __itt_model_task_begin

17344 : 0x79ef50715c4 : 2 : ittapi_config_apply_per_lib :  ITTAPI function NOT instrumented (not matched by --itt-config option): __itt_model_task_end

17344 : 0x79ef50715d4 : 2 : ittapi_config_apply_per_lib :  ITTAPI function NOT instrumented (not matched by --itt-config option): __itt_model_lock_acquire

17344 : 0x79ef50715e4 : 2 : ittapi_config_apply_per_lib :  ITTAPI function NOT instrumented (not matched by --itt-config option): __itt_model_lock_release

17344 : 0x79ef50715f4 : 2 : ittapi_config_apply_per_lib :  ITTAPI function NOT instrumented (not matched by --itt-config option): __itt_model_record_allocation

17344 : 0x79ef5071605 : 2 : ittapi_config_apply_per_lib :  ITTAPI function NOT instrumented (not matched by --itt-config option): __itt_model_record_deallocation

17344 : 0x79ef5071616 : 2 : ittapi_config_apply_per_lib :  ITTAPI function NOT instrumented (not matched by --itt-config option): __itt_model_induction_uses

17344 : 0x79ef5071626 : 2 : ittapi_config_apply_per_lib :  ITTAPI function NOT instrumented (not matched by --itt-config option): __itt_model_reduction_uses

17344 : 0x79ef5071636 : 2 : ittapi_config_apply_per_lib :  ITTAPI function NOT instrumented (not matched by --itt-config option): __itt_model_observe_uses

17344 : 0x79ef5071658 : 2 : ittapi_config_apply_per_lib :  ITTAPI function NOT instrumented (not matched by --itt-config option): __itt_model_clear_uses

17344 : 0x79ef5071668 : 2 : ittapi_config_apply_per_lib :  ITTAPI function NOT instrumented (not matched by --itt-config option): __itt_model_site_beginW

17344 : 0x79ef5071678 : 2 : ittapi_config_apply_per_lib :  ITTAPI function NOT instrumented (not matched by --itt-config option): __itt_model_task_beginW

17344 : 0x79ef5071688 : 2 : ittapi_config_apply_per_lib :  ITTAPI function NOT instrumented (not matched by --itt-config option): __itt_model_iteration_taskW

17344 : 0x79ef5071697 : 2 : ittapi_config_apply_per_lib :  ITTAPI function NOT instrumented (not matched by --itt-config option): __itt_model_site_beginA

17344 : 0x79ef50716a8 : 2 : ittapi_config_apply_per_lib :  ITTAPI function NOT instrumented (not matched by --itt-config option): __itt_model_site_beginAL

17344 : 0x79ef50716b7 : 2 : ittapi_config_apply_per_lib :  ITTAPI function NOT instrumented (not matched by --itt-config option): __itt_model_task_beginA

17344 : 0x79ef50716c7 : 2 : ittapi_config_apply_per_lib :  ITTAPI function NOT instrumented (not matched by --itt-config option): __itt_model_task_beginAL

17344 : 0x79ef50716d6 : 2 : ittapi_config_apply_per_lib :  ITTAPI function NOT instrumented (not matched by --itt-config option): __itt_model_iteration_taskA

17344 : 0x79ef50716e6 : 2 : ittapi_config_apply_per_lib :  ITTAPI function NOT instrumented (not matched by --itt-config option): __itt_model_iteration_taskAL

17344 : 0x79ef507170e : 2 : ittapi_config_apply_per_lib :  ITTAPI function NOT instrumented (not matched by --itt-config option): __itt_model_site_end_2

17344 : 0x79ef507171e : 2 : ittapi_config_apply_per_lib :  ITTAPI function NOT instrumented (not matched by --itt-config option): __itt_model_task_end_2

17344 : 0x79ef5071736 : 2 : ittapi_config_apply_per_lib :  ITTAPI function NOT instrumented (not matched by --itt-config option): __itt_model_lock_acquire_2

17344 : 0x79ef5071746 : 2 : ittapi_config_apply_per_lib :  ITTAPI function NOT instrumented (not matched by --itt-config option): __itt_model_lock_release_2

17344 : 0x79ef5071755 : 2 : ittapi_config_apply_per_lib :  ITTAPI function NOT instrumented (not matched by --itt-config option): __itt_model_aggregate_task

17344 : 0x79ef5071769 : 2 : ittapi_config_apply_per_lib :  ITTAPI function NOT instrumented (not matched by --itt-config option): __itt_model_disable_push

17344 : 0x79ef507177c : 2 : ittapi_config_apply_per_lib :  ITTAPI function NOT instrumented (not matched by --itt-config option): __itt_model_disable_pop

17344 : 0x79ef50717ac : 2 : ittapi_config_apply_per_lib :  ITTAPI function instrumented: __itt_heap_function_createA
17344 : 0x79ef50717c2 : 2 : ittapi_config_apply_per_lib :  ITTAPI function instrumented: __itt_heap_function_createW
17344 : 0x79ef50717d5 : 2 : ittapi_config_apply_per_lib :  ITTAPI function instrumented: __itt_heap_allocate_begin
17344 : 0x79ef5071818 : 2 : ittapi_config_apply_per_lib :  ITTAPI function instrumented: __itt_heap_allocate_end
17344 : 0x79ef507182e : 2 : ittapi_config_apply_per_lib :  ITTAPI function instrumented: __itt_heap_free_begin
17344 : 0x79ef5071841 : 2 : ittapi_config_apply_per_lib :  ITTAPI function instrumented: __itt_heap_free_end
17344 : 0x79ef5071854 : 2 : ittapi_config_apply_per_lib :  ITTAPI function instrumented: __itt_heap_reallocate_begin
17344 : 0x79ef5071867 : 2 : ittapi_config_apply_per_lib :  ITTAPI function instrumented: __itt_heap_reallocate_end
17344 : 0x79ef507187e : 2 : ittapi_config_apply_per_lib :  ITTAPI function not implemented: __itt_heap_internal_access_begin
17344 : 0x79ef5071895 : 2 : ittapi_config_apply_per_lib :  ITTAPI function not implemented: __itt_heap_internal_access_end
17344 : 0x79ef50718aa : 2 : ittapi_config_apply_per_lib :  ITTAPI function not implemented: __itt_heap_record_memory_growth_begin
17344 : 0x79ef50718c0 : 2 : ittapi_config_apply_per_lib :  ITTAPI function not implemented: __itt_heap_record_memory_growth_end
17344 : 0x79ef50718d8 : 2 : ittapi_config_apply_per_lib :  ITTAPI function not implemented: __itt_heap_reset_detection
17344 : 0x79ef5071913 : 2 : ittapi_config_apply_per_lib :  ITTAPI function not implemented: __itt_heap_record
17344 : 0x79ef5071929 : 2 : ittapi_config_apply_per_lib :  ITTAPI function not implemented: __itt_id_create
17344 : 0x79ef507193e : 2 : ittapi_config_apply_per_lib :  ITTAPI function not implemented: __itt_id_destroy
17344 : 0x79ef5071954 : 2 : ittapi_config_apply_per_lib :  ITTAPI function instrumented: __itt_get_timestamp
17344 : 0x79ef507196f : 2 : ittapi_config_apply_per_lib :  ITTAPI function not implemented: __itt_region_begin
17344 : 0x79ef507197f : 2 : ittapi_config_apply_per_lib :  ITTAPI function not implemented: __itt_region_end
17344 : 0x79ef5071997 : 2 : ittapi_config_apply_per_lib :  ITTAPI function instrumented: __itt_frame_begin_v3
17344 : 0x79ef50719a6 : 2 : ittapi_config_apply_per_lib :  ITTAPI function instrumented: __itt_frame_end_v3
17344 : 0x79ef50719b5 : 2 : ittapi_config_apply_per_lib :  ITTAPI function instrumented: __itt_frame_submit_v3
17344 : 0x79ef50719c4 : 2 : ittapi_config_apply_per_lib :  ITTAPI function not implemented: __itt_task_group
17344 : 0x79ef5071acc : 2 : ittapi_config_apply_per_lib :  ITTAPI function instrumented: __itt_task_begin
17344 : 0x79ef5071ae3 : 2 : ittapi_config_apply_per_lib :  ITTAPI function instrumented: __itt_task_begin_fn
17344 : 0x79ef5071af2 : 2 : ittapi_config_apply_per_lib :  ITTAPI function instrumented: __itt_task_end
17344 : 0x79ef5071b02 : 2 : ittapi_config_apply_per_lib :  ITTAPI function not implemented: __itt_counter_inc_v3
17344 : 0x79ef5071b12 : 2 : ittapi_config_apply_per_lib :  ITTAPI function not implemented: __itt_counter_inc_delta_v3
17344 : 0x79ef5071b22 : 2 : ittapi_config_apply_per_lib :  ITTAPI function not implemented: __itt_counter_dec_v3
17344 : 0x79ef5071b32 : 2 : ittapi_config_apply_per_lib :  ITTAPI function not implemented: __itt_counter_dec_delta_v3
17344 : 0x79ef5071b41 : 2 : ittapi_config_apply_per_lib :  ITTAPI function not implemented: __itt_marker
17344 : 0x79ef5071b50 : 2 : ittapi_config_apply_per_lib :  ITTAPI function instrumented: __itt_metadata_add
17344 : 0x79ef5071b5f : 2 : ittapi_config_apply_per_lib :  ITTAPI function not implemented: __itt_metadata_str_addA
17344 : 0x79ef5071b8d : 2 : ittapi_config_apply_per_lib :  ITTAPI function not implemented: __itt_metadata_str_addW
17344 : 0x79ef5071b9e : 2 : ittapi_config_apply_per_lib :  ITTAPI function not implemented: __itt_relation_add_to_current
17344 : 0x79ef5071bac : 2 : ittapi_config_apply_per_lib :  ITTAPI function not implemented: __itt_relation_add
17344 : 0x79ef5071bbb : 2 : ittapi_config_apply_per_lib :  ITTAPI function instrumented: __itt_event_createA
17344 : 0x79ef5071bca : 2 : ittapi_config_apply_per_lib :  ITTAPI function instrumented: __itt_event_createW
17344 : 0x79ef5071bd8 : 2 : ittapi_config_apply_per_lib :  ITTAPI function instrumented: __itt_event_start
17344 : 0x79ef5071be6 : 2 : ittapi_config_apply_per_lib :  ITTAPI function instrumented: __itt_event_end
17344 : 0x79ef5071bf1 : 2 : ittapi_config_apply_per_lib :  ITTAPI function NOT instrumented (not matched by --itt-config option): __itt_sync_set_nameA

17344 : 0x79ef5071c01 : 2 : ittapi_config_apply_per_lib :  ITTAPI function NOT instrumented (not matched by --itt-config option): __itt_sync_set_nameW

17344 : 0x79ef5071c12 : 2 : ittapi_config_apply_per_lib :  ITTAPI function NOT instrumented (not matched by --itt-config option): __itt_notify_sync_nameA

17344 : 0x79ef5071c34 : 2 : ittapi_config_apply_per_lib :  ITTAPI function NOT instrumented (not matched by --itt-config option): __itt_notify_sync_nameW

17344 : 0x79ef5071c44 : 2 : ittapi_config_apply_per_lib :  ITTAPI function NOT instrumented (not matched by --itt-config option): __itt_notify_sync_prepare

17344 : 0x79ef5071c55 : 2 : ittapi_config_apply_per_lib :  ITTAPI function NOT instrumented (not matched by --itt-config option): __itt_notify_sync_cancel

17344 : 0x79ef5071c64 : 2 : ittapi_config_apply_per_lib :  ITTAPI function NOT instrumented (not matched by --itt-config option): __itt_notify_sync_acquired

17344 : 0x79ef5071c74 : 2 : ittapi_config_apply_per_lib :  ITTAPI function NOT instrumented (not matched by --itt-config option): __itt_notify_sync_releasing

17344 : 0x79ef5071c89 : 2 : ittapi_config_apply_per_lib :  ITTAPI function not implemented: __itt_memory_read
17344 : 0x79ef5071c98 : 2 : ittapi_config_apply_per_lib :  ITTAPI function not implemented: __itt_memory_write
17344 : 0x79ef5071ca7 : 2 : ittapi_config_apply_per_lib :  ITTAPI function not implemented: __itt_memory_update
17344 : 0x79ef5071cb6 : 2 : ittapi_config_apply_per_lib :  ITTAPI function not implemented: __itt_state_get
17344 : 0x79ef5071cc5 : 2 : ittapi_config_apply_per_lib :  ITTAPI function not implemented: __itt_state_set
17344 : 0x79ef5071ce6 : 2 : ittapi_config_apply_per_lib :  ITTAPI function not implemented: __itt_obj_mode_set
17344 : 0x79ef5071cf7 : 2 : ittapi_config_apply_per_lib :  ITTAPI function not implemented: __itt_thr_mode_set
17344 : 0x79ef5071d06 : 2 : ittapi_config_apply_per_lib :  ITTAPI function instrumented: __itt_frame_createA
17344 : 0x79ef5071d13 : 2 : ittapi_config_apply_per_lib :  ITTAPI function instrumented: __itt_frame_createW
17344 : 0x79ef5071d22 : 2 : ittapi_config_apply_per_lib :  ITTAPI function instrumented: __itt_pt_region_createA
17344 : 0x79ef5071d2f : 2 : ittapi_config_apply_per_lib :  ITTAPI function instrumented: __itt_pt_region_createW
17344 : 0x79ef5071d3d : 2 : ittapi_config_apply_per_lib :  ITTAPI function instrumented: __itt_frame_begin
17344 : 0x79ef5071d4b : 2 : ittapi_config_apply_per_lib :  ITTAPI function instrumented: __itt_frame_end
17344 : 0x79ef5071d5a : 2 : ittapi_config_apply_per_lib :  ITTAPI function not implemented: __itt_counter_destroy
17344 : 0x79ef5071d6a : 2 : ittapi_config_apply_per_lib :  ITTAPI function instrumented: __itt_counter_inc
17344 : 0x79ef5071d94 : 2 : ittapi_config_apply_per_lib :  ITTAPI function instrumented: __itt_counter_inc_delta
17344 : 0x79ef5071da4 : 2 : ittapi_config_apply_per_lib :  ITTAPI function instrumented: __itt_counter_dec
17344 : 0x79ef5071db2 : 2 : ittapi_config_apply_per_lib :  ITTAPI function instrumented: __itt_counter_dec_delta
17344 : 0x79ef5071dc0 : 2 : ittapi_config_apply_per_lib :  ITTAPI function instrumented: __itt_counter_set_value
17344 : 0x79ef5071dcf : 2 : ittapi_config_apply_per_lib :  ITTAPI function not implemented: __itt_counter_set_value_ex
17344 : 0x79ef5071de7 : 2 : ittapi_config_apply_per_lib :  ITTAPI function not implemented: __itt_mark_createA
17344 : 0x79ef5071df6 : 2 : ittapi_config_apply_per_lib :  ITTAPI function not implemented: __itt_mark_createW
17344 : 0x79ef5071e04 : 2 : ittapi_config_apply_per_lib :  ITTAPI function not implemented: __itt_markA
17344 : 0x79ef5071e13 : 2 : ittapi_config_apply_per_lib :  ITTAPI function not implemented: __itt_markW
17344 : 0x79ef5071e23 : 2 : ittapi_config_apply_per_lib :  ITTAPI function not implemented: __itt_mark_off
17344 : 0x79ef5071e49 : 2 : ittapi_config_apply_per_lib :  ITTAPI function not implemented: __itt_mark_globalA
17344 : 0x79ef5071e58 : 2 : ittapi_config_apply_per_lib :  ITTAPI function not implemented: __itt_mark_globalW
17344 : 0x79ef5071e67 : 2 : ittapi_config_apply_per_lib :  ITTAPI function not implemented: __itt_mark_global_off
17344 : 0x79ef5071e77 : 2 : ittapi_config_apply_per_lib :  ITTAPI function instrumented: __itt_stack_caller_create
17344 : 0x79ef5071e85 : 2 : ittapi_config_apply_per_lib :  ITTAPI function instrumented: __itt_stack_caller_destroy
17344 : 0x79ef5071e94 : 2 : ittapi_config_apply_per_lib :  ITTAPI function instrumented: __itt_stack_callee_enter
17344 : 0x79ef5071ea2 : 2 : ittapi_config_apply_per_lib :  ITTAPI function instrumented: __itt_stack_callee_leave
17344 : 0x79ef5071eb0 : 2 : ittapi_config_apply_per_lib :  ITTAPI function not implemented: __itt_clock_domain_create
17344 : 0x79ef5071ec0 : 2 : ittapi_config_apply_per_lib :  ITTAPI function not implemented: __itt_clock_domain_reset
17344 : 0x79ef5071ece : 2 : ittapi_config_apply_per_lib :  ITTAPI function not implemented: __itt_id_create_ex
17344 : 0x79ef5071ef2 : 2 : ittapi_config_apply_per_lib :  ITTAPI function not implemented: __itt_id_destroy_ex
17344 : 0x79ef5071f02 : 2 : ittapi_config_apply_per_lib :  ITTAPI function not implemented: __itt_task_begin_ex
17344 : 0x79ef5071f12 : 2 : ittapi_config_apply_per_lib :  ITTAPI function not implemented: __itt_task_begin_fn_ex
17344 : 0x79ef5071f22 : 2 : ittapi_config_apply_per_lib :  ITTAPI function not implemented: __itt_task_end_ex
17344 : 0x79ef5071f30 : 2 : ittapi_config_apply_per_lib :  ITTAPI function instrumented: __itt_task_begin_overlapped
17344 : 0x79ef5071f3f : 2 : ittapi_config_apply_per_lib :  ITTAPI function not implemented: __itt_task_begin_overlapped_ex
17344 : 0x79ef5071f4e : 2 : ittapi_config_apply_per_lib :  ITTAPI function instrumented: __itt_task_end_overlapped
17344 : 0x79ef5071f5c : 2 : ittapi_config_apply_per_lib :  ITTAPI function not implemented: __itt_task_end_overlapped_ex
17344 : 0x79ef5071f6b : 2 : ittapi_config_apply_per_lib :  ITTAPI function not implemented: __itt_marker_ex
17344 : 0x79ef5071f7a : 2 : ittapi_config_apply_per_lib :  ITTAPI function not implemented: __itt_metadata_add_with_scope
17344 : 0x79ef5071fa5 : 2 : ittapi_config_apply_per_lib :  ITTAPI function not implemented: __itt_metadata_str_add_with_scopeA
17344 : 0x79ef5071fb6 : 2 : ittapi_config_apply_per_lib :  ITTAPI function not implemented: __itt_metadata_str_add_with_scopeW
17344 : 0x79ef5071fc6 : 2 : ittapi_config_apply_per_lib :  ITTAPI function not implemented: __itt_relation_add_to_current_ex
17344 : 0x79ef5071fdb : 2 : ittapi_config_apply_per_lib :  ITTAPI function not implemented: __itt_relation_add_ex
17344 : 0x79ef5071feb : 2 : ittapi_config_apply_per_lib :  ITTAPI function not implemented: __itt_track_group_create
17344 : 0x79ef5071ffa : 2 : ittapi_config_apply_per_lib :  ITTAPI function not implemented: __itt_track_create
17344 : 0x79ef507200a : 2 : ittapi_config_apply_per_lib :  ITTAPI function not implemented: __itt_set_track
17344 : 0x79ef5072019 : 2 : ittapi_config_apply_per_lib :  ITTAPI function instrumented: __itt_api_version
17344 : 0x79ef5072028 : 2 : ittapi_config_apply_per_lib :  ITTAPI function not implemented: __itt_av_saveA
17344 : 0x79ef5072038 : 2 : ittapi_config_apply_per_lib :  ITTAPI function not implemented: __itt_av_saveW
17344 : 0x79ef507205e : 2 : ittapi_config_apply_per_lib :  ITTAPI function instrumented: __itt_module_loadA
17344 : 0x79ef507206e : 2 : ittapi_config_apply_per_lib :  ITTAPI function instrumented: __itt_module_loadW