c:\users\sanch\desktop\refactor\opennn\examples\object_detector\debug\moc_predefs.h
c:\users\sanch\desktop\refactor\opennn\examples\object_detector\debug\main.obj
c:\users\sanch\desktop\refactor\opennn\examples\object_detector\bin\object_detection.ilk
c:\users\sanch\desktop\refactor\opennn\examples\object_detector\bin\object_detection.exe
c:\users\sanch\desktop\refactor\opennn\examples\object_detector\bin\object_detection.pdb
c:\users\sanch\desktop\refactor\opennn\examples\object_detector\debug\object_detection.tlog\cl.items.tlog
c:\users\sanch\desktop\refactor\opennn\examples\object_detector\debug\object_detection.tlog\custombuild.command.1.tlog
c:\users\sanch\desktop\refactor\opennn\examples\object_detector\debug\object_detection.tlog\custombuild.read.1.tlog
c:\users\sanch\desktop\refactor\opennn\examples\object_detector\debug\object_detection.tlog\custombuild.write.1.tlog
c:\users\sanch\desktop\refactor\opennn\examples\object_detector\debug\object_detection.tlog\icx-cl.command.1.tlog
c:\users\sanch\desktop\refactor\opennn\examples\object_detector\debug\object_detection.tlog\intel.build.icxtasks.icx.read.1.tlog
c:\users\sanch\desktop\refactor\opennn\examples\object_detector\debug\object_detection.tlog\intel.build.icxtasks.icx.write.1.tlog
c:\users\sanch\desktop\refactor\opennn\examples\object_detector\debug\object_detection.tlog\xilink-clang.read.1.tlog
c:\users\sanch\desktop\refactor\opennn\examples\object_detector\debug\object_detection.tlog\xilink-link-cvtres.read.1.tlog
c:\users\sanch\desktop\refactor\opennn\examples\object_detector\debug\object_detection.tlog\xilink-link-cvtres.write.1.tlog
c:\users\sanch\desktop\refactor\opennn\examples\object_detector\debug\object_detection.tlog\xilink-link-rc.read.1.tlog
c:\users\sanch\desktop\refactor\opennn\examples\object_detector\debug\object_detection.tlog\xilink-link-rc.write.1.tlog
c:\users\sanch\desktop\refactor\opennn\examples\object_detector\debug\object_detection.tlog\xilink-link.read.1.tlog
c:\users\sanch\desktop\refactor\opennn\examples\object_detector\debug\object_detection.tlog\xilink-link.write.1.tlog
c:\users\sanch\desktop\refactor\opennn\examples\object_detector\debug\object_detection.tlog\xilink.command.1.tlog
c:\users\sanch\desktop\refactor\opennn\examples\object_detector\debug\object_detection.tlog\xilink.read.1.tlog
c:\users\sanch\desktop\refactor\opennn\examples\object_detector\debug\object_detection.tlog\xilink.write.1.tlog
