  In file included from main.cpp:26:
./../../dnnl/include/oneapi/dnnl/dnnl.h(255,16): : warning : variable 'status_t' is uninitialized when used here [-Wuninitialized]
          return status_t;
                 ^~~~~~~~
  ./../../dnnl/include/oneapi/dnnl/dnnl.h(254,9): note: variable 'status_t' is declared here
          dnnl_status_t status_t;
          ^
./../../dnnl/include/oneapi/dnnl/dnnl.h(3423,12): : warning : variable 'size' is uninitialized when used here [-Wuninitialized]
      return size;
             ^~~~
  ./../../dnnl/include/oneapi/dnnl/dnnl.h(3422,16): note: initialize the variable 'size' to silence this warning
      size_t size;
                 ^
                  = 0
./../../dnnl/include/oneapi/dnnl/dnnl.h(3438,12): : warning : variable 'status' is uninitialized when used here [-Wuninitialized]
      return status;
             ^~~~~~
  ./../../dnnl/include/oneapi/dnnl/dnnl.h(3437,5): note: variable 'status' is declared here
      dnnl_status_t status;
      ^
./../../dnnl/include/oneapi/dnnl/dnnl.h(3458,12): : warning : variable 'status_t' is uninitialized when used here [-Wuninitialized]
      return status_t;
             ^~~~~~~~
  ./../../dnnl/include/oneapi/dnnl/dnnl.h(3457,5): note: variable 'status_t' is declared here
      dnnl_status_t status_t;
      ^
  In file included from main.cpp:28:
  In file included from ./../../dnnl/include/dnnl.hpp:20:
D:\dnnl\include/oneapi/dnnl/dnnl.hpp(1079,5): : warning : non-void function does not return a value [-Wreturn-type]
      }
      ^
  5 warnings generated.
  blank.vcxproj -> D:\opennn\x64\Release\blank.exe
