d:\opennn\blank\x64\release\main.obj
d:\opennn\x64\release\blank.pdb
d:\opennn\x64\release\blank.exe
d:\opennn\blank\x64\release\blank.tlog\icx-clang-cl.delete.1.tlog
d:\opennn\blank\x64\release\blank.tlog\icx-clang-cl.read.1.tlog
d:\opennn\blank\x64\release\blank.tlog\icx-clang-cl.write.1.tlog
d:\opennn\blank\x64\release\blank.tlog\icx.command.1.tlog
d:\opennn\blank\x64\release\blank.tlog\icx.read.1.tlog
d:\opennn\blank\x64\release\blank.tlog\icx.write.1.tlog
d:\opennn\blank\x64\release\blank.tlog\xilink-lld-link.delete.1.tlog
d:\opennn\blank\x64\release\blank.tlog\xilink-lld-link.read.1.tlog
d:\opennn\blank\x64\release\blank.tlog\xilink-lld-link.read.2.tlog
d:\opennn\blank\x64\release\blank.tlog\xilink-lld-link.read.3.tlog
d:\opennn\blank\x64\release\blank.tlog\xilink-lld-link.read.4.tlog
d:\opennn\blank\x64\release\blank.tlog\xilink-lld-link.read.5.tlog
d:\opennn\blank\x64\release\blank.tlog\xilink-lld-link.read.6.tlog
d:\opennn\blank\x64\release\blank.tlog\xilink-lld-link.write.1.tlog
d:\opennn\blank\x64\release\blank.tlog\xilink.command.1.tlog
d:\opennn\blank\x64\release\blank.tlog\xilink.read.1.tlog
d:\opennn\blank\x64\release\blank.tlog\xilink.write.1.tlog
