59 [17912] INFO perfrun.launcher <> - Launcher main begin
64 [17912] INFO perfrun.launcher <> - MessageCatalogInit finished
64 [17912] INFO perfrun.launcher <> - Launcher instance created
64 [17912] INFO perfrun.launcher <> - argc = 6; cmdline = C:\Program Files (x86)\Intel\oneAPI\advisor\2021.4.0\bin64\advixe-runss.exe --ui-output-format xml --ui-output-fd 3708 --context-value-list 
88 [17912] INFO perfrun.launcher <> - New signal handler callback was added
137 [17912] INFO perfrun.launcher <> - create msngr2::ICliToolContext
137 [17912] INFO perfrun.launcher <> - create file finder object
138 [17912] INFO perfrun.launcher <> - Put into the variant bag the context value: name = targetOS; value = Windows
138 [17912] INFO perfrun.launcher <> - Put into the variant bag the context value: name = OS; value = Windows
138 [17912] INFO perfrun.launcher <> - Put into the variant bag the context value: name = OSBuildNumber; value = 19042
138 [17912] INFO perfrun.launcher <> - Put into the variant bag the context value: name = OSBitness; value = 64
138 [17912] INFO perfrun.launcher <> - Put into the variant bag the context value: name = AdministratorPrivileges; value = false
139 [17912] INFO perfrun.launcher <> - Put into the variant bag the context value: name = isPtraceScopeLimited; value = false
139 [17912] INFO perfrun.launcher <> - Put into the variant bag the context value: name = isCATSupportedByCPU; value = false
139 [17912] INFO perfrun.launcher <> - Put into the variant bag the context value: name = isL3MonitoringSupportedByCPU; value = false
139 [17912] INFO perfrun.launcher <> - Put into the variant bag the context value: name = isTSXAvailable; value = false
139 [17912] INFO perfrun.launcher <> - Put into the variant bag the context value: name = isPTAvailable; value = false
139 [17912] INFO perfrun.launcher <> - Put into the variant bag the context value: name = isHTEnabled; value = false
139 [17912] INFO perfrun.launcher <> - Put into the variant bag the context value: name = fpgaOnBoard; value = None
139 [17912] INFO perfrun.launcher <> - Put into the variant bag the context value: name = omniPathOnBoard; value = None
140 [17912] INFO perfrun.launcher <> - Put into the variant bag the context value: name = pciClassParts; value = 
140 [17912] INFO perfrun.launcher <> - Put into the variant bag the context value: name = tidValuesForIO; value = 
140 [17912] INFO perfrun.launcher <> - Put into the variant bag the context value: name = populatedIoParts; value = 
140 [17912] INFO perfrun.launcher <> - Put into the variant bag the context value: name = populatedIoUnits; value = 
140 [17912] INFO perfrun.launcher <> - Put into the variant bag the context value: name = populatedTidValuesForIO; value = 
140 [17912] INFO perfrun.launcher <> - Put into the variant bag the context value: name = isSGXAvailable; value = false
140 [17912] INFO perfrun.launcher <> - Put into the variant bag the context value: name = Hypervisor; value = Microsoft Hv
140 [17912] INFO perfrun.launcher <> - Put into the variant bag the context value: name = PerfmonVersion; value = 4
140 [17912] INFO perfrun.launcher <> - Put into the variant bag the context value: name = isMaxDRAMBandwidthMeasurementSupported; value = false
140 [17912] INFO perfrun.launcher <> - Put into the variant bag the context value: name = preferedGpuAdapter; value = 0:1:0.0
140 [17912] INFO perfrun.launcher <> - Put into the variant bag the context value: name = areGpuHardwareMetricsAvailableList; value = 
140 [17912] INFO perfrun.launcher <> - Put into the variant bag the context value: name = gpuPlatformIndexList; value = 
141 [17912] INFO perfrun.launcher <> - Put into the variant bag the context value: name = isTPSSAvailable; value = true
141 [17912] INFO perfrun.launcher <> - Put into the variant bag the context value: name = isPytraceAvailable; value = true
141 [17912] INFO perfrun.launcher <> - Put into the variant bag the context value: name = isGENDebugInfoAvailableList; value = 
141 [17912] INFO perfrun.launcher <> - Put into the variant bag the context value: name = isGTPinCollectionAvailableList; value = 
141 [17912] INFO perfrun.launcher <> - Put into the variant bag the context value: name = forceShowInlines; value = false
141 [17912] INFO perfrun.launcher <> - Application exit code: 0
141 [17912] INFO perfrun.launcher <> - Exit code: 0
