88 [9956] INFO perfrun.launcher <> - Launcher main begin
93 [9956] INFO perfrun.launcher <> - MessageCatalogInit finished
93 [9956] INFO perfrun.launcher <> - Launcher instance created
93 [9956] INFO perfrun.launcher <> - argc = 7; cmdline = C:\Program Files (x86)\Intel\oneAPI\vtune\2021.5.0\bin64\amplxe-runss.exe --ui-output-format xml --ui-output-fd 1076 --option-file D:\opennn\examples\rosenbrock\VTune Profiler Results\rosenbrock\r001ps\config\runss.options 
105 [9956] INFO perfrun.launcher <> - New signal handler callback was added
166 [9956] INFO perfrun.launcher <> - create msngr2::ICliToolContext
167 [9956] INFO perfrun.launcher <> - create file finder object
167 [9956] INFO perfrun.launcher <> - create a result directory: pattern = D:\opennn\examples\rosenbrock\VTune Profiler Results\rosenbrock\r001ps pid = 4294967295
172 [9956] INFO perfrun.launcher <> - create data directory = D:\opennn\examples\rosenbrock\VTune Profiler Results\rosenbrock\r001ps\data.0
172 [9956] INFO perfrun.launcher <> - Creating the master collection flag
179 [9956] INFO perfrun.launcher <> - Done creating the master collection flag
180 [6016] INFO perfrun.launcher <> - plugin [remoteplug] was disabled because it doesn't support the given collection type.
180 [6016] INFO perfrun.sdk <> - Allocating TMU :D:\opennn\examples\rosenbrock\VTune Profiler Results\rosenbrock\r001ps\data.0\systemcollector-18260-DESKTOP-5PN25MA.sc
180 [6016] INFO perfrun.launcher <> - plugin [] was disabled because it doesn't support the given collection type.
183 [6016] INFO perfrun.launcher <> - plugin [] was disabled because it doesn't support the given collection type.
183 [6016] INFO perfrun.launcher <> - plugin [gpu] was disabled because it doesn't support the given collection type.
183 [6016] INFO perfrun.launcher <> - plugin [etw.kernel] was disabled because it doesn't support the given collection type.
183 [6016] INFO perfrun.launcher <> - plugin [etw.dx] was disabled because it doesn't support the given collection type.
183 [6016] INFO perfrun.launcher <> - plugin [etw.wsa] was disabled because it doesn't support the given collection type.
183 [6016] INFO perfrun.mrte <> - system-wide mode is 0
184 [6016] INFO perfrun.mrte <> - Getting  mrte profiling environment ...
264 [6016] INFO perfrun.mrte <> - INTEL_MRTE_DATA_DIR=D:\opennn\examples\rosenbrock\VTune Profiler Results\rosenbrock\r001ps\data.0
264 [6016] INFO perfrun.mrte <> - INTEL_MRTE_HOST_NAME=DESKTOP-5PN25MA
264 [6016] INFO perfrun.mrte <> - JAVA_TOOL_OPTIONS=-agentlib:amplxe_tpssmrte_javaprof_1.0
264 [6016] INFO perfrun.mrte <> - COR_ENABLE_PROFILING=1
264 [6016] INFO perfrun.mrte <> - COR_PROFILER={2603158F-60BC-4915-9795-D85FC7A9A2C8}
264 [6016] INFO perfrun.mrte <> - COMPLUS_ProfAPI_ProfilerCompatibilitySetting=EnableV2Profiler
264 [6016] INFO perfrun.mrte <> - CORECLR_ENABLE_PROFILING=1
264 [6016] INFO perfrun.mrte <> - CORECLR_PROFILER={2603158F-60BC-4915-9795-D85FC7A9A2C8}
264 [6016] INFO perfrun.mrte <> - CORECLR_PROFILER_PATH=C:\Program Files (x86)\Intel\oneAPI\vtune\2021.5.0\bin64/amplxe_tpssmrte_clrprof_1.0.dll
264 [6016] INFO perfrun.mrte <> - INTEL_MRTE_PROFILER_MODE=mixed
264 [6016] INFO perfrun.mrte <> - Data directory: D:\opennn\examples\rosenbrock\VTune Profiler Results\rosenbrock\r001ps\data.0
264 [6016] INFO perfrun.mrte <> - Mrte plugin is initialized
264 [6016] INFO perfrun.launcher <> - plugin [emon] was disabled because it doesn't support the given collection type.
264 [6016] INFO perfrun.launcher <> - plugin [cuscol] was disabled because it doesn't support the given collection type.
264 [6016] INFO perfrun.launcher <> - plugin [stdsrc] was disabled because it doesn't support the given collection type.
264 [6016] INFO perfrun.launcher <> - plugin [sep] was disabled because it doesn't support the given collection type.
264 [6016] INFO perfrun.launcher <> - plugin [vtsspp] was disabled because it doesn't support the given collection type.
264 [6016] INFO perfrun.launcher <> - plugin [] was disabled because it doesn't support the given collection type.
264 [6016] INFO perfrun.launcher <> - plugin [aoclprofile] was disabled because it doesn't support the given collection type.
264 [6016] INFO perfrun.tpss <> - initialize tpss controller
264 [6016] INFO perfrun.tpss <> - configure collection mode: value = cpu:counters:nostack
264 [6016] INFO perfrun.tpss <> - configure collection mode: value = cpu:nostack
264 [6016] INFO perfrun.tpss <> - default obj-size-min=1024
264 [6016] INFO perfrun.tpss <> - default hash-table-size=0
265 [6016] INFO perfrun.launcher <> - plugin [exprof] was disabled because it doesn't support the given collection type.
265 [6016] INFO perfrun.launcher <> - plugin [] was disabled because it doesn't support the given collection type.
265 [6016] INFO perfrun.launcher <> - plugin [] was disabled because it doesn't support the given collection type.
265 [6016] INFO perfrun.launcher <> - plugin [] was disabled because it doesn't support the given collection type.
265 [6016] INFO perfrun.launcher <> - plugin [] was disabled because it doesn't support the given collection type.
265 [6016] INFO perfrun.launcher <> - plugin [power] was disabled because it doesn't support the given collection type.
265 [6016] INFO perfrun.launcher <> - plugin [hwloc] was disabled because it doesn't support the given collection type.
265 [6016] INFO perfrun.launcher <> - plugin [ipmwatch] was disabled because it doesn't support the given collection type.
265 [6016] INFO perfrun.launcher <> - plugin [os_counters] was disabled because it doesn't support the given collection type.
265 [9956] INFO perfrun.launcher <> - set environment variable: PATH = C:\Program Files (x86)\Intel\oneAPI\vtune\2021.5.0\bin32\runtime;C:\Program Files (x86)\Intel\oneAPI\vtune\2021.5.0\bin64\runtime;C:\Program Files\NVIDIA GPU Computing Toolkit\CUDA\v11.2\bin;C:\Program Files\NVIDIA GPU Computing Toolkit\CUDA\v11.2\libnvvp;C:\Program Files (x86)\Intel\Intel(R) Management Engine Components\iCLS\;C:\Program Files\Intel\Intel(R) Management Engine Components\iCLS\;C:\Windows\system32;C:\Windows;C:\Windows\System32\Wbem;C:\Windows\System32\WindowsPowerShell\v1.0\;C:\Windows\System32\OpenSSH\;C:\Program Files (x86)\NVIDIA Corporation\PhysX\Common;C:\Program Files (x86)\Intel\Intel(R) Management Engine Components\DAL;C:\Program Files\Intel\Intel(R) Management Engine Components\DAL;C:\Program Files (x86)\Intel\Intel(R) Management Engine Components\IPT;C:\Program Files\Intel\Intel(R) Management Engine Components\IPT;C:\Program Files\Intel\WiFi\bin\;C:\Program Files\Common Files\Intel\WirelessCommon\;C:\WINDOWS\system32;C:\WINDOWS;C:\WINDOWS\System32\Wbem;C:\WINDOWS\System32\WindowsPowerShell\v1.0\;C:\WINDOWS\System32\OpenSSH\;C:\Program Files\TortoiseSVN\bin;C:\Program Files\Git\cmd;C:\Program Files\NVIDIA Corporation\Nsight Compute 2020.3.1\;C:\Program Files\NVIDIA Corporation\NVIDIA NvDLISR;C:\Program Files\MATLAB\R2021a\bin;C;C:\Users\Artelnics\AppData\Local\Microsoft\WindowsApps;C:\Users\Artelnics\AppData\Local\Programs\Microsoft VS Code\bin;C:\Users\Artelnics\AppData\Local\GitHubDesktop\bin;C:\Users\Artelnics\AppData\Local\Programs\MiKTeX\miktex\bin\x64\
265 [9956] INFO perfrun.launcher <> - set environment variable: INTEL_LIBITTNOTIFY32 = C:\Program Files (x86)\Intel\oneAPI\vtune\2021.5.0\bin32\runtime\ittnotify_collector.dll
265 [9956] INFO perfrun.launcher <> - set environment variable: INTEL_LIBITTNOTIFY64 = C:\Program Files (x86)\Intel\oneAPI\vtune\2021.5.0\bin64\runtime\ittnotify_collector.dll
265 [9956] INFO perfrun.launcher <> - set environment variable: INTEL_ITTNOTIFY_GROUPS = 
265 [9956] INFO perfrun.launcher <> - set environment variable: INTEL_JIT_PROFILER32 = C:\Program Files (x86)\Intel\oneAPI\vtune\2021.5.0\bin32\runtime\ittnotify_collector.dll
265 [9956] INFO perfrun.launcher <> - set environment variable: INTEL_JIT_PROFILER64 = C:\Program Files (x86)\Intel\oneAPI\vtune\2021.5.0\bin64\runtime\ittnotify_collector.dll
266 [9956] INFO perfrun.launcher <> - set environment variable: VS_PROFILER = ittnotify_collector.dll
266 [9956] INFO perfrun.launcher <> - set environment variable: OMP_TOOL_LIBRARIES = C:\Program Files (x86)\Intel\oneAPI\vtune\2021.5.0\bin32\runtime\ittnotify_collector.dll;C:\Program Files (x86)\Intel\oneAPI\vtune\2021.5.0\bin64\runtime\ittnotify_collector.dll
266 [9956] INFO perfrun.launcher <> - set environment variable: ENABLE_JITPROFILING = 1
266 [9956] INFO perfrun.launcher <> - set environment variable: CL_CONFIG_USE_VTUNE = True
266 [9956] INFO perfrun.launcher <> - set environment variable: KMP_FORKJOIN_FRAMES = 0
266 [9956] INFO perfrun.launcher <> - set environment variable: KMP_FORKJOIN_FRAMES_MODE = 0
266 [9956] INFO perfrun.launcher <> - set environment variable: OMP_TOOL = disabled
267 [9956] INFO perfrun.launcher <> - set environment variable: INTEL_MRTE_DATA_DIR = D:\opennn\examples\rosenbrock\VTune Profiler Results\rosenbrock\r001ps\data.0
267 [9956] INFO perfrun.launcher <> - set environment variable: INTEL_MRTE_HOST_NAME = DESKTOP-5PN25MA
267 [9956] INFO perfrun.launcher <> - set environment variable: JAVA_TOOL_OPTIONS = -agentlib:amplxe_tpssmrte_javaprof_1.0
267 [9956] INFO perfrun.launcher <> - set environment variable: COR_ENABLE_PROFILING = 1
267 [9956] INFO perfrun.launcher <> - set environment variable: COR_PROFILER = {2603158F-60BC-4915-9795-D85FC7A9A2C8}
267 [9956] INFO perfrun.launcher <> - set environment variable: COMPLUS_ProfAPI_ProfilerCompatibilitySetting = EnableV2Profiler
267 [9956] INFO perfrun.launcher <> - set environment variable: CORECLR_ENABLE_PROFILING = 1
267 [9956] INFO perfrun.launcher <> - set environment variable: CORECLR_PROFILER = {2603158F-60BC-4915-9795-D85FC7A9A2C8}
267 [9956] INFO perfrun.launcher <> - set environment variable: CORECLR_PROFILER_PATH = C:\Program Files (x86)\Intel\oneAPI\vtune\2021.5.0\bin64/amplxe_tpssmrte_clrprof_1.0.dll
267 [9956] INFO perfrun.launcher <> - set environment variable: INTEL_MRTE_PROFILER_MODE = mixed
267 [9956] INFO perfrun.launcher <> - RpcServer: run RPC server to handle requests
271 [9956] INFO perfrun.sdk <> - IProcessUtil: the given executable 'D:\opennn-build\x64\Release\rosenbrock.exe' is valid.
271 [9956] INFO perfrun.launcher <> - Launcher: command line to start before modification = D:\opennn-build\x64\Release\rosenbrock.exe
273 [9956] INFO perfrun.launcher <> - Launcher: command line to start after modification = C:\Program Files (x86)\Intel\oneAPI\vtune\2021.5.0\bin64\pin.exe -error_file D:\opennn\examples\rosenbrock\VTune Profiler Results\rosenbrock\r001ps\data.0\pinerr.tpsslog -detach_reattach -probe -follow_execv -p32 C:\Program Files (x86)\Intel\oneAPI\vtune\2021.5.0\bin32\pin.exe -p64 C:\Program Files (x86)\Intel\oneAPI\vtune\2021.5.0\bin64\pin.exe -t64 C:\Program Files (x86)\Intel\oneAPI\vtune\2021.5.0\bin64\tpsstool.dll -t C:\Program Files (x86)\Intel\oneAPI\vtune\2021.5.0\bin32\tpsstool.dll -server_name tpss_ipc.18260 -prd_dir C:\Program Files (x86)\Intel\oneAPI\vtune\2021.5.0 -- D:\opennn-build\x64\Release\rosenbrock.exe
273 [9956] INFO perfrun.launcher <> - ProcessCreator object was created
275 [9956] INFO perfrun.launcher <> - Launcher: the process was started in suspend mode
276 [6016] INFO perfrun.itt <> - start itt controller for pid #16596
276 [6016] INFO perfrun.tpss <> - start tpss controller for pid #16596
331 [9956] INFO perfrun.launcher <> - Launcher: all plugins were started
331 [9956] INFO perfrun.launcher <> - DirectoryMonitor object was created
331 [9956] INFO perfrun.launcher <> - DirectoryMonitor: a callback was added
331 [9956] INFO perfrun.launcher <> - DirectoryMonitor was started with pingTime = 1000
331 [9956] INFO perfrun.launcher <> - DeadlineTimer is going to be constructed
332 [9956] INFO perfrun.launcher <> - DeadlineTimer: a callback was added
352 [9956] INFO perfrun.launcher <> - Launcher: resume the profiled application and  wait its termination or stop command
4787 [8568] ERROR perfrun.launcher <> - Messenger::say: Failed to get a thread handle when attaching to the process due to OS error (Acceso denegado.
). Data for the thread will not be collected.
4787 [13128] ERROR perfrun.launcher <> - Messenger::say: Failed to get a thread handle when attaching to the process due to OS error (Acceso denegado.
). Data for the thread will not be collected.
4787 [14392] ERROR perfrun.launcher <> - Messenger::say: Failed to get a thread handle when attaching to the process due to OS error (Acceso denegado.
). Data for the thread will not be collected.
4787 [18916] ERROR perfrun.launcher <> - Messenger::say: Failed to get a thread handle when attaching to the process due to OS error (Acceso denegado.
). Data for the thread will not be collected.
4787 [20900] ERROR perfrun.launcher <> - Messenger::say: Failed to get a thread handle when attaching to the process due to OS error (Acceso denegado.
). Data for the thread will not be collected.
4788 [6024] ERROR perfrun.launcher <> - Messenger::say: Failed to get a thread handle when attaching to the process due to OS error (Acceso denegado.
). Data for the thread will not be collected.
4809 [14996] ERROR perfrun.launcher <> - Messenger::say: Failed to get a thread handle when attaching to the process due to OS error (Acceso denegado.
). Data for the thread will not be collected.
4813 [13792] ERROR perfrun.launcher <> - Messenger::say: Failed to get a thread handle when attaching to the process due to OS error (Acceso denegado.
). Data for the thread will not be collected.
4816 [12116] ERROR perfrun.launcher <> - Messenger::say: Failed to get a thread handle when attaching to the process due to OS error (Acceso denegado.
). Data for the thread will not be collected.
4819 [22108] ERROR perfrun.launcher <> - Messenger::say: Failed to get a thread handle when attaching to the process due to OS error (Acceso denegado.
). Data for the thread will not be collected.
4822 [20244] ERROR perfrun.launcher <> - Messenger::say: Failed to get a thread handle when attaching to the process due to OS error (Acceso denegado.
). Data for the thread will not be collected.
4825 [19988] ERROR perfrun.launcher <> - Messenger::say: Failed to get a thread handle when attaching to the process due to OS error (Acceso denegado.
). Data for the thread will not be collected.
4827 [6416] ERROR perfrun.launcher <> - Messenger::say: Failed to get a thread handle when attaching to the process due to OS error (Acceso denegado.
). Data for the thread will not be collected.
4831 [7308] ERROR perfrun.launcher <> - Messenger::say: Failed to get a thread handle when attaching to the process due to OS error (Acceso denegado.
). Data for the thread will not be collected.
4901 [10216] INFO perfrun.launcher <> - SignalHandler: signal #2 was caught
4908 [9956] WARN perfrun.sdk <> - Unexpected exit status - -1073741510, at file: C:\BB\INNLphep2w6r\b\tmpge0ywg\vcs\perfrun1\sdk\src\utils_win.cpp:559
4909 [9956] INFO perfrun.launcher <> - Launcher: the profiled application was terminated  with exit code = -1073741510
5051 [6016] INFO perfrun.itt <> - stop itt controller
5051 [6016] INFO perfrun.itt <> - detach itt controller
5051 [6016] INFO perfrun.tpss <> - stop tpss controller
5056 [6016] INFO perfrun.sdk <> - De-allocating TMU: D:\opennn\examples\rosenbrock\VTune Profiler Results\rosenbrock\r001ps\data.0\systemcollector-18260-DESKTOP-5PN25MA.sc
5067 [6016] INFO perfrun.system <> - closed the system trace file: D:\opennn\examples\rosenbrock\VTune Profiler Results\rosenbrock\r001ps\data.0\systemcollector-18260-DESKTOP-5PN25MA.sc
5071 [9956] INFO perfrun.launcher <> - Launcher: all plugins were stopped.
5071 [9956] INFO perfrun.launcher <> - DeadlineTimer is going to be destroyed
5072 [9956] INFO perfrun.launcher <> - DeadlineTimer was destroyed
5072 [9956] INFO perfrun.launcher <> - DirectoryMonitor object was destroyed
5072 [9956] WARN perfrun.launcher <> - Stop command is ignored because it is received when collection is already stopped, at file: C:\BB\INNLphep2w6r\b\tmpge0ywg\vcs\perfrun1\launcher\src\command_handler.cpp:212
5077 [9956] INFO perfrun.launcher <> - Application exit code: -1073741510
5077 [9956] INFO perfrun.launcher <> - Exit code: 4
