c:\users\sanch\desktop\refactor\opennn\opennn\debug\time_series_data_set.obj
c:\users\sanch\desktop\refactor\opennn\opennn\debug\cross_entropy_error_3d.obj
c:\users\sanch\desktop\refactor\opennn\opennn\debug\minkowski_error.obj
c:\users\sanch\desktop\refactor\opennn\opennn\debug\tinyxml2.obj
c:\users\sanch\desktop\refactor\opennn\opennn\debug\convolutional_layer.obj
c:\users\sanch\desktop\refactor\opennn\opennn\debug\data_set.obj
c:\users\sanch\desktop\refactor\opennn\opennn\debug\probabilistic_layer.obj
c:\users\sanch\desktop\refactor\opennn\opennn\debug\multihead_attention_layer.obj
c:\users\sanch\desktop\refactor\opennn\opennn\debug\growing_neurons.obj
c:\users\sanch\desktop\refactor\opennn\opennn\debug\learning_rate_algorithm.obj
c:\users\sanch\desktop\refactor\opennn\opennn\debug\image_data_set.obj
c:\users\sanch\desktop\refactor\opennn\opennn\debug\unit_testing.obj
c:\users\sanch\desktop\refactor\opennn\opennn\debug\neurons_selection.obj
c:\users\sanch\desktop\refactor\opennn\opennn\debug\kmeans.obj
c:\users\sanch\desktop\refactor\opennn\opennn\debug\numerical_differentiation.obj
c:\users\sanch\desktop\refactor\opennn\opennn\debug\text_data_set.obj
c:\users\sanch\desktop\refactor\opennn\opennn\debug\vgg16.obj
c:\users\sanch\desktop\refactor\opennn\opennn\debug\unscaling_layer.obj
c:\users\sanch\desktop\refactor\opennn\opennn\debug\growing_inputs.obj
c:\users\sanch\desktop\refactor\opennn\opennn\debug\loss_index.obj
c:\users\sanch\desktop\refactor\opennn\opennn\debug\bounding_layer.obj
c:\users\sanch\desktop\refactor\opennn\opennn\debug\opennn_images.obj
c:\users\sanch\desktop\refactor\opennn\opennn\debug\training_strategy.obj
c:\users\sanch\desktop\refactor\opennn\opennn\debug\response_optimization.obj
c:\users\sanch\desktop\refactor\opennn\opennn\debug\flatten_layer.obj
c:\users\sanch\desktop\refactor\opennn\opennn\debug\auto_associative_neural_network.obj
c:\users\sanch\desktop\refactor\opennn\opennn\debug\scaling_layer_4d.obj
c:\users\sanch\desktop\refactor\opennn\opennn\debug\recurrent_layer.obj
c:\users\sanch\desktop\refactor\opennn\opennn\debug\data_set_batch.obj
c:\users\sanch\desktop\refactor\opennn\opennn\debug\language_data_set.obj
c:\users\sanch\desktop\refactor\opennn\opennn\debug\long_short_term_memory_layer.obj
c:\users\sanch\desktop\refactor\opennn\opennn\debug\tensor_utilities.obj
c:\users\sanch\desktop\refactor\opennn\opennn\debug\codification.obj
c:\users\sanch\desktop\refactor\opennn\opennn\debug\correlations.obj
c:\users\sanch\desktop\refactor\opennn\opennn\debug\conjugate_gradient.obj
c:\users\sanch\desktop\refactor\opennn\opennn\debug\statistics.obj
c:\users\sanch\desktop\refactor\opennn\opennn\debug\perceptron_layer_3d.obj
c:\users\sanch\desktop\refactor\opennn\opennn\debug\resnet50.obj
c:\users\sanch\desktop\refactor\opennn\opennn\debug\scaling.obj
c:\users\sanch\desktop\refactor\opennn\opennn\debug\levenberg_marquardt_algorithm.obj
c:\users\sanch\desktop\refactor\opennn\opennn\debug\addition_layer.obj
c:\users\sanch\desktop\refactor\opennn\opennn\debug\genetic_algorithm.obj
c:\users\sanch\desktop\refactor\opennn\opennn\debug\gradient_descent.obj
c:\users\sanch\desktop\refactor\opennn\opennn\debug\transformer.obj
c:\users\sanch\desktop\refactor\opennn\opennn\debug\testing_analysis.obj
c:\users\sanch\desktop\refactor\opennn\opennn\debug\normalized_squared_error.obj
c:\users\sanch\desktop\refactor\opennn\opennn\debug\scaling_layer_2d.obj
c:\users\sanch\desktop\refactor\opennn\opennn\debug\auto_association_data_set.obj
c:\users\sanch\desktop\refactor\opennn\opennn\debug\model_selection.obj
c:\users\sanch\desktop\refactor\opennn\opennn\debug\stochastic_gradient_descent.obj
c:\users\sanch\desktop\refactor\opennn\opennn\debug\weighted_squared_error.obj
c:\users\sanch\desktop\refactor\opennn\opennn\debug\bounding_box.obj
c:\users\sanch\desktop\refactor\opennn\opennn\debug\probabilistic_layer_3d.obj
c:\users\sanch\desktop\refactor\opennn\opennn\debug\bounding_box_regressor_layer.obj
c:\users\sanch\desktop\refactor\opennn\opennn\debug\layer.obj
c:\users\sanch\desktop\refactor\opennn\opennn\debug\quasi_newton_method.obj
c:\users\sanch\desktop\refactor\opennn\opennn\debug\optimization_algorithm.obj
c:\users\sanch\desktop\refactor\opennn\opennn\debug\inputs_selection.obj
c:\users\sanch\desktop\refactor\opennn\opennn\debug\pooling_layer.obj
c:\users\sanch\desktop\refactor\opennn\opennn\debug\text_analytics.obj
c:\users\sanch\desktop\refactor\opennn\opennn\debug\concatenation_layer.obj
c:\users\sanch\desktop\refactor\opennn\opennn\debug\mean_squared_error.obj
c:\users\sanch\desktop\refactor\opennn\opennn\debug\opennn_strings.obj
c:\users\sanch\desktop\refactor\opennn\opennn\debug\cross_entropy_error.obj
c:\users\sanch\desktop\refactor\opennn\opennn\debug\adaptive_moment_estimation.obj
c:\users\sanch\desktop\refactor\opennn\opennn\debug\sum_squared_error.obj
c:\users\sanch\desktop\refactor\opennn\opennn\debug\perceptron_layer.obj
c:\users\sanch\desktop\refactor\opennn\opennn\debug\non_max_suppression_layer.obj
c:\users\sanch\desktop\refactor\opennn\opennn\debug\region_based_object_detector.obj
c:\users\sanch\desktop\refactor\opennn\opennn\debug\embedding_layer.obj
c:\users\sanch\desktop\refactor\opennn\opennn\debug\neural_network.obj
c:\users\sanch\desktop\refactor\opennn\opennn\debug\opennn.lib
c:\users\sanch\desktop\refactor\opennn\opennn\debug\opennn.tlog\cl.items.tlog
c:\users\sanch\desktop\refactor\opennn\opennn\debug\opennn.tlog\icx-cl.command.1.tlog
c:\users\sanch\desktop\refactor\opennn\opennn\debug\opennn.tlog\intel.build.icxtasks.icx.read.1.tlog
c:\users\sanch\desktop\refactor\opennn\opennn\debug\opennn.tlog\intel.build.icxtasks.icx.write.1.tlog
c:\users\sanch\desktop\refactor\opennn\opennn\debug\opennn.tlog\xilib-xilink-lld-link.delete.1.tlog
c:\users\sanch\desktop\refactor\opennn\opennn\debug\opennn.tlog\xilib-xilink-lld-link.read.1.tlog
c:\users\sanch\desktop\refactor\opennn\opennn\debug\opennn.tlog\xilib-xilink-lld-link.write.1.tlog
c:\users\sanch\desktop\refactor\opennn\opennn\debug\opennn.tlog\xilib-xilink.read.1.tlog
c:\users\sanch\desktop\refactor\opennn\opennn\debug\opennn.tlog\xilib-xilink.write.1.tlog
c:\users\sanch\desktop\refactor\opennn\opennn\debug\opennn.tlog\xilib.command.1.tlog
