127 [16512] INFO perfrun.launcher <> - Launcher main begin
136 [16512] INFO perfrun.launcher <> - MessageCatalogInit finished
137 [16512] INFO perfrun.launcher <> - Launcher instance created
137 [16512] INFO perfrun.launcher <> - argc = 7; cmdline = C:\Program Files (x86)\Intel\oneAPI\advisor\2024.0\bin64\advixe-runss.exe --ui-output-format xml --ui-output-fd 4988 --option-file C:\Users\sanch\Desktop\refactor\opennn\blank\e000\hs002\config\runss.options 
483 [16512] INFO perfrun.launcher <> - New signal handler callback was added
772 [16512] INFO perfrun.launcher <> - create msngr2::ICliToolContext
775 [16512] INFO perfrun.launcher <> - create file finder object
777 [16512] INFO perfrun.launcher <> - create a result directory: pattern = C:\Users\sanch\Desktop\refactor\opennn\blank\e000\hs002 pid = 4294967295
42573 [16512] INFO perfrun.launcher <> - create data directory = C:\Users\sanch\Desktop\refactor\opennn\blank\e000\hs002\data.0
42577 [16512] INFO perfrun.launcher <> - Creating the master collection flag
42592 [16512] INFO perfrun.launcher <> - Done creating the master collection flag
42593 [23604] INFO perfrun.launcher <> - plugin [remoteplug] was disabled because it doesn't support the given collection type.
42595 [23604] INFO perfrun.sdk <> - Allocating TMU :C:\Users\sanch\Desktop\refactor\opennn\blank\e000\hs002\data.0\systemcollector-29576-MSIPULSEGL66.sc
42597 [23604] INFO perfrun.launcher <> - plugin [] was disabled because it doesn't support the given collection type.
42602 [23604] INFO perfrun.launcher <> - plugin [] was disabled because it doesn't support the given collection type.
42602 [23604] INFO perfrun.launcher <> - plugin [gpu] was disabled because it doesn't support the given collection type.
42602 [23604] INFO perfrun.launcher <> - plugin [] was disabled because it doesn't support the given collection type.
42602 [23604] INFO perfrun.launcher <> - plugin [] was disabled because it doesn't support the given collection type.
42602 [23604] INFO perfrun.launcher <> - plugin [] was disabled because it doesn't support the given collection type.
42602 [23604] INFO perfrun.mrte <> - system-wide mode is 0
42603 [23604] INFO perfrun.mrte <> - Getting  mrte profiling environment ...
42702 [23604] INFO perfrun.mrte <> - INTEL_MRTE_DATA_DIR=C:\Users\sanch\Desktop\refactor\opennn\blank\e000\hs002\data.0
42702 [23604] INFO perfrun.mrte <> - INTEL_MRTE_HOST_NAME=MSIPULSEGL66
42702 [23604] INFO perfrun.mrte <> - JAVA_TOOL_OPTIONS=-agentlib:advixe_tpssmrte_javaprof_1.0
42703 [23604] INFO perfrun.mrte <> - PATH=C:\Program Files (x86)\Intel\oneAPI\advisor\2024.0\bin32\runtime;C:\Program Files (x86)\Intel\oneAPI\advisor\2024.0\bin64\runtime;C:/Qt/6.5.0/msvc2019_64/bin;C:\Program Files (x86)\Intel\oneAPI\tbb\latest\env\..\bin\\;C:\Program Files (x86)\Intel\oneAPI\mkl\latest\bin;C:\Program Files (x86)\Intel\oneAPI\ippcp\latest\bin;C:\Program Files (x86)\Intel\oneAPI\ipp\latest\bin;C:\Program Files (x86)\Intel\oneAPI\dpcpp-ct\latest\env\..\bin;C:\Program Files (x86)\Intel\oneAPI\dnnl\latest\env\..\bin;C:\Program Files (x86)\Intel\oneAPI\dev-utilities\latest\bin;C:\Program Files (x86)\Intel\oneAPI\debugger\latest\env\\..\opt\debugger\bin;C:\Program Files (x86)\Intel\oneAPI\dal\latest\bin;C:\Program Files (x86)\Intel\oneAPI\compiler\latest\bin;C:\Program Files (x86)\Intel\oneAPI\compiler\latest\opt\oclfpga\host\windows64\bin;C:\Program Files (x86)\Intel\oneAPI\compiler\latest\opt\oclfpga\bin;C:\Program Files\Microsoft Visual Studio\2022\Community\VC\Tools\MSVC\14.38.33130\bin\HostX64\x64;C:\Program Files\Microsoft Visual Studio\2022\Community\Common7\IDE\VC\VCPackages;C:\Program Files\Microsoft Visual Studio\2022\Community\Common7\IDE\CommonExtensions\Microsoft\TestWindow;C:\Program Files\Microsoft Visual Studio\2022\Community\Common7\IDE\CommonExtensions\Microsoft\TeamFoundation\Team Explorer;C:\Program Files\Microsoft Visual Studio\2022\Community\MSBuild\Current\bin\Roslyn;C:\Program Files\Microsoft Visual Studio\2022\Community\Team Tools\Performance Tools\x64;C:\Program Files\Microsoft Visual Studio\2022\Community\Team Tools\Performance Tools;C:\Program Files\Microsoft Visual Studio\2022\Community\Team Tools\DiagnosticsHub\Collector;C:\Program Files (x86)\Windows Kits\10\bin\10.0.22000.0\\x64;C:\Program Files (x86)\Windows Kits\10\bin\\x64;C:\Program Files\Microsoft Visual Studio\2022\Community\\MSBuild\Current\Bin\amd64;C:\Windows\Microsoft.NET\Framework64\v4.0.30319;C:\Program Files\Microsoft Visual Studio\2022\Community\Common7\IDE\;C:\Program Files\Microsoft Visual Studio\2022\Community\Common7\Tools\;C:\Program Files\Common Files\Oracle\Java\javapath;C:\Windows\system32;C:\Windows;C:\Windows\System32\Wbem;C:\Windows\System32\WindowsPowerShell\v1.0\;C:\Windows\System32\OpenSSH\;C:\Program Files\Git\cmd;C:\Program Files\AutoFirma\AutoFirma;C:\Program Files (x86)\Pulse Secure\VC142.CRT\X64\;C:\Program Files (x86)\Pulse Secure\VC142.CRT\X86\;C:\Program Files (x86)\Common Files\Pulse Secure\TNC Client Plugin\;C:\Program Files\Java\jdk-20\bin;C:\Program Files\spark\bin;C:\Program Files\Docker\Docker\resources\bin;C:\Program Files\Amazon\AWSCLIV2\;C:\Program Files\MATLAB\R2023a\bin;C:\Users\sanch\AppData\Local\Microsoft\WindowsApps;C:\Users\sanch\AppData\Local\Programs\MiKTeX\miktex\bin\x64\;C:\Program Files\Microsoft Visual Studio\2022\Community\Common7\IDE\CommonExtensions\Microsoft\CMake\CMake\bin;C:\Program Files\Microsoft Visual Studio\2022\Community\Common7\IDE\CommonExtensions\Microsoft\CMake\Ninja;C:\Program Files\Microsoft Visual Studio\2022\Community\Common7\IDE\VC\Linux\bin\ConnectionManagerExe;C:\Program Files (x86)\Intel\oneAPI\advisor\2024.0\bin64;C:\Program Files (x86)\Intel\oneAPI\compiler\latest\lib\ocloc;C:\Program Files (x86)\Intel\oneAPI\vtune\2024.0\bin64
42703 [23604] INFO perfrun.mrte <> - COR_ENABLE_PROFILING=1
42703 [23604] INFO perfrun.mrte <> - COR_PROFILER={10337B79-F6CD-4df9-8D18-26A67272096B}
42703 [23604] INFO perfrun.mrte <> - COMPLUS_ProfAPI_ProfilerCompatibilitySetting=EnableV2Profiler
42703 [23604] INFO perfrun.mrte <> - CORECLR_ENABLE_PROFILING=1
42703 [23604] INFO perfrun.mrte <> - CORECLR_PROFILER={10337B79-F6CD-4df9-8D18-26A67272096B}
42703 [23604] INFO perfrun.mrte <> - CORECLR_PROFILER_PATH=C:\Program Files (x86)\Intel\oneAPI\advisor\2024.0\bin64/advixe_samplingmrte_clrprof_1.0.dll
42703 [23604] INFO perfrun.mrte <> - INTEL_MRTE_PROFILER_MODE=mixed
42703 [23604] INFO perfrun.mrte <> - Data directory: C:\Users\sanch\Desktop\refactor\opennn\blank\e000\hs002\data.0
42703 [23604] INFO perfrun.mrte <> - Mrte plugin is initialized
42703 [23604] INFO perfrun.launcher <> - plugin [] was disabled because it doesn't support the given collection type.
42703 [23604] INFO perfrun.launcher <> - plugin [] was disabled because it doesn't support the given collection type.
42703 [23604] INFO perfrun.launcher <> - plugin [] was disabled because it doesn't support the given collection type.
42703 [23604] INFO perfrun.launcher <> - plugin [] was disabled because it doesn't support the given collection type.
42703 [23604] INFO perfrun.launcher <> - plugin [] was disabled because it doesn't support the given collection type.
42703 [23604] INFO perfrun.launcher <> - plugin [] was disabled because it doesn't support the given collection type.
42703 [23604] INFO perfrun.launcher <> - plugin [] was disabled because it doesn't support the given collection type.
42703 [23604] INFO perfrun.tpss <> - initialize tpss controller
42704 [23604] INFO perfrun.tpss <> - configure collection mode: value = cpu:stack
42705 [23604] INFO perfrun.tpss <> - default obj-size-min=1024
42705 [23604] INFO perfrun.tpss <> - default hash-table-size=0
42705 [23604] INFO perfrun.launcher <> - plugin [] was disabled because it doesn't support the given collection type.
42705 [23604] INFO perfrun.launcher <> - plugin [] was disabled because it doesn't support the given collection type.
42705 [23604] INFO perfrun.launcher <> - plugin [] was disabled because it doesn't support the given collection type.
42705 [23604] INFO perfrun.launcher <> - plugin [] was disabled because it doesn't support the given collection type.
42705 [23604] INFO perfrun.launcher <> - plugin [] was disabled because it doesn't support the given collection type.
42705 [23604] INFO perfrun.launcher <> - plugin [] was disabled because it doesn't support the given collection type.
42705 [23604] INFO perfrun.launcher <> - plugin [] was disabled because it doesn't support the given collection type.
42705 [23604] INFO perfrun.launcher <> - plugin [] was disabled because it doesn't support the given collection type.
42705 [23604] INFO perfrun.launcher <> - plugin [] was disabled because it doesn't support the given collection type.
42706 [16512] INFO perfrun.launcher <> - set environment variable: PATH = C:\Program Files (x86)\Intel\oneAPI\advisor\2024.0\bin32\runtime;C:\Program Files (x86)\Intel\oneAPI\advisor\2024.0\bin64\runtime;C:/Qt/6.5.0/msvc2019_64/bin;C:\Program Files (x86)\Intel\oneAPI\tbb\latest\env\..\bin\\;C:\Program Files (x86)\Intel\oneAPI\mkl\latest\bin;C:\Program Files (x86)\Intel\oneAPI\ippcp\latest\bin;C:\Program Files (x86)\Intel\oneAPI\ipp\latest\bin;C:\Program Files (x86)\Intel\oneAPI\dpcpp-ct\latest\env\..\bin;C:\Program Files (x86)\Intel\oneAPI\dnnl\latest\env\..\bin;C:\Program Files (x86)\Intel\oneAPI\dev-utilities\latest\bin;C:\Program Files (x86)\Intel\oneAPI\debugger\latest\env\\..\opt\debugger\bin;C:\Program Files (x86)\Intel\oneAPI\dal\latest\bin;C:\Program Files (x86)\Intel\oneAPI\compiler\latest\bin;C:\Program Files (x86)\Intel\oneAPI\compiler\latest\opt\oclfpga\host\windows64\bin;C:\Program Files (x86)\Intel\oneAPI\compiler\latest\opt\oclfpga\bin;C:\Program Files\Microsoft Visual Studio\2022\Community\VC\Tools\MSVC\14.38.33130\bin\HostX64\x64;C:\Program Files\Microsoft Visual Studio\2022\Community\Common7\IDE\VC\VCPackages;C:\Program Files\Microsoft Visual Studio\2022\Community\Common7\IDE\CommonExtensions\Microsoft\TestWindow;C:\Program Files\Microsoft Visual Studio\2022\Community\Common7\IDE\CommonExtensions\Microsoft\TeamFoundation\Team Explorer;C:\Program Files\Microsoft Visual Studio\2022\Community\MSBuild\Current\bin\Roslyn;C:\Program Files\Microsoft Visual Studio\2022\Community\Team Tools\Performance Tools\x64;C:\Program Files\Microsoft Visual Studio\2022\Community\Team Tools\Performance Tools;C:\Program Files\Microsoft Visual Studio\2022\Community\Team Tools\DiagnosticsHub\Collector;C:\Program Files (x86)\Windows Kits\10\bin\10.0.22000.0\\x64;C:\Program Files (x86)\Windows Kits\10\bin\\x64;C:\Program Files\Microsoft Visual Studio\2022\Community\\MSBuild\Current\Bin\amd64;C:\Windows\Microsoft.NET\Framework64\v4.0.30319;C:\Program Files\Microsoft Visual Studio\2022\Community\Common7\IDE\;C:\Program Files\Microsoft Visual Studio\2022\Community\Common7\Tools\;C:\Program Files\Common Files\Oracle\Java\javapath;C:\Windows\system32;C:\Windows;C:\Windows\System32\Wbem;C:\Windows\System32\WindowsPowerShell\v1.0\;C:\Windows\System32\OpenSSH\;C:\Program Files\Git\cmd;C:\Program Files\AutoFirma\AutoFirma;C:\Program Files (x86)\Pulse Secure\VC142.CRT\X64\;C:\Program Files (x86)\Pulse Secure\VC142.CRT\X86\;C:\Program Files (x86)\Common Files\Pulse Secure\TNC Client Plugin\;C:\Program Files\Java\jdk-20\bin;C:\Program Files\spark\bin;C:\Program Files\Docker\Docker\resources\bin;C:\Program Files\Amazon\AWSCLIV2\;C:\Program Files\MATLAB\R2023a\bin;C:\Users\sanch\AppData\Local\Microsoft\WindowsApps;C:\Users\sanch\AppData\Local\Programs\MiKTeX\miktex\bin\x64\;C:\Program Files\Microsoft Visual Studio\2022\Community\Common7\IDE\CommonExtensions\Microsoft\CMake\CMake\bin;C:\Program Files\Microsoft Visual Studio\2022\Community\Common7\IDE\CommonExtensions\Microsoft\CMake\Ninja;C:\Program Files\Microsoft Visual Studio\2022\Community\Common7\IDE\VC\Linux\bin\ConnectionManagerExe;C:\Program Files (x86)\Intel\oneAPI\advisor\2024.0\bin64;C:\Program Files (x86)\Intel\oneAPI\compiler\latest\lib\ocloc;C:\Program Files (x86)\Intel\oneAPI\vtune\2024.0\bin64
42706 [16512] INFO perfrun.launcher <> - set environment variable: INTEL_LIBITTNOTIFY32 = C:\Program Files (x86)\Intel\oneAPI\advisor\2024.0\bin32\runtime\ittnotify_collector.dll
42706 [16512] INFO perfrun.launcher <> - set environment variable: INTEL_LIBITTNOTIFY64 = C:\Program Files (x86)\Intel\oneAPI\advisor\2024.0\bin64\runtime\ittnotify_collector.dll
42706 [16512] INFO perfrun.launcher <> - set environment variable: INTEL_ITTNOTIFY_GROUPS = 
42706 [16512] INFO perfrun.launcher <> - set environment variable: INTEL_JIT_PROFILER32 = C:\Program Files (x86)\Intel\oneAPI\advisor\2024.0\bin32\runtime\ittnotify_collector.dll
42707 [16512] INFO perfrun.launcher <> - set environment variable: INTEL_JIT_PROFILER64 = C:\Program Files (x86)\Intel\oneAPI\advisor\2024.0\bin64\runtime\ittnotify_collector.dll
42707 [16512] INFO perfrun.launcher <> - set environment variable: ENABLE_JITPROFILING = 1
42707 [16512] INFO perfrun.launcher <> - set environment variable: CL_CONFIG_USE_VTUNE = True
42707 [16512] INFO perfrun.launcher <> - set environment variable: KMP_FORKJOIN_FRAMES = 0
42707 [16512] INFO perfrun.launcher <> - set environment variable: KMP_FORKJOIN_FRAMES_MODE = 0
42707 [16512] INFO perfrun.launcher <> - set environment variable: INTEL_MRTE_DATA_DIR = C:\Users\sanch\Desktop\refactor\opennn\blank\e000\hs002\data.0
42707 [16512] INFO perfrun.launcher <> - set environment variable: INTEL_MRTE_HOST_NAME = MSIPULSEGL66
42708 [16512] INFO perfrun.launcher <> - set environment variable: JAVA_TOOL_OPTIONS = -agentlib:advixe_tpssmrte_javaprof_1.0
42708 [16512] INFO perfrun.launcher <> - set environment variable: PATH = C:\Program Files (x86)\Intel\oneAPI\advisor\2024.0\bin32\runtime;C:\Program Files (x86)\Intel\oneAPI\advisor\2024.0\bin64\runtime;C:/Qt/6.5.0/msvc2019_64/bin;C:\Program Files (x86)\Intel\oneAPI\tbb\latest\env\..\bin\\;C:\Program Files (x86)\Intel\oneAPI\mkl\latest\bin;C:\Program Files (x86)\Intel\oneAPI\ippcp\latest\bin;C:\Program Files (x86)\Intel\oneAPI\ipp\latest\bin;C:\Program Files (x86)\Intel\oneAPI\dpcpp-ct\latest\env\..\bin;C:\Program Files (x86)\Intel\oneAPI\dnnl\latest\env\..\bin;C:\Program Files (x86)\Intel\oneAPI\dev-utilities\latest\bin;C:\Program Files (x86)\Intel\oneAPI\debugger\latest\env\\..\opt\debugger\bin;C:\Program Files (x86)\Intel\oneAPI\dal\latest\bin;C:\Program Files (x86)\Intel\oneAPI\compiler\latest\bin;C:\Program Files (x86)\Intel\oneAPI\compiler\latest\opt\oclfpga\host\windows64\bin;C:\Program Files (x86)\Intel\oneAPI\compiler\latest\opt\oclfpga\bin;C:\Program Files\Microsoft Visual Studio\2022\Community\VC\Tools\MSVC\14.38.33130\bin\HostX64\x64;C:\Program Files\Microsoft Visual Studio\2022\Community\Common7\IDE\VC\VCPackages;C:\Program Files\Microsoft Visual Studio\2022\Community\Common7\IDE\CommonExtensions\Microsoft\TestWindow;C:\Program Files\Microsoft Visual Studio\2022\Community\Common7\IDE\CommonExtensions\Microsoft\TeamFoundation\Team Explorer;C:\Program Files\Microsoft Visual Studio\2022\Community\MSBuild\Current\bin\Roslyn;C:\Program Files\Microsoft Visual Studio\2022\Community\Team Tools\Performance Tools\x64;C:\Program Files\Microsoft Visual Studio\2022\Community\Team Tools\Performance Tools;C:\Program Files\Microsoft Visual Studio\2022\Community\Team Tools\DiagnosticsHub\Collector;C:\Program Files (x86)\Windows Kits\10\bin\10.0.22000.0\\x64;C:\Program Files (x86)\Windows Kits\10\bin\\x64;C:\Program Files\Microsoft Visual Studio\2022\Community\\MSBuild\Current\Bin\amd64;C:\Windows\Microsoft.NET\Framework64\v4.0.30319;C:\Program Files\Microsoft Visual Studio\2022\Community\Common7\IDE\;C:\Program Files\Microsoft Visual Studio\2022\Community\Common7\Tools\;C:\Program Files\Common Files\Oracle\Java\javapath;C:\Windows\system32;C:\Windows;C:\Windows\System32\Wbem;C:\Windows\System32\WindowsPowerShell\v1.0\;C:\Windows\System32\OpenSSH\;C:\Program Files\Git\cmd;C:\Program Files\AutoFirma\AutoFirma;C:\Program Files (x86)\Pulse Secure\VC142.CRT\X64\;C:\Program Files (x86)\Pulse Secure\VC142.CRT\X86\;C:\Program Files (x86)\Common Files\Pulse Secure\TNC Client Plugin\;C:\Program Files\Java\jdk-20\bin;C:\Program Files\spark\bin;C:\Program Files\Docker\Docker\resources\bin;C:\Program Files\Amazon\AWSCLIV2\;C:\Program Files\MATLAB\R2023a\bin;C:\Users\sanch\AppData\Local\Microsoft\WindowsApps;C:\Users\sanch\AppData\Local\Programs\MiKTeX\miktex\bin\x64\;C:\Program Files\Microsoft Visual Studio\2022\Community\Common7\IDE\CommonExtensions\Microsoft\CMake\CMake\bin;C:\Program Files\Microsoft Visual Studio\2022\Community\Common7\IDE\CommonExtensions\Microsoft\CMake\Ninja;C:\Program Files\Microsoft Visual Studio\2022\Community\Common7\IDE\VC\Linux\bin\ConnectionManagerExe;C:\Program Files (x86)\Intel\oneAPI\advisor\2024.0\bin64;C:\Program Files (x86)\Intel\oneAPI\compiler\latest\lib\ocloc;C:\Program Files (x86)\Intel\oneAPI\vtune\2024.0\bin64
42708 [16512] INFO perfrun.launcher <> - set environment variable: COR_ENABLE_PROFILING = 1
42708 [16512] INFO perfrun.launcher <> - set environment variable: COR_PROFILER = {10337B79-F6CD-4df9-8D18-26A67272096B}
42708 [16512] INFO perfrun.launcher <> - set environment variable: COMPLUS_ProfAPI_ProfilerCompatibilitySetting = EnableV2Profiler
42709 [16512] INFO perfrun.launcher <> - set environment variable: CORECLR_ENABLE_PROFILING = 1
42709 [16512] INFO perfrun.launcher <> - set environment variable: CORECLR_PROFILER = {10337B79-F6CD-4df9-8D18-26A67272096B}
42709 [16512] INFO perfrun.launcher <> - set environment variable: CORECLR_PROFILER_PATH = C:\Program Files (x86)\Intel\oneAPI\advisor\2024.0\bin64/advixe_samplingmrte_clrprof_1.0.dll
42709 [16512] INFO perfrun.launcher <> - set environment variable: INTEL_MRTE_PROFILER_MODE = mixed
42709 [16512] INFO perfrun.launcher <> - RpcServer: run RPC server to handle requests
42721 [16512] INFO perfrun.sdk <> - IProcessUtil: the given executable 'C:\\Users\\sanch\\Desktop\\refactor\\opennn\\blank\\bin\\blank.exe' is valid.
42722 [16512] INFO perfrun.launcher <> - Launcher: command line to start before modification = C:\\Users\\sanch\\Desktop\\refactor\\opennn\\blank\\bin\\blank.exe
42726 [16512] INFO perfrun.launcher <> - Launcher: command line to start after modification = C:\Program Files (x86)\Intel\oneAPI\advisor\2024.0\bin64\pin.exe -error_file C:\Users\sanch\Desktop\refactor\opennn\blank\e000\hs002\data.0\pinerr.tpsslog -detach_reattach -probe -follow_execv -p32 C:\Program Files (x86)\Intel\oneAPI\advisor\2024.0\bin32\pin.exe -p64 C:\Program Files (x86)\Intel\oneAPI\advisor\2024.0\bin64\pin.exe -t64 C:\Program Files (x86)\Intel\oneAPI\advisor\2024.0\bin64\tpsstool.dll -t C:\Program Files (x86)\Intel\oneAPI\advisor\2024.0\bin32\tpsstool.dll -server_name tpss_ipc.29576 -prd_dir C:\Program Files (x86)\Intel\oneAPI\advisor\2024.0 -- C:\\Users\\sanch\\Desktop\\refactor\\opennn\\blank\\bin\\blank.exe
42726 [16512] INFO perfrun.launcher <> - ProcessCreator object was created
42734 [16512] INFO perfrun.launcher <> - Launcher: the process was started in suspend mode
42810 [23604] INFO perfrun.itt <> - start itt controller for pid #24536
43337 [23604] INFO perfrun.tpss <> - start tpss controller for pid #24536
43627 [16512] INFO perfrun.launcher <> - Launcher: all plugins were started
43627 [16512] INFO perfrun.launcher <> - DirectoryMonitor object was created
43627 [16512] INFO perfrun.launcher <> - DirectoryMonitor: a callback was added
43627 [16512] INFO perfrun.launcher <> - DirectoryMonitor was started with pingTime = 1000
43627 [16512] INFO perfrun.launcher <> - DeadlineTimer is going to be constructed
43741 [16512] INFO perfrun.launcher <> - DeadlineTimer: a callback was added
43754 [16512] INFO perfrun.launcher <> - Launcher: resume the profiled application and  wait its termination or stop command
46336 [16512] INFO perfrun.launcher <> - Launcher: the profiled application was terminated  with exit code = 0
46362 [23604] INFO perfrun.itt <> - detach itt controller
46362 [23604] INFO perfrun.itt <> - detach itt controller done
46362 [23604] INFO perfrun.tpss <> - stop tpss controller
46428 [23604] INFO perfrun.sdk <> - De-allocating TMU: C:\Users\sanch\Desktop\refactor\opennn\blank\e000\hs002\data.0\systemcollector-29576-MSIPULSEGL66.sc
46647 [23604] INFO perfrun.system <> - closed the system trace file: C:\Users\sanch\Desktop\refactor\opennn\blank\e000\hs002\data.0\systemcollector-29576-MSIPULSEGL66.sc
46647 [16512] INFO perfrun.launcher <> - Launcher: all plugins were stopped.
91790 [16512] INFO perfrun.launcher <> - DeadlineTimer is going to be destroyed
91790 [16512] INFO perfrun.launcher <> - DeadlineTimer was destroyed
91790 [16512] INFO perfrun.launcher <> - DirectoryMonitor object was destroyed
91790 [16512] WARN perfrun.launcher <> - Stop command is ignored because it is received when collection is already stopped, at file: vcs\perfrun1\launcher\src\command_handler.cpp:226
91792 [16512] INFO perfrun.launcher <> - Application exit code: 0
91792 [16512] INFO perfrun.launcher <> - Exit code: 0
