141 [9744] INFO perfrun.launcher <> - Launcher main begin
285 [9744] INFO perfrun.launcher <> - MessageCatalogInit finished
285 [9744] INFO perfrun.launcher <> - Launcher instance created
285 [9744] INFO perfrun.launcher <> - argc = 6; cmdline = C:\Program Files (x86)\Intel\oneAPI\advisor\2024.0\bin64\advixe-runss.exe --ui-output-format xml --ui-output-fd 5024 --context-value-list 
369 [9744] INFO perfrun.launcher <> - New signal handler callback was added
529 [9744] INFO perfrun.launcher <> - create msngr2::ICliToolContext
529 [9744] INFO perfrun.launcher <> - create file finder object
552 [9744] INFO perfrun.launcher <> - Put into the variant bag the context value: name = targetOS; value = Windows
553 [9744] INFO perfrun.launcher <> - Put into the variant bag the context value: name = OS; value = Windows
553 [9744] INFO perfrun.launcher <> - Put into the variant bag the context value: name = OSBuildNumber; value = 22621
553 [9744] INFO perfrun.launcher <> - Put into the variant bag the context value: name = OSBitness; value = 64
553 [9744] INFO perfrun.launcher <> - Put into the variant bag the context value: name = AdministratorPrivileges; value = false
553 [9744] INFO perfrun.launcher <> - Put into the variant bag the context value: name = isPtraceScopeLimited; value = false
553 [9744] INFO perfrun.launcher <> - Put into the variant bag the context value: name = isCATSupportedByCPU; value = false
553 [9744] INFO perfrun.launcher <> - Put into the variant bag the context value: name = isL3MonitoringSupportedByCPU; value = false
553 [9744] INFO perfrun.launcher <> - Put into the variant bag the context value: name = isTSXAvailable; value = false
554 [9744] INFO perfrun.launcher <> - Put into the variant bag the context value: name = isPTAvailable; value = true
554 [9744] INFO perfrun.launcher <> - Put into the variant bag the context value: name = isHTEnabled; value = true
554 [9744] INFO perfrun.launcher <> - Put into the variant bag the context value: name = fpgaOnBoard; value = None
554 [9744] INFO perfrun.launcher <> - Put into the variant bag the context value: name = omniPathOnBoard; value = None
554 [9744] INFO perfrun.launcher <> - Put into the variant bag the context value: name = genArchOnBoard; value = 10
554 [9744] INFO perfrun.launcher <> - Put into the variant bag the context value: name = pciClassParts; value = 
554 [9744] INFO perfrun.launcher <> - Put into the variant bag the context value: name = tidValuesForIO; value = 
554 [9744] INFO perfrun.launcher <> - Put into the variant bag the context value: name = populatedIoParts; value = 
555 [9744] INFO perfrun.launcher <> - Put into the variant bag the context value: name = populatedIoUnits; value = 
555 [9744] INFO perfrun.launcher <> - Put into the variant bag the context value: name = populatedTidValuesForIO; value = 
555 [9744] INFO perfrun.launcher <> - Put into the variant bag the context value: name = isSGXAvailable; value = false
555 [9744] INFO perfrun.launcher <> - Put into the variant bag the context value: name = Hypervisor; value = Microsoft Hv
555 [9744] INFO perfrun.launcher <> - Put into the variant bag the context value: name = PerfmonVersion; value = 5
555 [9744] INFO perfrun.launcher <> - Put into the variant bag the context value: name = isMaxDRAMBandwidthMeasurementSupported; value = false
555 [9744] INFO perfrun.launcher <> - Put into the variant bag the context value: name = preferedGpuAdapter; value = 0:0:2.0
556 [9744] INFO perfrun.launcher <> - Put into the variant bag the context value: name = gpuAdapterNameList; value = 0:0:2.0|Intel(R) Iris(R) Xe Graphics;
556 [9744] INFO perfrun.launcher <> - Put into the variant bag the context value: name = gpuAdapterTileNameList; value = 0:0:2.0|Intel(R) Iris(R) Xe Graphics|0,;
556 [9744] INFO perfrun.launcher <> - Put into the variant bag the context value: name = gpuOpenCLDeviceOrder; value = none
556 [9744] INFO perfrun.launcher <> - Put into the variant bag the context value: name = gpuAdapterNameAliasList; value = 0:0:2.0|Intel(R) Iris(R) Xe Graphics|GPU 0;0:1:0.0|NVIDIA GeForce RTX 3060 Laptop GPU|GPU 1;
556 [9744] INFO perfrun.launcher <> - Put into the variant bag the context value: name = isEHFIAvailable; value = true
556 [9744] INFO perfrun.launcher <> - Put into the variant bag the context value: name = areGpuHardwareMetricsAvailableList; value = 0:0:2.0|true;
556 [9744] INFO perfrun.launcher <> - Put into the variant bag the context value: name = gpuPlatformIndexList; value = 0:0:2.0|26;
556 [9744] INFO perfrun.launcher <> - Put into the variant bag the context value: name = isTPSSAvailable; value = true
557 [9744] INFO perfrun.launcher <> - Put into the variant bag the context value: name = isPytraceAvailable; value = true
557 [9744] INFO perfrun.launcher <> - Put into the variant bag the context value: name = isGENDebugInfoAvailableList; value = 0:0:2.0|true;
557 [9744] INFO perfrun.launcher <> - Put into the variant bag the context value: name = isGTPinCollectionAvailableList; value = 0:0:2.0|true;
557 [9744] INFO perfrun.launcher <> - Put into the variant bag the context value: name = forceShowInlines; value = false
557 [9744] INFO perfrun.launcher <> - Application exit code: 0
557 [9744] INFO perfrun.launcher <> - Exit code: 0
