
17528 : 0x702cfa8f917 : 1 : spill_jit_data :  Jit agent is not initialized
17528 : 0x702cfa9011d : 2 : ittapi_config_mask_get :  --itt-config mask to be applied: 183
17528 : 0x702cfa9017e : 2 : ittapi_config_apply_per_lib :  ITTAPI function instrumented: __itt_domain_createA
17528 : 0x702cfa90191 : 2 : ittapi_config_apply_per_lib :  ITTAPI function instrumented: __itt_domain_createW
17528 : 0x702cfa901a4 : 2 : ittapi_config_apply_per_lib :  ITTAPI function instrumented: __itt_module_load_with_sections
17528 : 0x702cfa901b9 : 2 : ittapi_config_apply_per_lib :  ITTAPI function not implemented: __itt_module_unload_with_sections
17528 : 0x702cfa901c9 : 2 : ittapi_config_apply_per_lib :  ITTAPI function instrumented: __itt_string_handle_createA
17528 : 0x702cfa901d7 : 2 : ittapi_config_apply_per_lib :  ITTAPI function instrumented: __itt_string_handle_createW
17528 : 0x702cfa901e5 : 2 : ittapi_config_apply_per_lib :  ITTAPI function instrumented: __itt_counter_createA
17528 : 0x702cfa901f2 : 2 : ittapi_config_apply_per_lib :  ITTAPI function instrumented: __itt_counter_createW
17528 : 0x702cfa903bf : 2 : ittapi_config_apply_per_lib :  ITTAPI function instrumented: __itt_counter_create_typedA
17528 : 0x702cfa903d2 : 2 : ittapi_config_apply_per_lib :  ITTAPI function instrumented: __itt_counter_create_typedW
17528 : 0x702cfa903e2 : 2 : ittapi_config_apply_per_lib :  ITTAPI function instrumented: __itt_pause
17528 : 0x702cfa903f0 : 2 : ittapi_config_apply_per_lib :  ITTAPI function instrumented: __itt_resume
17528 : 0x702cfa903fe : 2 : ittapi_config_apply_per_lib :  ITTAPI function instrumented: __itt_thread_set_nameA
17528 : 0x702cfa9040e : 2 : ittapi_config_apply_per_lib :  ITTAPI function instrumented: __itt_thread_set_nameW
17528 : 0x702cfa9041c : 2 : ittapi_config_apply_per_lib :  ITTAPI function instrumented: __itt_thread_ignore
17528 : 0x702cfa9042c : 2 : ittapi_config_apply_per_lib :  ITTAPI function instrumented: __itt_thr_name_setA
17528 : 0x702cfa9043a : 2 : ittapi_config_apply_per_lib :  ITTAPI function instrumented: __itt_thr_name_setW
17528 : 0x702cfa90448 : 2 : ittapi_config_apply_per_lib :  ITTAPI function instrumented: __itt_thr_ignore
17528 : 0x702cfa90489 : 2 : ittapi_config_apply_per_lib :  ITTAPI function not implemented: __itt_enable_attach
17528 : 0x702cfa9049a : 2 : ittapi_config_apply_per_lib :  ITTAPI function instrumented: __itt_detach
17528 : 0x702cfa904a6 : 2 : ittapi_config_apply_per_lib :  ITTAPI function NOT instrumented (not matched by --itt-config option): __itt_sync_createA

17528 : 0x702cfa904b6 : 2 : ittapi_config_apply_per_lib :  ITTAPI function NOT instrumented (not matched by --itt-config option): __itt_sync_createW

17528 : 0x702cfa904c7 : 2 : ittapi_config_apply_per_lib :  ITTAPI function NOT instrumented (not matched by --itt-config option): __itt_sync_renameA

17528 : 0x702cfa904d7 : 2 : ittapi_config_apply_per_lib :  ITTAPI function NOT instrumented (not matched by --itt-config option): __itt_sync_renameW

17528 : 0x702cfa904e7 : 2 : ittapi_config_apply_per_lib :  ITTAPI function NOT instrumented (not matched by --itt-config option): __itt_sync_destroy

17528 : 0x702cfa904f6 : 2 : ittapi_config_apply_per_lib :  ITTAPI function NOT instrumented (not matched by --itt-config option): __itt_sync_prepare

17528 : 0x702cfa90506 : 2 : ittapi_config_apply_per_lib :  ITTAPI function NOT instrumented (not matched by --itt-config option): __itt_sync_cancel

17528 : 0x702cfa90515 : 2 : ittapi_config_apply_per_lib :  ITTAPI function NOT instrumented (not matched by --itt-config option): __itt_sync_acquired

17528 : 0x702cfa90538 : 2 : ittapi_config_apply_per_lib :  ITTAPI function NOT instrumented (not matched by --itt-config option): __itt_sync_releasing

17528 : 0x702cfa9054e : 2 : ittapi_config_apply_per_lib :  ITTAPI function not implemented: __itt_suppress_push
17528 : 0x702cfa9055e : 2 : ittapi_config_apply_per_lib :  ITTAPI function not implemented: __itt_suppress_pop
17528 : 0x702cfa9056e : 2 : ittapi_config_apply_per_lib :  ITTAPI function not implemented: __itt_suppress_mark_range
17528 : 0x702cfa9057d : 2 : ittapi_config_apply_per_lib :  ITTAPI function not implemented: __itt_suppress_clear_range
17528 : 0x702cfa90589 : 2 : ittapi_config_apply_per_lib :  ITTAPI function NOT instrumented (not matched by --itt-config option): __itt_sync_prepare

17528 : 0x702cfa90598 : 2 : ittapi_config_apply_per_lib :  ITTAPI function NOT instrumented (not matched by --itt-config option): __itt_sync_cancel

17528 : 0x702cfa905a8 : 2 : ittapi_config_apply_per_lib :  ITTAPI function NOT instrumented (not matched by --itt-config option): __itt_sync_acquired

17528 : 0x702cfa905b8 : 2 : ittapi_config_apply_per_lib :  ITTAPI function NOT instrumented (not matched by --itt-config option): __itt_sync_releasing

17528 : 0x702cfa905cc : 2 : ittapi_config_apply_per_lib :  ITTAPI function instrumented: __itt_model_site_begin
17528 : 0x702cfa906c3 : 2 : ittapi_config_apply_per_lib :  ITTAPI function instrumented: __itt_model_site_end
17528 : 0x702cfa906d5 : 2 : ittapi_config_apply_per_lib :  ITTAPI function instrumented: __itt_model_task_begin
17528 : 0x702cfa906e3 : 2 : ittapi_config_apply_per_lib :  ITTAPI function instrumented: __itt_model_task_end
17528 : 0x702cfa906f1 : 2 : ittapi_config_apply_per_lib :  ITTAPI function instrumented: __itt_model_lock_acquire
17528 : 0x702cfa90701 : 2 : ittapi_config_apply_per_lib :  ITTAPI function instrumented: __itt_model_lock_release
17528 : 0x702cfa90711 : 2 : ittapi_config_apply_per_lib :  ITTAPI function not implemented: __itt_model_record_allocation
17528 : 0x702cfa90720 : 2 : ittapi_config_apply_per_lib :  ITTAPI function not implemented: __itt_model_record_deallocation
17528 : 0x702cfa9072f : 2 : ittapi_config_apply_per_lib :  ITTAPI function not implemented: __itt_model_induction_uses
17528 : 0x702cfa9073e : 2 : ittapi_config_apply_per_lib :  ITTAPI function not implemented: __itt_model_reduction_uses
17528 : 0x702cfa9074d : 2 : ittapi_config_apply_per_lib :  ITTAPI function not implemented: __itt_model_observe_uses
17528 : 0x702cfa9077b : 2 : ittapi_config_apply_per_lib :  ITTAPI function not implemented: __itt_model_clear_uses
17528 : 0x702cfa9078a : 2 : ittapi_config_apply_per_lib :  ITTAPI function instrumented: __itt_model_site_beginW
17528 : 0x702cfa90798 : 2 : ittapi_config_apply_per_lib :  ITTAPI function instrumented: __itt_model_task_beginW
17528 : 0x702cfa907a6 : 2 : ittapi_config_apply_per_lib :  ITTAPI function instrumented: __itt_model_iteration_taskW
17528 : 0x702cfa907b5 : 2 : ittapi_config_apply_per_lib :  ITTAPI function instrumented: __itt_model_site_beginA
17528 : 0x702cfa907c4 : 2 : ittapi_config_apply_per_lib :  ITTAPI function instrumented: __itt_model_site_beginAL
17528 : 0x702cfa907d1 : 2 : ittapi_config_apply_per_lib :  ITTAPI function instrumented: __itt_model_task_beginA
17528 : 0x702cfa907df : 2 : ittapi_config_apply_per_lib :  ITTAPI function instrumented: __itt_model_task_beginAL
17528 : 0x702cfa907ee : 2 : ittapi_config_apply_per_lib :  ITTAPI function instrumented: __itt_model_iteration_taskA
17528 : 0x702cfa907fc : 2 : ittapi_config_apply_per_lib :  ITTAPI function instrumented: __itt_model_iteration_taskAL
17528 : 0x702cfa9081c : 2 : ittapi_config_apply_per_lib :  ITTAPI function instrumented: __itt_model_site_end_2
17528 : 0x702cfa9082b : 2 : ittapi_config_apply_per_lib :  ITTAPI function instrumented: __itt_model_task_end_2
17528 : 0x702cfa90839 : 2 : ittapi_config_apply_per_lib :  ITTAPI function instrumented: __itt_model_lock_acquire_2
17528 : 0x702cfa90848 : 2 : ittapi_config_apply_per_lib :  ITTAPI function instrumented: __itt_model_lock_release_2
17528 : 0x702cfa90855 : 2 : ittapi_config_apply_per_lib :  ITTAPI function instrumented: __itt_model_aggregate_task
17528 : 0x702cfa90863 : 2 : ittapi_config_apply_per_lib :  ITTAPI function instrumented: __itt_model_disable_push
17528 : 0x702cfa90871 : 2 : ittapi_config_apply_per_lib :  ITTAPI function instrumented: __itt_model_disable_pop
17528 : 0x702cfa9087f : 2 : ittapi_config_apply_per_lib :  ITTAPI function instrumented: __itt_heap_function_createA
17528 : 0x702cfa9088c : 2 : ittapi_config_apply_per_lib :  ITTAPI function instrumented: __itt_heap_function_createW
17528 : 0x702cfa9089b : 2 : ittapi_config_apply_per_lib :  ITTAPI function instrumented: __itt_heap_allocate_begin
17528 : 0x702cfa908c5 : 2 : ittapi_config_apply_per_lib :  ITTAPI function instrumented: __itt_heap_allocate_end
17528 : 0x702cfa908d5 : 2 : ittapi_config_apply_per_lib :  ITTAPI function instrumented: __itt_heap_free_begin
17528 : 0x702cfa908e3 : 2 : ittapi_config_apply_per_lib :  ITTAPI function instrumented: __itt_heap_free_end
17528 : 0x702cfa908f2 : 2 : ittapi_config_apply_per_lib :  ITTAPI function instrumented: __itt_heap_reallocate_begin
17528 : 0x702cfa90900 : 2 : ittapi_config_apply_per_lib :  ITTAPI function instrumented: __itt_heap_reallocate_end
17528 : 0x702cfa9090f : 2 : ittapi_config_apply_per_lib :  ITTAPI function not implemented: __itt_heap_internal_access_begin
17528 : 0x702cfa9091e : 2 : ittapi_config_apply_per_lib :  ITTAPI function not implemented: __itt_heap_internal_access_end
17528 : 0x702cfa9092e : 2 : ittapi_config_apply_per_lib :  ITTAPI function not implemented: __itt_heap_record_memory_growth_begin
17528 : 0x702cfa9093d : 2 : ittapi_config_apply_per_lib :  ITTAPI function not implemented: __itt_heap_record_memory_growth_end
17528 : 0x702cfa9094c : 2 : ittapi_config_apply_per_lib :  ITTAPI function not implemented: __itt_heap_reset_detection
17528 : 0x702cfa90971 : 2 : ittapi_config_apply_per_lib :  ITTAPI function not implemented: __itt_heap_record
17528 : 0x702cfa90982 : 2 : ittapi_config_apply_per_lib :  ITTAPI function not implemented: __itt_id_create
17528 : 0x702cfa90990 : 2 : ittapi_config_apply_per_lib :  ITTAPI function not implemented: __itt_id_destroy
17528 : 0x702cfa9099f : 2 : ittapi_config_apply_per_lib :  ITTAPI function instrumented: __itt_get_timestamp
17528 : 0x702cfa909af : 2 : ittapi_config_apply_per_lib :  ITTAPI function not implemented: __itt_region_begin
17528 : 0x702cfa909be : 2 : ittapi_config_apply_per_lib :  ITTAPI function not implemented: __itt_region_end
17528 : 0x702cfa909ce : 2 : ittapi_config_apply_per_lib :  ITTAPI function instrumented: __itt_frame_begin_v3
17528 : 0x702cfa909dc : 2 : ittapi_config_apply_per_lib :  ITTAPI function instrumented: __itt_frame_end_v3
17528 : 0x702cfa909ea : 2 : ittapi_config_apply_per_lib :  ITTAPI function instrumented: __itt_frame_submit_v3
17528 : 0x702cfa909f9 : 2 : ittapi_config_apply_per_lib :  ITTAPI function not implemented: __itt_task_group
17528 : 0x702cfa90a1b : 2 : ittapi_config_apply_per_lib :  ITTAPI function instrumented: __itt_task_begin
17528 : 0x702cfa90a2b : 2 : ittapi_config_apply_per_lib :  ITTAPI function instrumented: __itt_task_begin_fn
17528 : 0x702cfa90a3a : 2 : ittapi_config_apply_per_lib :  ITTAPI function instrumented: __itt_task_end
17528 : 0x702cfa90a4a : 2 : ittapi_config_apply_per_lib :  ITTAPI function not implemented: __itt_counter_inc_v3
17528 : 0x702cfa90a59 : 2 : ittapi_config_apply_per_lib :  ITTAPI function not implemented: __itt_counter_inc_delta_v3
17528 : 0x702cfa90a69 : 2 : ittapi_config_apply_per_lib :  ITTAPI function not implemented: __itt_counter_dec_v3
17528 : 0x702cfa90a7a : 2 : ittapi_config_apply_per_lib :  ITTAPI function not implemented: __itt_counter_dec_delta_v3
17528 : 0x702cfa90a89 : 2 : ittapi_config_apply_per_lib :  ITTAPI function not implemented: __itt_marker
17528 : 0x702cfa90a98 : 2 : ittapi_config_apply_per_lib :  ITTAPI function instrumented: __itt_metadata_add
17528 : 0x702cfa90aa7 : 2 : ittapi_config_apply_per_lib :  ITTAPI function not implemented: __itt_metadata_str_addA
17528 : 0x702cfa90ac8 : 2 : ittapi_config_apply_per_lib :  ITTAPI function not implemented: __itt_metadata_str_addW
17528 : 0x702cfa90ad9 : 2 : ittapi_config_apply_per_lib :  ITTAPI function not implemented: __itt_relation_add_to_current
17528 : 0x702cfa90ae8 : 2 : ittapi_config_apply_per_lib :  ITTAPI function not implemented: __itt_relation_add
17528 : 0x702cfa90af6 : 2 : ittapi_config_apply_per_lib :  ITTAPI function instrumented: __itt_event_createA
17528 : 0x702cfa90b04 : 2 : ittapi_config_apply_per_lib :  ITTAPI function instrumented: __itt_event_createW
17528 : 0x702cfa90b12 : 2 : ittapi_config_apply_per_lib :  ITTAPI function instrumented: __itt_event_start
17528 : 0x702cfa90b21 : 2 : ittapi_config_apply_per_lib :  ITTAPI function instrumented: __itt_event_end
17528 : 0x702cfa90b2c : 2 : ittapi_config_apply_per_lib :  ITTAPI function NOT instrumented (not matched by --itt-config option): __itt_sync_set_nameA

17528 : 0x702cfa90b45 : 2 : ittapi_config_apply_per_lib :  ITTAPI function NOT instrumented (not matched by --itt-config option): __itt_sync_set_nameW

17528 : 0x702cfa90b56 : 2 : ittapi_config_apply_per_lib :  ITTAPI function NOT instrumented (not matched by --itt-config option): __itt_notify_sync_nameA

17528 : 0x702cfa90b80 : 2 : ittapi_config_apply_per_lib :  ITTAPI function NOT instrumented (not matched by --itt-config option): __itt_notify_sync_nameW

17528 : 0x702cfa90b91 : 2 : ittapi_config_apply_per_lib :  ITTAPI function NOT instrumented (not matched by --itt-config option): __itt_notify_sync_prepare

17528 : 0x702cfa90ba1 : 2 : ittapi_config_apply_per_lib :  ITTAPI function NOT instrumented (not matched by --itt-config option): __itt_notify_sync_cancel

17528 : 0x702cfa90bb1 : 2 : ittapi_config_apply_per_lib :  ITTAPI function NOT instrumented (not matched by --itt-config option): __itt_notify_sync_acquired

17528 : 0x702cfa90bc1 : 2 : ittapi_config_apply_per_lib :  ITTAPI function NOT instrumented (not matched by --itt-config option): __itt_notify_sync_releasing

17528 : 0x702cfa90bd7 : 2 : ittapi_config_apply_per_lib :  ITTAPI function not implemented: __itt_memory_read
17528 : 0x702cfa90be6 : 2 : ittapi_config_apply_per_lib :  ITTAPI function not implemented: __itt_memory_write
17528 : 0x702cfa90bf6 : 2 : ittapi_config_apply_per_lib :  ITTAPI function not implemented: __itt_memory_update
17528 : 0x702cfa90c05 : 2 : ittapi_config_apply_per_lib :  ITTAPI function not implemented: __itt_state_get
17528 : 0x702cfa90c14 : 2 : ittapi_config_apply_per_lib :  ITTAPI function not implemented: __itt_state_set
17528 : 0x702cfa90c39 : 2 : ittapi_config_apply_per_lib :  ITTAPI function not implemented: __itt_obj_mode_set
17528 : 0x702cfa90c49 : 2 : ittapi_config_apply_per_lib :  ITTAPI function not implemented: __itt_thr_mode_set
17528 : 0x702cfa90c58 : 2 : ittapi_config_apply_per_lib :  ITTAPI function instrumented: __itt_frame_createA
17528 : 0x702cfa90c65 : 2 : ittapi_config_apply_per_lib :  ITTAPI function instrumented: __itt_frame_createW
17528 : 0x702cfa90c73 : 2 : ittapi_config_apply_per_lib :  ITTAPI function instrumented: __itt_pt_region_createA
17528 : 0x702cfa90c81 : 2 : ittapi_config_apply_per_lib :  ITTAPI function instrumented: __itt_pt_region_createW
17528 : 0x702cfa90c8f : 2 : ittapi_config_apply_per_lib :  ITTAPI function instrumented: __itt_frame_begin
17528 : 0x702cfa90c9e : 2 : ittapi_config_apply_per_lib :  ITTAPI function instrumented: __itt_frame_end
17528 : 0x702cfa90cad : 2 : ittapi_config_apply_per_lib :  ITTAPI function not implemented: __itt_counter_destroy
17528 : 0x702cfa90cbd : 2 : ittapi_config_apply_per_lib :  ITTAPI function instrumented: __itt_counter_inc
17528 : 0x702cfa90cde : 2 : ittapi_config_apply_per_lib :  ITTAPI function instrumented: __itt_counter_inc_delta
17528 : 0x702cfa90cee : 2 : ittapi_config_apply_per_lib :  ITTAPI function instrumented: __itt_counter_dec
17528 : 0x702cfa90cfc : 2 : ittapi_config_apply_per_lib :  ITTAPI function instrumented: __itt_counter_dec_delta
17528 : 0x702cfa90d0b : 2 : ittapi_config_apply_per_lib :  ITTAPI function instrumented: __itt_counter_set_value
17528 : 0x702cfa90d1b : 2 : ittapi_config_apply_per_lib :  ITTAPI function not implemented: __itt_counter_set_value_ex
17528 : 0x702cfa90d2a : 2 : ittapi_config_apply_per_lib :  ITTAPI function not implemented: __itt_mark_createA
17528 : 0x702cfa90d38 : 2 : ittapi_config_apply_per_lib :  ITTAPI function not implemented: __itt_mark_createW
17528 : 0x702cfa90d47 : 2 : ittapi_config_apply_per_lib :  ITTAPI function not implemented: __itt_markA
17528 : 0x702cfa90d55 : 2 : ittapi_config_apply_per_lib :  ITTAPI function not implemented: __itt_markW
17528 : 0x702cfa90d65 : 2 : ittapi_config_apply_per_lib :  ITTAPI function not implemented: __itt_mark_off
17528 : 0x702cfa90e2e : 2 : ittapi_config_apply_per_lib :  ITTAPI function not implemented: __itt_mark_globalA
17528 : 0x702cfa90e40 : 2 : ittapi_config_apply_per_lib :  ITTAPI function not implemented: __itt_mark_globalW
17528 : 0x702cfa90e4f : 2 : ittapi_config_apply_per_lib :  ITTAPI function not implemented: __itt_mark_global_off
17528 : 0x702cfa90e60 : 2 : ittapi_config_apply_per_lib :  ITTAPI function instrumented: __itt_stack_caller_create
17528 : 0x702cfa90e6f : 2 : ittapi_config_apply_per_lib :  ITTAPI function instrumented: __itt_stack_caller_destroy
17528 : 0x702cfa90e7d : 2 : ittapi_config_apply_per_lib :  ITTAPI function instrumented: __itt_stack_callee_enter
17528 : 0x702cfa90e8b : 2 : ittapi_config_apply_per_lib :  ITTAPI function instrumented: __itt_stack_callee_leave
17528 : 0x702cfa90e99 : 2 : ittapi_config_apply_per_lib :  ITTAPI function not implemented: __itt_clock_domain_create
17528 : 0x702cfa90ea9 : 2 : ittapi_config_apply_per_lib :  ITTAPI function not implemented: __itt_clock_domain_reset
17528 : 0x702cfa90eb7 : 2 : ittapi_config_apply_per_lib :  ITTAPI function not implemented: __itt_id_create_ex
17528 : 0x702cfa90ee2 : 2 : ittapi_config_apply_per_lib :  ITTAPI function not implemented: __itt_id_destroy_ex
17528 : 0x702cfa90ef2 : 2 : ittapi_config_apply_per_lib :  ITTAPI function not implemented: __itt_task_begin_ex
17528 : 0x702cfa90f01 : 2 : ittapi_config_apply_per_lib :  ITTAPI function not implemented: __itt_task_begin_fn_ex
17528 : 0x702cfa90f11 : 2 : ittapi_config_apply_per_lib :  ITTAPI function not implemented: __itt_task_end_ex
17528 : 0x702cfa90f1f : 2 : ittapi_config_apply_per_lib :  ITTAPI function instrumented: __itt_task_begin_overlapped
17528 : 0x702cfa90f2e : 2 : ittapi_config_apply_per_lib :  ITTAPI function not implemented: __itt_task_begin_overlapped_ex
17528 : 0x702cfa90f3d : 2 : ittapi_config_apply_per_lib :  ITTAPI function instrumented: __itt_task_end_overlapped
17528 : 0x702cfa90f4b : 2 : ittapi_config_apply_per_lib :  ITTAPI function not implemented: __itt_task_end_overlapped_ex
17528 : 0x702cfa90f5b : 2 : ittapi_config_apply_per_lib :  ITTAPI function not implemented: __itt_marker_ex
17528 : 0x702cfa90f69 : 2 : ittapi_config_apply_per_lib :  ITTAPI function not implemented: __itt_metadata_add_with_scope
17528 : 0x702cfa90f8c : 2 : ittapi_config_apply_per_lib :  ITTAPI function not implemented: __itt_metadata_str_add_with_scopeA
17528 : 0x702cfa90f9d : 2 : ittapi_config_apply_per_lib :  ITTAPI function not implemented: __itt_metadata_str_add_with_scopeW
17528 : 0x702cfa90fad : 2 : ittapi_config_apply_per_lib :  ITTAPI function not implemented: __itt_relation_add_to_current_ex
17528 : 0x702cfa90fbc : 2 : ittapi_config_apply_per_lib :  ITTAPI function not implemented: __itt_relation_add_ex
17528 : 0x702cfa90fcb : 2 : ittapi_config_apply_per_lib :  ITTAPI function not implemented: __itt_track_group_create
17528 : 0x702cfa90fda : 2 : ittapi_config_apply_per_lib :  ITTAPI function not implemented: __itt_track_create
17528 : 0x702cfa90fe9 : 2 : ittapi_config_apply_per_lib :  ITTAPI function not implemented: __itt_set_track
17528 : 0x702cfa90ff8 : 2 : ittapi_config_apply_per_lib :  ITTAPI function instrumented: __itt_api_version
17528 : 0x702cfa91008 : 2 : ittapi_config_apply_per_lib :  ITTAPI function not implemented: __itt_av_saveA
17528 : 0x702cfa91017 : 2 : ittapi_config_apply_per_lib :  ITTAPI function not implemented: __itt_av_saveW
17528 : 0x702cfa91038 : 2 : ittapi_config_apply_per_lib :  ITTAPI function instrumented: __itt_module_loadA
17528 : 0x702cfa91047 : 2 : ittapi_config_apply_per_lib :  ITTAPI function instrumented: __itt_module_loadW
17528 : 0x702cfa91056 : 2 : ittapi_config_apply_per_lib :  ITTAPI function not implemented: __itt_module_unload
17528 : 0x702cfa91827 : 2 : ittapi_config_mask_get :  --itt-config mask to be applied: 183
17528 : 0x702cfa9183f : 2 : ittapi_config_apply_per_lib :  ITTAPI function instrumented: __itt_domain_createA
17528 : 0x702cfa9184f : 2 : ittapi_config_apply_per_lib :  ITTAPI function instrumented: __itt_domain_createW
17528 : 0x702cfa9185d : 2 : ittapi_config_apply_per_lib :  ITTAPI function instrumented: __itt_string_handle_createA
17528 : 0x702cfa9186b : 2 : ittapi_config_apply_per_lib :  ITTAPI function instrumented: __itt_string_handle_createW
17528 : 0x702cfa91879 : 2 : ittapi_config_apply_per_lib :  ITTAPI function instrumented: __itt_counter_createA
17528 : 0x702cfa91886 : 2 : ittapi_config_apply_per_lib :  ITTAPI function instrumented: __itt_counter_createW
17528 : 0x702cfa918ca : 2 : ittapi_config_apply_per_lib :  ITTAPI function instrumented: __itt_counter_create_typedA
17528 : 0x702cfa918d9 : 2 : ittapi_config_apply_per_lib :  ITTAPI function instrumented: __itt_counter_create_typedW
17528 : 0x702cfa918e8 : 2 : ittapi_config_apply_per_lib :  ITTAPI function instrumented: __itt_pause
17528 : 0x702cfa918f6 : 2 : ittapi_config_apply_per_lib :  ITTAPI function instrumented: __itt_resume
17528 : 0x702cfa91905 : 2 : ittapi_config_apply_per_lib :  ITTAPI function instrumented: __itt_thread_set_nameA
17528 : 0x702cfa91913 : 2 : ittapi_config_apply_per_lib :  ITTAPI function instrumented: __itt_thread_set_nameW
17528 : 0x702cfa91921 : 2 : ittapi_config_apply_per_lib :  ITTAPI function instrumented: __itt_thread_ignore
17528 : 0x702cfa91931 : 2 : ittapi_config_apply_per_lib :  ITTAPI function instrumented: __itt_thr_name_setA
17528 : 0x702cfa9193f : 2 : ittapi_config_apply_per_lib :  ITTAPI function instrumented: __itt_thr_name_setW
17528 : 0x702cfa9194d : 2 : ittapi_config_apply_per_lib :  ITTAPI function instrumented: __itt_thr_ignore
17528 : 0x702cfa91978 : 2 : ittapi_config_apply_per_lib :  ITTAPI function not implemented: __itt_enable_attach
17528 : 0x702cfa91988 : 2 : ittapi_config_apply_per_lib :  ITTAPI function instrumented: __itt_detach
17528 : 0x702cfa91993 : 2 : ittapi_config_apply_per_lib :  ITTAPI function NOT instrumented (not matched by --itt-config option): __itt_sync_createA

17528 : 0x702cfa919a3 : 2 : ittapi_config_apply_per_lib :  ITTAPI function NOT instrumented (not matched by --itt-config option): __itt_sync_createW

17528 : 0x702cfa919b3 : 2 : ittapi_config_apply_per_lib :  ITTAPI function NOT instrumented (not matched by --itt-config option): __itt_sync_renameA

17528 : 0x702cfa919c3 : 2 : ittapi_config_apply_per_lib :  ITTAPI function NOT instrumented (not matched by --itt-config option): __itt_sync_renameW

17528 : 0x702cfa919d2 : 2 : ittapi_config_apply_per_lib :  ITTAPI function NOT instrumented (not matched by --itt-config option): __itt_sync_destroy

17528 : 0x702cfa919e2 : 2 : ittapi_config_apply_per_lib :  ITTAPI function NOT instrumented (not matched by --itt-config option): __itt_sync_prepare

17528 : 0x702cfa919f1 : 2 : ittapi_config_apply_per_lib :  ITTAPI function NOT instrumented (not matched by --itt-config option): __itt_sync_cancel

17528 : 0x702cfa91a00 : 2 : ittapi_config_apply_per_lib :  ITTAPI function NOT instrumented (not matched by --itt-config option): __itt_sync_acquired

17528 : 0x702cfa91a23 : 2 : ittapi_config_apply_per_lib :  ITTAPI function NOT instrumented (not matched by --itt-config option): __itt_sync_releasing

17528 : 0x702cfa91a39 : 2 : ittapi_config_apply_per_lib :  ITTAPI function not implemented: __itt_suppress_push
17528 : 0x702cfa91a48 : 2 : ittapi_config_apply_per_lib :  ITTAPI function not implemented: __itt_suppress_pop
17528 : 0x702cfa91a58 : 2 : ittapi_config_apply_per_lib :  ITTAPI function not implemented: __itt_suppress_mark_range
17528 : 0x702cfa91a68 : 2 : ittapi_config_apply_per_lib :  ITTAPI function not implemented: __itt_suppress_clear_range
17528 : 0x702cfa91a73 : 2 : ittapi_config_apply_per_lib :  ITTAPI function NOT instrumented (not matched by --itt-config option): __itt_sync_prepare

17528 : 0x702cfa91a82 : 2 : ittapi_config_apply_per_lib :  ITTAPI function NOT instrumented (not matched by --itt-config option): __itt_sync_cancel

17528 : 0x702cfa91a91 : 2 : ittapi_config_apply_per_lib :  ITTAPI function NOT instrumented (not matched by --itt-config option): __itt_sync_acquired

17528 : 0x702cfa91aa0 : 2 : ittapi_config_apply_per_lib :  ITTAPI function NOT instrumented (not matched by --itt-config option): __itt_sync_releasing

17528 : 0x702cfa91ab4 : 2 : ittapi_config_apply_per_lib :  ITTAPI function instrumented: __itt_model_site_begin
17528 : 0x702cfa91adc : 2 : ittapi_config_apply_per_lib :  ITTAPI function instrumented: __itt_model_site_end
17528 : 0x702cfa91aeb : 2 : ittapi_config_apply_per_lib :  ITTAPI function instrumented: __itt_model_task_begin
17528 : 0x702cfa91afa : 2 : ittapi_config_apply_per_lib :  ITTAPI function instrumented: __itt_model_task_end
17528 : 0x702cfa91b08 : 2 : ittapi_config_apply_per_lib :  ITTAPI function instrumented: __itt_model_lock_acquire
17528 : 0x702cfa91b17 : 2 : ittapi_config_apply_per_lib :  ITTAPI function instrumented: __itt_model_lock_release
17528 : 0x702cfa91b27 : 2 : ittapi_config_apply_per_lib :  ITTAPI function not implemented: __itt_model_record_allocation
17528 : 0x702cfa91b36 : 2 : ittapi_config_apply_per_lib :  ITTAPI function not implemented: __itt_model_record_deallocation
17528 : 0x702cfa91b45 : 2 : ittapi_config_apply_per_lib :  ITTAPI function not implemented: __itt_model_induction_uses
17528 : 0x702cfa91b54 : 2 : ittapi_config_apply_per_lib :  ITTAPI function not implemented: __itt_model_reduction_uses
17528 : 0x702cfa91b63 : 2 : ittapi_config_apply_per_lib :  ITTAPI function not implemented: __itt_model_observe_uses
17528 : 0x702cfa91b88 : 2 : ittapi_config_apply_per_lib :  ITTAPI function not implemented: __itt_model_clear_uses
17528 : 0x702cfa91b98 : 2 : ittapi_config_apply_per_lib :  ITTAPI function instrumented: __itt_model_site_beginW
17528 : 0x702cfa91ba6 : 2 : ittapi_config_apply_per_lib :  ITTAPI function instrumented: __itt_model_task_beginW
17528 : 0x702cfa91bb4 : 2 : ittapi_config_apply_per_lib :  ITTAPI function instrumented: __itt_model_iteration_taskW
17528 : 0x702cfa91bc3 : 2 : ittapi_config_apply_per_lib :  ITTAPI function instrumented: __itt_model_site_beginA
17528 : 0x702cfa91bd1 : 2 : ittapi_config_apply_per_lib :  ITTAPI function instrumented: __itt_model_site_beginAL
17528 : 0x702cfa91bdf : 2 : ittapi_config_apply_per_lib :  ITTAPI function instrumented: __itt_model_task_beginA
17528 : 0x702cfa91bed : 2 : ittapi_config_apply_per_lib :  ITTAPI function instrumented: __itt_model_task_beginAL
17528 : 0x702cfa91bfb : 2 : ittapi_config_apply_per_lib :  ITTAPI function instrumented: __itt_model_iteration_taskA
17528 : 0x702cfa91c11 : 2 : ittapi_config_apply_per_lib :  ITTAPI function instrumented: __itt_model_iteration_taskAL
17528 : 0x702cfa91c32 : 2 : ittapi_config_apply_per_lib :  ITTAPI function instrumented: __itt_model_site_end_2
17528 : 0x702cfa91c41 : 2 : ittapi_config_apply_per_lib :  ITTAPI function instrumented: __itt_model_task_end_2
17528 : 0x702cfa91c4f : 2 : ittapi_config_apply_per_lib :  ITTAPI function instrumented: __itt_model_lock_acquire_2
17528 : 0x702cfa91c5d : 2 : ittapi_config_apply_per_lib :  ITTAPI function instrumented: __itt_model_lock_release_2
17528 : 0x702cfa91c6b : 2 : ittapi_config_apply_per_lib :  ITTAPI function instrumented: __itt_model_aggregate_task
17528 : 0x702cfa91c7a : 2 : ittapi_config_apply_per_lib :  ITTAPI function instrumented: __itt_model_disable_push
17528 : 0x702cfa91c87 : 2 : ittapi_config_apply_per_lib :  ITTAPI function instrumented: __itt_model_disable_pop
17528 : 0x702cfa91ca3 : 2 : ittapi_config_apply_per_lib :  ITTAPI function instrumented: __itt_heap_function_createA
17528 : 0x702cfa91cb1 : 2 : ittapi_config_apply_per_lib :  ITTAPI function instrumented: __itt_heap_function_createW
17528 : 0x702cfa91cbf : 2 : ittapi_config_apply_per_lib :  ITTAPI function instrumented: __itt_heap_allocate_begin
17528 : 0x702cfa91cdf : 2 : ittapi_config_apply_per_lib :  ITTAPI function instrumented: __itt_heap_allocate_end
17528 : 0x702cfa91cee : 2 : ittapi_config_apply_per_lib :  ITTAPI function instrumented: __itt_heap_free_begin
17528 : 0x702cfa91cfc : 2 : ittapi_config_apply_per_lib :  ITTAPI function instrumented: __itt_heap_free_end
17528 : 0x702cfa91d0a : 2 : ittapi_config_apply_per_lib :  ITTAPI function instrumented: __itt_heap_reallocate_begin
17528 : 0x702cfa91d18 : 2 : ittapi_config_apply_per_lib :  ITTAPI function instrumented: __itt_heap_reallocate_end
17528 : 0x702cfa91d27 : 2 : ittapi_config_apply_per_lib :  ITTAPI function not implemented: __itt_heap_internal_access_begin
17528 : 0x702cfa91d36 : 2 : ittapi_config_apply_per_lib :  ITTAPI function not implemented: __itt_heap_internal_access_end
17528 : 0x702cfa91d46 : 2 : ittapi_config_apply_per_lib :  ITTAPI function not implemented: __itt_heap_record_memory_growth_begin
17528 : 0x702cfa91d56 : 2 : ittapi_config_apply_per_lib :  ITTAPI function not implemented: __itt_heap_record_memory_growth_end
17528 : 0x702cfa91d65 : 2 : ittapi_config_apply_per_lib :  ITTAPI function not implemented: __itt_heap_reset_detection
17528 : 0x702cfa91d8d : 2 : ittapi_config_apply_per_lib :  ITTAPI function not implemented: __itt_heap_record
17528 : 0x702cfa91d9e : 2 : ittapi_config_apply_per_lib :  ITTAPI function not implemented: __itt_id_create
17528 : 0x702cfa91dad : 2 : ittapi_config_apply_per_lib :  ITTAPI function not implemented: __itt_id_destroy
17528 : 0x702cfa91dbc : 2 : ittapi_config_apply_per_lib :  ITTAPI function instrumented: __itt_get_timestamp
17528 : 0x702cfa91dcb : 2 : ittapi_config_apply_per_lib :  ITTAPI function not implemented: __itt_region_begin
17528 : 0x702cfa91dda : 2 : ittapi_config_apply_per_lib :  ITTAPI function not implemented: __itt_region_end
17528 : 0x702cfa91de9 : 2 : ittapi_config_apply_per_lib :  ITTAPI function instrumented: __itt_frame_begin_v3
17528 : 0x702cfa91df7 : 2 : ittapi_config_apply_per_lib :  ITTAPI function instrumented: __itt_frame_end_v3
17528 : 0x702cfa91e05 : 2 : ittapi_config_apply_per_lib :  ITTAPI function instrumented: __itt_frame_submit_v3
17528 : 0x702cfa91e15 : 2 : ittapi_config_apply_per_lib :  ITTAPI function not implemented: __itt_task_group
17528 : 0x702cfa91e3a : 2 : ittapi_config_apply_per_lib :  ITTAPI function instrumented: __itt_task_begin
17528 : 0x702cfa91e4a : 2 : ittapi_config_apply_per_lib :  ITTAPI function instrumented: __itt_task_begin_fn
17528 : 0x702cfa91e58 : 2 : ittapi_config_apply_per_lib :  ITTAPI function instrumented: __itt_task_end
17528 : 0x702cfa91e68 : 2 : ittapi_config_apply_per_lib :  ITTAPI function not implemented: __itt_counter_inc_v3
17528 : 0x702cfa91e77 : 2 : ittapi_config_apply_per_lib :  ITTAPI function not implemented: __itt_counter_inc_delta_v3
17528 : 0x702cfa91e86 : 2 : ittapi_config_apply_per_lib :  ITTAPI function not implemented: __itt_counter_dec_v3
17528 : 0x702cfa91e96 : 2 : ittapi_config_apply_per_lib :  ITTAPI function not implemented: __itt_counter_dec_delta_v3
17528 : 0x702cfa91ea6 : 2 : ittapi_config_apply_per_lib :  ITTAPI function not implemented: __itt_marker
17528 : 0x702cfa91eb4 : 2 : ittapi_config_apply_per_lib :  ITTAPI function instrumented: __itt_metadata_add
17528 : 0x702cfa91ec4 : 2 : ittapi_config_apply_per_lib :  ITTAPI function not implemented: __itt_metadata_str_addA
17528 : 0x702cfa91ee5 : 2 : ittapi_config_apply_per_lib :  ITTAPI function not implemented: __itt_metadata_str_addW
17528 : 0x702cfa91ef5 : 2 : ittapi_config_apply_per_lib :  ITTAPI function not implemented: __itt_relation_add_to_current
17528 : 0x702cfa91f03 : 2 : ittapi_config_apply_per_lib :  ITTAPI function not implemented: __itt_relation_add
17528 : 0x702cfa91f12 : 2 : ittapi_config_apply_per_lib :  ITTAPI function instrumented: __itt_event_createA
17528 : 0x702cfa91f1f : 2 : ittapi_config_apply_per_lib :  ITTAPI function instrumented: __itt_event_createW
17528 : 0x702cfa91f2e : 2 : ittapi_config_apply_per_lib :  ITTAPI function instrumented: __itt_event_start
17528 : 0x702cfa91f3c : 2 : ittapi_config_apply_per_lib :  ITTAPI function instrumented: __itt_event_end
17528 : 0x702cfa91f47 : 2 : ittapi_config_apply_per_lib :  ITTAPI function NOT instrumented (not matched by --itt-config option): __itt_sync_set_nameA

17528 : 0x702cfa91f57 : 2 : ittapi_config_apply_per_lib :  ITTAPI function NOT instrumented (not matched by --itt-config option): __itt_sync_set_nameW

17528 : 0x702cfa91f67 : 2 : ittapi_config_apply_per_lib :  ITTAPI function NOT instrumented (not matched by --itt-config option): __itt_notify_sync_nameA

17528 : 0x702cfa92067 : 2 : ittapi_config_apply_per_lib :  ITTAPI function NOT instrumented (not matched by --itt-config option): __itt_notify_sync_nameW

17528 : 0x702cfa9207a : 2 : ittapi_config_apply_per_lib :  ITTAPI function NOT instrumented (not matched by --itt-config option): __itt_notify_sync_prepare

17528 : 0x702cfa9208a : 2 : ittapi_config_apply_per_lib :  ITTAPI function NOT instrumented (not matched by --itt-config option): __itt_notify_sync_cancel

17528 : 0x702cfa9209a : 2 : ittapi_config_apply_per_lib :  ITTAPI function NOT instrumented (not matched by --itt-config option): __itt_notify_sync_acquired

17528 : 0x702cfa920a9 : 2 : ittapi_config_apply_per_lib :  ITTAPI function NOT instrumented (not matched by --itt-config option): __itt_notify_sync_releasing

17528 : 0x702cfa920c2 : 2 : ittapi_config_apply_per_lib :  ITTAPI function not implemented: __itt_memory_read
17528 : 0x702cfa920d2 : 2 : ittapi_config_apply_per_lib :  ITTAPI function not implemented: __itt_memory_write
17528 : 0x702cfa920e1 : 2 : ittapi_config_apply_per_lib :  ITTAPI function not implemented: __itt_memory_update
17528 : 0x702cfa920f0 : 2 : ittapi_config_apply_per_lib :  ITTAPI function not implemented: __itt_state_get
17528 : 0x702cfa920ff : 2 : ittapi_config_apply_per_lib :  ITTAPI function not implemented: __itt_state_set
17528 : 0x702cfa9212c : 2 : ittapi_config_apply_per_lib :  ITTAPI function not implemented: __itt_obj_mode_set
17528 : 0x702cfa9213d : 2 : ittapi_config_apply_per_lib :  ITTAPI function not implemented: __itt_thr_mode_set
17528 : 0x702cfa9214d : 2 : ittapi_config_apply_per_lib :  ITTAPI function instrumented: __itt_frame_createA
17528 : 0x702cfa9215a : 2 : ittapi_config_apply_per_lib :  ITTAPI function instrumented: __itt_frame_createW
17528 : 0x702cfa92168 : 2 : ittapi_config_apply_per_lib :  ITTAPI function instrumented: __itt_pt_region_createA
17528 : 0x702cfa92176 : 2 : ittapi_config_apply_per_lib :  ITTAPI function instrumented: __itt_pt_region_createW
17528 : 0x702cfa92184 : 2 : ittapi_config_apply_per_lib :  ITTAPI function instrumented: __itt_frame_begin
17528 : 0x702cfa92192 : 2 : ittapi_config_apply_per_lib :  ITTAPI function instrumented: __itt_frame_end
17528 : 0x702cfa921a2 : 2 : ittapi_config_apply_per_lib :  ITTAPI function not implemented: __itt_counter_destroy
17528 : 0x702cfa921b1 : 2 : ittapi_config_apply_per_lib :  ITTAPI function instrumented: __itt_counter_inc
17528 : 0x702cfa921d1 : 2 : ittapi_config_apply_per_lib :  ITTAPI function instrumented: __itt_counter_inc_delta
17528 : 0x702cfa921e1 : 2 : ittapi_config_apply_per_lib :  ITTAPI function instrumented: __itt_counter_dec
17528 : 0x702cfa921ee : 2 : ittapi_config_apply_per_lib :  ITTAPI function instrumented: __itt_counter_dec_delta
17528 : 0x702cfa921fd : 2 : ittapi_config_apply_per_lib :  ITTAPI function instrumented: __itt_counter_set_value
17528 : 0x702cfa9220d : 2 : ittapi_config_apply_per_lib :  ITTAPI function not implemented: __itt_counter_set_value_ex
17528 : 0x702cfa9221c : 2 : ittapi_config_apply_per_lib :  ITTAPI function not implemented: __itt_mark_createA
17528 : 0x702cfa9222a : 2 : ittapi_config_apply_per_lib :  ITTAPI function not implemented: __itt_mark_createW
17528 : 0x702cfa92238 : 2 : ittapi_config_apply_per_lib :  ITTAPI function not implemented: __itt_markA
17528 : 0x702cfa92247 : 2 : ittapi_config_apply_per_lib :  ITTAPI function not implemented: __itt_markW
17528 : 0x702cfa92257 : 2 : ittapi_config_apply_per_lib :  ITTAPI function not implemented: __itt_mark_off
17528 : 0x702cfa9227f : 2 : ittapi_config_apply_per_lib :  ITTAPI function not implemented: __itt_mark_globalA
17528 : 0x702cfa9228f : 2 : ittapi_config_apply_per_lib :  ITTAPI function not implemented: __itt_mark_globalW
17528 : 0x702cfa9229d : 2 : ittapi_config_apply_per_lib :  ITTAPI function not implemented: __itt_mark_global_off
17528 : 0x702cfa922ae : 2 : ittapi_config_apply_per_lib :  ITTAPI function instrumented: __itt_stack_caller_create
17528 : 0x702cfa922bd : 2 : ittapi_config_apply_per_lib :  ITTAPI function instrumented: __itt_stack_caller_destroy
17528 : 0x702cfa922cb : 2 : ittapi_config_apply_per_lib :  ITTAPI function instrumented: __itt_stack_callee_enter
17528 : 0x702cfa922da : 2 : ittapi_config_apply_per_lib :  ITTAPI function instrumented: __itt_stack_callee_leave
17528 : 0x702cfa922e8 : 2 : ittapi_config_apply_per_lib :  ITTAPI function not implemented: __itt_clock_domain_create
17528 : 0x702cfa922f8 : 2 : ittapi_config_apply_per_lib :  ITTAPI function not implemented: __itt_clock_domain_reset
17528 : 0x702cfa92306 : 2 : ittapi_config_apply_per_lib :  ITTAPI function not implemented: __itt_id_create_ex
17528 : 0x702cfa92330 : 2 : ittapi_config_apply_per_lib :  ITTAPI function not implemented: __itt_id_destroy_ex
17528 : 0x702cfa92341 : 2 : ittapi_config_apply_per_lib :  ITTAPI function not implemented: __itt_task_begin_ex
17528 : 0x702cfa92350 : 2 : ittapi_config_apply_per_lib :  ITTAPI function not implemented: __itt_task_begin_fn_ex
17528 : 0x702cfa92360 : 2 : ittapi_config_apply_per_lib :  ITTAPI function not implemented: __itt_task_end_ex
17528 : 0x702cfa9236e : 2 : ittapi_config_apply_per_lib :  ITTAPI function instrumented: __itt_task_begin_overlapped
17528 : 0x702cfa9237d : 2 : ittapi_config_apply_per_lib :  ITTAPI function not implemented: __itt_task_begin_overlapped_ex
17528 : 0x702cfa9238c : 2 : ittapi_config_apply_per_lib :  ITTAPI function instrumented: __itt_task_end_overlapped
17528 : 0x702cfa9239b : 2 : ittapi_config_apply_per_lib :  ITTAPI function not implemented: __itt_task_end_overlapped_ex
17528 : 0x702cfa923aa : 2 : ittapi_config_apply_per_lib :  ITTAPI function not implemented: __itt_marker_ex
17528 : 0x702cfa923ba : 2 : ittapi_config_apply_per_lib :  ITTAPI function not implemented: __itt_metadata_add_with_scope
17528 : 0x702cfa923df : 2 : ittapi_config_apply_per_lib :  ITTAPI function not implemented: __itt_metadata_str_add_with_scopeA
17528 : 0x702cfa923f0 : 2 : ittapi_config_apply_per_lib :  ITTAPI function not implemented: __itt_metadata_str_add_with_scopeW
17528 : 0x702cfa923ff : 2 : ittapi_config_apply_per_lib :  ITTAPI function not implemented: __itt_relation_add_to_current_ex
17528 : 0x702cfa9240e : 2 : ittapi_config_apply_per_lib :  ITTAPI function not implemented: __itt_relation_add_ex
17528 : 0x702cfa9241d : 2 : ittapi_config_apply_per_lib :  ITTAPI function not implemented: __itt_track_group_create
17528 : 0x702cfa9242c : 2 : ittapi_config_apply_per_lib :  ITTAPI function not implemented: __itt_track_create
17528 : 0x702cfa9243b : 2 : ittapi_config_apply_per_lib :  ITTAPI function not implemented: __itt_set_track
17528 : 0x702cfa9244a : 2 : ittapi_config_apply_per_lib :  ITTAPI function instrumented: __itt_api_version
17528 : 0x702cfa92459 : 2 : ittapi_config_apply_per_lib :  ITTAPI function not implemented: __itt_av_saveA
17528 : 0x702cfa92468 : 2 : ittapi_config_apply_per_lib :  ITTAPI function not implemented: __itt_av_saveW
17528 : 0x702cfa92489 : 2 : ittapi_config_apply_per_lib :  ITTAPI function instrumented: __itt_module_loadA
17528 : 0x702cfa92499 : 2 : ittapi_config_apply_per_lib :  ITTAPI function instrumented: __itt_module_loadW