<<<<<<< Updated upstream
<<<<<<< HEAD
c:\users\sanch\desktop\refactor\opennn\blank\release\main.obj
c:\users\sanch\desktop\refactor\opennn\blank\release\moc_predefs.h
c:\users\sanch\desktop\refactor\opennn\blank\bin\blank.exe
c:\users\sanch\desktop\refactor\opennn\blank\release\blank.tlog\cl.command.1.tlog
c:\users\sanch\desktop\refactor\opennn\blank\release\blank.tlog\cl.items.tlog
c:\users\sanch\desktop\refactor\opennn\blank\release\blank.tlog\cl.read.1.tlog
c:\users\sanch\desktop\refactor\opennn\blank\release\blank.tlog\cl.write.1.tlog
c:\users\sanch\desktop\refactor\opennn\blank\release\blank.tlog\custombuild.command.1.tlog
c:\users\sanch\desktop\refactor\opennn\blank\release\blank.tlog\custombuild.read.1.tlog
c:\users\sanch\desktop\refactor\opennn\blank\release\blank.tlog\custombuild.write.1.tlog
c:\users\sanch\desktop\refactor\opennn\blank\release\blank.tlog\link.command.1.tlog
c:\users\sanch\desktop\refactor\opennn\blank\release\blank.tlog\link.read.1.tlog
c:\users\sanch\desktop\refactor\opennn\blank\release\blank.tlog\link.write.1.tlog
=======
c:\users\roberto lopez\documents\gitlab\opennn\blank\release\main.obj
>>>>>>> 78876f561288654302b260fb115cf8e07f1a3e6f
=======
>>>>>>> Stashed changes
