d:\opennn\opennn\x64\release\cross_entropy_error.obj
d:\opennn\opennn\x64\release\growing_inputs.obj
d:\opennn\opennn\x64\release\long_short_term_memory_layer.obj
d:\opennn\opennn\x64\release\pruning_inputs.obj
d:\opennn\opennn\x64\release\response_optimization.obj
d:\opennn\opennn\x64\release\statistics.obj
d:\opennn\opennn\x64\release\tinyxml2.obj
d:\opennn\opennn\x64\release\training_strategy.obj
d:\opennn\opennn\x64\release\weighted_squared_error.obj
d:\opennn\opennn\x64\release\adaptive_moment_estimation.obj
d:\opennn\opennn\x64\release\gradient_descent.obj
d:\opennn\opennn\x64\release\learning_rate_algorithm.obj
d:\opennn\opennn\x64\release\minkowski_error.obj
d:\opennn\opennn\x64\release\numerical_differentiation.obj
d:\opennn\opennn\x64\release\opennn_strings.obj
d:\opennn\opennn\x64\release\quasi_newton_method.obj
d:\opennn\opennn\x64\release\sum_squared_error.obj
d:\opennn\opennn\x64\release\correlations.obj
d:\opennn\opennn\x64\release\growing_neurons.obj
d:\opennn\opennn\x64\release\loss_index.obj
d:\opennn\opennn\x64\release\neurons_selection.obj
d:\opennn\opennn\x64\release\optimization_algorithm.obj
d:\opennn\opennn\x64\release\recurrent_layer.obj
d:\opennn\opennn\x64\release\unscaling_layer.obj
d:\opennn\opennn\x64\release\conjugate_gradient.obj
d:\opennn\opennn\x64\release\inputs_selection.obj
d:\opennn\opennn\x64\release\mean_squared_error.obj
d:\opennn\opennn\x64\release\pooling_layer.obj
d:\opennn\opennn\x64\release\probabilistic_layer.obj
d:\opennn\opennn\x64\release\stochastic_gradient_descent.obj
d:\opennn\opennn\x64\release\unit_testing.obj
d:\opennn\opennn\x64\release\convolutional_layer.obj
d:\opennn\opennn\x64\release\genetic_algorithm.obj
d:\opennn\opennn\x64\release\layer.obj
d:\opennn\opennn\x64\release\neural_network.obj
d:\opennn\opennn\x64\release\perceptron_layer.obj
d:\opennn\opennn\x64\release\tensor_utilities.obj
d:\opennn\opennn\x64\release\bounding_layer.obj
d:\opennn\opennn\x64\release\data_set.obj
d:\opennn\opennn\x64\release\levenberg_marquardt_algorithm.obj
d:\opennn\opennn\x64\release\model_selection.obj
d:\opennn\opennn\x64\release\normalized_squared_error.obj
d:\opennn\opennn\x64\release\scaling.obj
d:\opennn\opennn\x64\release\scaling_layer.obj
d:\opennn\opennn\x64\release\testing_analysis.obj
d:\opennn\x64\release\opennn.lib
d:\opennn\opennn\x64\release\opennn.res
d:\opennn\opennn\x64\release\opennn.tlog\cl.10848.write.1.tlog
d:\opennn\opennn\x64\release\opennn.tlog\cl.command.1.tlog
d:\opennn\opennn\x64\release\opennn.tlog\cl.read.1.tlog
d:\opennn\opennn\x64\release\opennn.tlog\icx-clang-cl.16640.delete.1.tlog
d:\opennn\opennn\x64\release\opennn.tlog\icx-clang-cl.16640.read.1.tlog
d:\opennn\opennn\x64\release\opennn.tlog\icx-clang-cl.16640.write.1.tlog
d:\opennn\opennn\x64\release\opennn.tlog\icx-clang-cl.16976.delete.1.tlog
d:\opennn\opennn\x64\release\opennn.tlog\icx-clang-cl.16976.read.1.tlog
d:\opennn\opennn\x64\release\opennn.tlog\icx-clang-cl.16976.write.1.tlog
d:\opennn\opennn\x64\release\opennn.tlog\icx-clang-cl.2296.delete.1.tlog
d:\opennn\opennn\x64\release\opennn.tlog\icx-clang-cl.2296.read.1.tlog
d:\opennn\opennn\x64\release\opennn.tlog\icx-clang-cl.2296.write.1.tlog
d:\opennn\opennn\x64\release\opennn.tlog\icx-clang-cl.6088.read.1.tlog
d:\opennn\opennn\x64\release\opennn.tlog\icx-clang-cl.6088.write.1.tlog
d:\opennn\opennn\x64\release\opennn.tlog\icx-clang-cl.9316.delete.1.tlog
d:\opennn\opennn\x64\release\opennn.tlog\icx-clang-cl.9316.read.1.tlog
d:\opennn\opennn\x64\release\opennn.tlog\icx-clang-cl.9316.write.1.tlog
d:\opennn\opennn\x64\release\opennn.tlog\icx-clang-cl.read.1.tlog
d:\opennn\opennn\x64\release\opennn.tlog\icx.command.1.tlog
d:\opennn\opennn\x64\release\opennn.tlog\icx.read.1.tlog
d:\opennn\opennn\x64\release\opennn.tlog\icx.write.1.tlog
d:\opennn\opennn\x64\release\opennn.tlog\lib-link-cvtres.read.1.tlog
d:\opennn\opennn\x64\release\opennn.tlog\lib-link-cvtres.write.1.tlog
d:\opennn\opennn\x64\release\opennn.tlog\lib.command.1.tlog
d:\opennn\opennn\x64\release\opennn.tlog\rc.command.1.tlog
d:\opennn\opennn\x64\release\opennn.tlog\rc.read.1.tlog
d:\opennn\opennn\x64\release\opennn.tlog\rc.write.1.tlog
