65 [21752] INFO perfrun.launcher <> - Launcher main begin
70 [21752] INFO perfrun.launcher <> - MessageCatalogInit finished
70 [21752] INFO perfrun.launcher <> - Launcher instance created
70 [21752] INFO perfrun.launcher <> - argc = 7; cmdline = C:\Program Files (x86)\Intel\oneAPI\advisor\2021.3.0\bin64\advixe-runss.exe --ui-output-format xml --ui-output-fd 3996 --option-file D:\opennn\examples\pima_indians_diabetes\My Advisor Results - pima_indians_diabetes\e000\hs000\config\runss.options 
81 [21752] INFO perfrun.launcher <> - New signal handler callback was added
136 [21752] INFO perfrun.launcher <> - create msngr2::ICliToolContext
137 [21752] INFO perfrun.launcher <> - create file finder object
137 [21752] INFO perfrun.launcher <> - create a result directory: pattern = D:\opennn\examples\pima_indians_diabetes\My Advisor Results - pima_indians_diabetes\e000\hs000 pid = 4294967295
140 [21752] INFO perfrun.launcher <> - create data directory = D:\opennn\examples\pima_indians_diabetes\My Advisor Results - pima_indians_diabetes\e000\hs000\data.0
141 [21752] INFO perfrun.launcher <> - Creating the master collection flag
147 [21752] INFO perfrun.launcher <> - Done creating the master collection flag
147 [22360] INFO perfrun.launcher <> - plugin [remoteplug] was disabled because it doesn't support the given collection type.
148 [22360] INFO perfrun.sdk <> - Allocating TMU :D:\opennn\examples\pima_indians_diabetes\My Advisor Results - pima_indians_diabetes\e000\hs000\data.0\systemcollector-14696-DESKTOP-5PN25MA.sc
148 [22360] INFO perfrun.launcher <> - plugin [] was disabled because it doesn't support the given collection type.
151 [22360] INFO perfrun.launcher <> - plugin [] was disabled because it doesn't support the given collection type.
151 [22360] INFO perfrun.launcher <> - plugin [gpu] was disabled because it doesn't support the given collection type.
151 [22360] INFO perfrun.launcher <> - plugin [] was disabled because it doesn't support the given collection type.
151 [22360] INFO perfrun.launcher <> - plugin [] was disabled because it doesn't support the given collection type.
151 [22360] INFO perfrun.launcher <> - plugin [] was disabled because it doesn't support the given collection type.
151 [22360] INFO perfrun.mrte <> - system-wide mode is 0
151 [22360] INFO perfrun.mrte <> - Getting  mrte profiling environment ...
227 [22360] INFO perfrun.mrte <> - INTEL_MRTE_DATA_DIR=D:\opennn\examples\pima_indians_diabetes\My Advisor Results - pima_indians_diabetes\e000\hs000\data.0
227 [22360] INFO perfrun.mrte <> - INTEL_MRTE_HOST_NAME=DESKTOP-5PN25MA
227 [22360] INFO perfrun.mrte <> - JAVA_TOOL_OPTIONS=-agentlib:advixe_tpssmrte_javaprof_1.0
227 [22360] INFO perfrun.mrte <> - COR_ENABLE_PROFILING=1
227 [22360] INFO perfrun.mrte <> - COR_PROFILER={10337B79-F6CD-4df9-8D18-26A67272096B}
227 [22360] INFO perfrun.mrte <> - COMPLUS_ProfAPI_ProfilerCompatibilitySetting=EnableV2Profiler
227 [22360] INFO perfrun.mrte <> - CORECLR_ENABLE_PROFILING=1
227 [22360] INFO perfrun.mrte <> - CORECLR_PROFILER={10337B79-F6CD-4df9-8D18-26A67272096B}
227 [22360] INFO perfrun.mrte <> - CORECLR_PROFILER_PATH=C:\Program Files (x86)\Intel\oneAPI\advisor\2021.3.0\bin64/advixe_tpssmrte_clrprof_1.0.dll
227 [22360] INFO perfrun.mrte <> - INTEL_MRTE_PROFILER_MODE=mixed
227 [22360] INFO perfrun.mrte <> - Data directory: D:\opennn\examples\pima_indians_diabetes\My Advisor Results - pima_indians_diabetes\e000\hs000\data.0
227 [22360] INFO perfrun.mrte <> - Mrte plugin is initialized
227 [22360] INFO perfrun.launcher <> - plugin [] was disabled because it doesn't support the given collection type.
227 [22360] INFO perfrun.launcher <> - plugin [] was disabled because it doesn't support the given collection type.
227 [22360] INFO perfrun.launcher <> - plugin [] was disabled because it doesn't support the given collection type.
227 [22360] INFO perfrun.launcher <> - plugin [] was disabled because it doesn't support the given collection type.
227 [22360] INFO perfrun.launcher <> - plugin [] was disabled because it doesn't support the given collection type.
227 [22360] INFO perfrun.launcher <> - plugin [] was disabled because it doesn't support the given collection type.
227 [22360] INFO perfrun.launcher <> - plugin [] was disabled because it doesn't support the given collection type.
227 [22360] INFO perfrun.tpss <> - initialize tpss controller
227 [22360] INFO perfrun.tpss <> - configure collection mode: value = cpu:stack
227 [22360] INFO perfrun.tpss <> - default obj-size-min=1024
227 [22360] INFO perfrun.tpss <> - default hash-table-size=0
227 [22360] INFO perfrun.launcher <> - plugin [] was disabled because it doesn't support the given collection type.
227 [22360] INFO perfrun.launcher <> - plugin [] was disabled because it doesn't support the given collection type.
227 [22360] INFO perfrun.launcher <> - plugin [] was disabled because it doesn't support the given collection type.
227 [22360] INFO perfrun.launcher <> - plugin [] was disabled because it doesn't support the given collection type.
227 [22360] INFO perfrun.launcher <> - plugin [] was disabled because it doesn't support the given collection type.
227 [22360] INFO perfrun.launcher <> - plugin [] was disabled because it doesn't support the given collection type.
227 [22360] INFO perfrun.launcher <> - plugin [] was disabled because it doesn't support the given collection type.
227 [22360] INFO perfrun.launcher <> - plugin [] was disabled because it doesn't support the given collection type.
227 [22360] INFO perfrun.launcher <> - plugin [] was disabled because it doesn't support the given collection type.
228 [21752] INFO perfrun.launcher <> - set environment variable: PATH = C:\Program Files (x86)\Intel\oneAPI\advisor\2021.3.0\bin32\runtime;C:\Program Files (x86)\Intel\oneAPI\advisor\2021.3.0\bin64\runtime;C:\Program Files\NVIDIA GPU Computing Toolkit\CUDA\v11.2\bin;C:\Program Files\NVIDIA GPU Computing Toolkit\CUDA\v11.2\libnvvp;C:\Program Files (x86)\Intel\Intel(R) Management Engine Components\iCLS\;C:\Program Files\Intel\Intel(R) Management Engine Components\iCLS\;C:\Windows\system32;C:\Windows;C:\Windows\System32\Wbem;C:\Windows\System32\WindowsPowerShell\v1.0\;C:\Windows\System32\OpenSSH\;C:\Program Files (x86)\NVIDIA Corporation\PhysX\Common;C:\Program Files (x86)\Intel\Intel(R) Management Engine Components\DAL;C:\Program Files\Intel\Intel(R) Management Engine Components\DAL;C:\Program Files (x86)\Intel\Intel(R) Management Engine Components\IPT;C:\Program Files\Intel\Intel(R) Management Engine Components\IPT;C:\Program Files\Intel\WiFi\bin\;C:\Program Files\Common Files\Intel\WirelessCommon\;C:\WINDOWS\system32;C:\WINDOWS;C:\WINDOWS\System32\Wbem;C:\WINDOWS\System32\WindowsPowerShell\v1.0\;C:\WINDOWS\System32\OpenSSH\;C:\Program Files\TortoiseSVN\bin;C:\Program Files\Git\cmd;C:\Program Files\NVIDIA Corporation\Nsight Compute 2020.3.1\;C:\Program Files\NVIDIA Corporation\NVIDIA NvDLISR;C:\Program Files\MATLAB\R2021a\bin;C;C:\Users\Artelnics\AppData\Local\Microsoft\WindowsApps;C:\Users\Artelnics\AppData\Local\Programs\Microsoft VS Code\bin;C:\Users\Artelnics\AppData\Local\GitHubDesktop\bin;C:\Users\Artelnics\AppData\Local\Programs\MiKTeX\miktex\bin\x64\
228 [21752] INFO perfrun.launcher <> - set environment variable: INTEL_LIBITTNOTIFY32 = C:\Program Files (x86)\Intel\oneAPI\advisor\2021.3.0\bin32\runtime\ittnotify_collector.dll
228 [21752] INFO perfrun.launcher <> - set environment variable: INTEL_LIBITTNOTIFY64 = C:\Program Files (x86)\Intel\oneAPI\advisor\2021.3.0\bin64\runtime\ittnotify_collector.dll
228 [21752] INFO perfrun.launcher <> - set environment variable: INTEL_ITTNOTIFY_GROUPS = 
229 [21752] INFO perfrun.launcher <> - set environment variable: INTEL_JIT_PROFILER32 = C:\Program Files (x86)\Intel\oneAPI\advisor\2021.3.0\bin32\runtime\ittnotify_collector.dll
229 [21752] INFO perfrun.launcher <> - set environment variable: INTEL_JIT_PROFILER64 = C:\Program Files (x86)\Intel\oneAPI\advisor\2021.3.0\bin64\runtime\ittnotify_collector.dll
229 [21752] INFO perfrun.launcher <> - set environment variable: VS_PROFILER = ittnotify_collector.dll
229 [21752] INFO perfrun.launcher <> - set environment variable: OMP_TOOL_LIBRARIES = C:\Program Files (x86)\Intel\oneAPI\advisor\2021.3.0\bin32\runtime\ittnotify_collector.dll;C:\Program Files (x86)\Intel\oneAPI\advisor\2021.3.0\bin64\runtime\ittnotify_collector.dll
229 [21752] INFO perfrun.launcher <> - set environment variable: ENABLE_JITPROFILING = 1
229 [21752] INFO perfrun.launcher <> - set environment variable: CL_CONFIG_USE_VTUNE = True
229 [21752] INFO perfrun.launcher <> - set environment variable: KMP_FORKJOIN_FRAMES = 0
229 [21752] INFO perfrun.launcher <> - set environment variable: KMP_FORKJOIN_FRAMES_MODE = 0
229 [21752] INFO perfrun.launcher <> - set environment variable: OMP_TOOL = disabled
229 [21752] INFO perfrun.launcher <> - set environment variable: INTEL_MRTE_DATA_DIR = D:\opennn\examples\pima_indians_diabetes\My Advisor Results - pima_indians_diabetes\e000\hs000\data.0
229 [21752] INFO perfrun.launcher <> - set environment variable: INTEL_MRTE_HOST_NAME = DESKTOP-5PN25MA
230 [21752] INFO perfrun.launcher <> - set environment variable: JAVA_TOOL_OPTIONS = -agentlib:advixe_tpssmrte_javaprof_1.0
230 [21752] INFO perfrun.launcher <> - set environment variable: COR_ENABLE_PROFILING = 1
230 [21752] INFO perfrun.launcher <> - set environment variable: COR_PROFILER = {10337B79-F6CD-4df9-8D18-26A67272096B}
230 [21752] INFO perfrun.launcher <> - set environment variable: COMPLUS_ProfAPI_ProfilerCompatibilitySetting = EnableV2Profiler
230 [21752] INFO perfrun.launcher <> - set environment variable: CORECLR_ENABLE_PROFILING = 1
230 [21752] INFO perfrun.launcher <> - set environment variable: CORECLR_PROFILER = {10337B79-F6CD-4df9-8D18-26A67272096B}
230 [21752] INFO perfrun.launcher <> - set environment variable: CORECLR_PROFILER_PATH = C:\Program Files (x86)\Intel\oneAPI\advisor\2021.3.0\bin64/advixe_tpssmrte_clrprof_1.0.dll
230 [21752] INFO perfrun.launcher <> - set environment variable: INTEL_MRTE_PROFILER_MODE = mixed
230 [21752] INFO perfrun.launcher <> - RpcServer: run RPC server to handle requests
233 [21752] INFO perfrun.sdk <> - IProcessUtil: the given executable 'D:\opennn-build\x64\Release\pima_indians_diabetes.exe' is valid.
233 [21752] INFO perfrun.launcher <> - Launcher: command line to start before modification = D:\opennn-build\x64\Release\pima_indians_diabetes.exe
236 [21752] INFO perfrun.launcher <> - Launcher: command line to start after modification = C:\Program Files (x86)\Intel\oneAPI\advisor\2021.3.0\bin64\pin.exe -error_file D:\opennn\examples\pima_indians_diabetes\My Advisor Results - pima_indians_diabetes\e000\hs000\data.0\pinerr.tpsslog -detach_reattach -probe -follow_execv -p32 C:\Program Files (x86)\Intel\oneAPI\advisor\2021.3.0\bin32\pin.exe -p64 C:\Program Files (x86)\Intel\oneAPI\advisor\2021.3.0\bin64\pin.exe -t64 C:\Program Files (x86)\Intel\oneAPI\advisor\2021.3.0\bin64\tpsstool.dll -t C:\Program Files (x86)\Intel\oneAPI\advisor\2021.3.0\bin32\tpsstool.dll -server_name tpss_ipc.14696 -prd_dir C:\Program Files (x86)\Intel\oneAPI\advisor\2021.3.0 -- D:\opennn-build\x64\Release\pima_indians_diabetes.exe
236 [21752] INFO perfrun.launcher <> - ProcessCreator object was created
256 [21752] INFO perfrun.launcher <> - Launcher: the process was started in suspend mode
257 [22360] INFO perfrun.itt <> - start itt controller for pid #22096
257 [22360] INFO perfrun.tpss <> - start tpss controller for pid #22096
318 [21752] INFO perfrun.launcher <> - Launcher: all plugins were started
318 [21752] INFO perfrun.launcher <> - DirectoryMonitor object was created
318 [21752] INFO perfrun.launcher <> - DirectoryMonitor: a callback was added
318 [21752] INFO perfrun.launcher <> - DirectoryMonitor was started with pingTime = 1000
318 [21752] INFO perfrun.launcher <> - DeadlineTimer is going to be constructed
319 [21752] INFO perfrun.launcher <> - DeadlineTimer: a callback was added
324 [21752] INFO perfrun.launcher <> - Launcher: resume the profiled application and  wait its termination or stop command
760 [21752] WARN perfrun.sdk <> - Unexpected exit status - 1, at file: vcs\perfrun1\sdk\src\utils_win.cpp:559
760 [21752] INFO perfrun.launcher <> - Launcher: the profiled application was terminated  with exit code = 1
766 [22360] INFO perfrun.itt <> - stop itt controller
766 [22360] INFO perfrun.itt <> - detach itt controller
766 [22360] INFO perfrun.tpss <> - stop tpss controller
766 [22360] INFO perfrun.sdk <> - De-allocating TMU: D:\opennn\examples\pima_indians_diabetes\My Advisor Results - pima_indians_diabetes\e000\hs000\data.0\systemcollector-14696-DESKTOP-5PN25MA.sc
788 [22360] INFO perfrun.system <> - closed the system trace file: D:\opennn\examples\pima_indians_diabetes\My Advisor Results - pima_indians_diabetes\e000\hs000\data.0\systemcollector-14696-DESKTOP-5PN25MA.sc
789 [21752] INFO perfrun.launcher <> - Launcher: all plugins were stopped.
789 [21752] INFO perfrun.launcher <> - DeadlineTimer is going to be destroyed
789 [21752] INFO perfrun.launcher <> - DeadlineTimer was destroyed
789 [21752] INFO perfrun.launcher <> - DirectoryMonitor object was destroyed
789 [21752] WARN perfrun.launcher <> - Stop command is ignored because it is received when collection is already stopped, at file: vcs\perfrun1\launcher\src\command_handler.cpp:212
790 [21752] INFO perfrun.launcher <> - Application exit code: 1
790 [21752] INFO perfrun.launcher <> - Exit code: 1
