67 [10696] INFO perfrun.launcher <> - Launcher main begin
71 [10696] INFO perfrun.launcher <> - MessageCatalogInit finished
71 [10696] INFO perfrun.launcher <> - Launcher instance created
71 [10696] INFO perfrun.launcher <> - argc = 7; cmdline = C:\Program Files (x86)\Intel\oneAPI\advisor\2021.3.0\bin64\advixe-runss.exe --ui-output-format xml --ui-output-fd 3456 --option-file D:\opennn\examples\rosenbrock\My Advisor Results - rosenbrock\e000\hs000\config\runss.options 
81 [10696] INFO perfrun.launcher <> - New signal handler callback was added
137 [10696] INFO perfrun.launcher <> - create msngr2::ICliToolContext
137 [10696] INFO perfrun.launcher <> - create file finder object
138 [10696] INFO perfrun.launcher <> - create a result directory: pattern = D:\opennn\examples\rosenbrock\My Advisor Results - rosenbrock\e000\hs000 pid = 4294967295
140 [10696] INFO perfrun.launcher <> - create data directory = D:\opennn\examples\rosenbrock\My Advisor Results - rosenbrock\e000\hs000\data.0
141 [10696] INFO perfrun.launcher <> - Creating the master collection flag
146 [10696] INFO perfrun.launcher <> - Done creating the master collection flag
147 [8644] INFO perfrun.launcher <> - plugin [remoteplug] was disabled because it doesn't support the given collection type.
148 [8644] INFO perfrun.sdk <> - Allocating TMU :D:\opennn\examples\rosenbrock\My Advisor Results - rosenbrock\e000\hs000\data.0\systemcollector-16316-DESKTOP-5PN25MA.sc
148 [8644] INFO perfrun.launcher <> - plugin [] was disabled because it doesn't support the given collection type.
151 [8644] INFO perfrun.launcher <> - plugin [] was disabled because it doesn't support the given collection type.
151 [8644] INFO perfrun.launcher <> - plugin [gpu] was disabled because it doesn't support the given collection type.
151 [8644] INFO perfrun.launcher <> - plugin [] was disabled because it doesn't support the given collection type.
151 [8644] INFO perfrun.launcher <> - plugin [] was disabled because it doesn't support the given collection type.
151 [8644] INFO perfrun.launcher <> - plugin [] was disabled because it doesn't support the given collection type.
151 [8644] INFO perfrun.mrte <> - system-wide mode is 0
151 [8644] INFO perfrun.mrte <> - Getting  mrte profiling environment ...
191 [8644] INFO perfrun.mrte <> - INTEL_MRTE_DATA_DIR=D:\opennn\examples\rosenbrock\My Advisor Results - rosenbrock\e000\hs000\data.0
191 [8644] INFO perfrun.mrte <> - INTEL_MRTE_HOST_NAME=DESKTOP-5PN25MA
191 [8644] INFO perfrun.mrte <> - JAVA_TOOL_OPTIONS=-agentlib:advixe_tpssmrte_javaprof_1.0
191 [8644] INFO perfrun.mrte <> - COR_ENABLE_PROFILING=1
191 [8644] INFO perfrun.mrte <> - COR_PROFILER={10337B79-F6CD-4df9-8D18-26A67272096B}
191 [8644] INFO perfrun.mrte <> - COMPLUS_ProfAPI_ProfilerCompatibilitySetting=EnableV2Profiler
191 [8644] INFO perfrun.mrte <> - CORECLR_ENABLE_PROFILING=1
191 [8644] INFO perfrun.mrte <> - CORECLR_PROFILER={10337B79-F6CD-4df9-8D18-26A67272096B}
191 [8644] INFO perfrun.mrte <> - CORECLR_PROFILER_PATH=C:\Program Files (x86)\Intel\oneAPI\advisor\2021.3.0\bin64/advixe_tpssmrte_clrprof_1.0.dll
191 [8644] INFO perfrun.mrte <> - INTEL_MRTE_PROFILER_MODE=mixed
191 [8644] INFO perfrun.mrte <> - Data directory: D:\opennn\examples\rosenbrock\My Advisor Results - rosenbrock\e000\hs000\data.0
191 [8644] INFO perfrun.mrte <> - Mrte plugin is initialized
191 [8644] INFO perfrun.launcher <> - plugin [] was disabled because it doesn't support the given collection type.
191 [8644] INFO perfrun.launcher <> - plugin [] was disabled because it doesn't support the given collection type.
191 [8644] INFO perfrun.launcher <> - plugin [] was disabled because it doesn't support the given collection type.
191 [8644] INFO perfrun.launcher <> - plugin [] was disabled because it doesn't support the given collection type.
191 [8644] INFO perfrun.launcher <> - plugin [] was disabled because it doesn't support the given collection type.
191 [8644] INFO perfrun.launcher <> - plugin [] was disabled because it doesn't support the given collection type.
191 [8644] INFO perfrun.launcher <> - plugin [] was disabled because it doesn't support the given collection type.
192 [8644] INFO perfrun.tpss <> - initialize tpss controller
192 [8644] INFO perfrun.tpss <> - configure collection mode: value = cpu:stack
192 [8644] INFO perfrun.tpss <> - default obj-size-min=1024
192 [8644] INFO perfrun.tpss <> - default hash-table-size=0
192 [8644] INFO perfrun.launcher <> - plugin [] was disabled because it doesn't support the given collection type.
192 [8644] INFO perfrun.launcher <> - plugin [] was disabled because it doesn't support the given collection type.
192 [8644] INFO perfrun.launcher <> - plugin [] was disabled because it doesn't support the given collection type.
192 [8644] INFO perfrun.launcher <> - plugin [] was disabled because it doesn't support the given collection type.
192 [8644] INFO perfrun.launcher <> - plugin [] was disabled because it doesn't support the given collection type.
192 [8644] INFO perfrun.launcher <> - plugin [] was disabled because it doesn't support the given collection type.
192 [8644] INFO perfrun.launcher <> - plugin [] was disabled because it doesn't support the given collection type.
192 [8644] INFO perfrun.launcher <> - plugin [] was disabled because it doesn't support the given collection type.
192 [8644] INFO perfrun.launcher <> - plugin [] was disabled because it doesn't support the given collection type.
193 [10696] INFO perfrun.launcher <> - set environment variable: PATH = C:\Program Files (x86)\Intel\oneAPI\advisor\2021.3.0\bin32\runtime;C:\Program Files (x86)\Intel\oneAPI\advisor\2021.3.0\bin64\runtime;C:\Program Files\NVIDIA GPU Computing Toolkit\CUDA\v11.2\bin;C:\Program Files\NVIDIA GPU Computing Toolkit\CUDA\v11.2\libnvvp;C:\Program Files (x86)\Intel\Intel(R) Management Engine Components\iCLS\;C:\Program Files\Intel\Intel(R) Management Engine Components\iCLS\;C:\Windows\system32;C:\Windows;C:\Windows\System32\Wbem;C:\Windows\System32\WindowsPowerShell\v1.0\;C:\Windows\System32\OpenSSH\;C:\Program Files (x86)\NVIDIA Corporation\PhysX\Common;C:\Program Files (x86)\Intel\Intel(R) Management Engine Components\DAL;C:\Program Files\Intel\Intel(R) Management Engine Components\DAL;C:\Program Files (x86)\Intel\Intel(R) Management Engine Components\IPT;C:\Program Files\Intel\Intel(R) Management Engine Components\IPT;C:\Program Files\Intel\WiFi\bin\;C:\Program Files\Common Files\Intel\WirelessCommon\;C:\WINDOWS\system32;C:\WINDOWS;C:\WINDOWS\System32\Wbem;C:\WINDOWS\System32\WindowsPowerShell\v1.0\;C:\WINDOWS\System32\OpenSSH\;C:\Program Files\TortoiseSVN\bin;C:\Program Files\Git\cmd;C:\Program Files\NVIDIA Corporation\Nsight Compute 2020.3.1\;C:\Program Files\NVIDIA Corporation\NVIDIA NvDLISR;C:\Program Files\MATLAB\R2021a\bin;C;C:\Users\Artelnics\AppData\Local\Microsoft\WindowsApps;C:\Users\Artelnics\AppData\Local\Programs\Microsoft VS Code\bin;C:\Users\Artelnics\AppData\Local\GitHubDesktop\bin;C:\Users\Artelnics\AppData\Local\Programs\MiKTeX\miktex\bin\x64\
193 [10696] INFO perfrun.launcher <> - set environment variable: INTEL_LIBITTNOTIFY32 = C:\Program Files (x86)\Intel\oneAPI\advisor\2021.3.0\bin32\runtime\ittnotify_collector.dll
193 [10696] INFO perfrun.launcher <> - set environment variable: INTEL_LIBITTNOTIFY64 = C:\Program Files (x86)\Intel\oneAPI\advisor\2021.3.0\bin64\runtime\ittnotify_collector.dll
193 [10696] INFO perfrun.launcher <> - set environment variable: INTEL_ITTNOTIFY_GROUPS = 
193 [10696] INFO perfrun.launcher <> - set environment variable: INTEL_JIT_PROFILER32 = C:\Program Files (x86)\Intel\oneAPI\advisor\2021.3.0\bin32\runtime\ittnotify_collector.dll
193 [10696] INFO perfrun.launcher <> - set environment variable: INTEL_JIT_PROFILER64 = C:\Program Files (x86)\Intel\oneAPI\advisor\2021.3.0\bin64\runtime\ittnotify_collector.dll
193 [10696] INFO perfrun.launcher <> - set environment variable: VS_PROFILER = ittnotify_collector.dll
193 [10696] INFO perfrun.launcher <> - set environment variable: OMP_TOOL_LIBRARIES = C:\Program Files (x86)\Intel\oneAPI\advisor\2021.3.0\bin32\runtime\ittnotify_collector.dll;C:\Program Files (x86)\Intel\oneAPI\advisor\2021.3.0\bin64\runtime\ittnotify_collector.dll
193 [10696] INFO perfrun.launcher <> - set environment variable: ENABLE_JITPROFILING = 1
193 [10696] INFO perfrun.launcher <> - set environment variable: CL_CONFIG_USE_VTUNE = True
194 [10696] INFO perfrun.launcher <> - set environment variable: KMP_FORKJOIN_FRAMES = 0
194 [10696] INFO perfrun.launcher <> - set environment variable: KMP_FORKJOIN_FRAMES_MODE = 0
194 [10696] INFO perfrun.launcher <> - set environment variable: OMP_TOOL = disabled
194 [10696] INFO perfrun.launcher <> - set environment variable: INTEL_MRTE_DATA_DIR = D:\opennn\examples\rosenbrock\My Advisor Results - rosenbrock\e000\hs000\data.0
194 [10696] INFO perfrun.launcher <> - set environment variable: INTEL_MRTE_HOST_NAME = DESKTOP-5PN25MA
194 [10696] INFO perfrun.launcher <> - set environment variable: JAVA_TOOL_OPTIONS = -agentlib:advixe_tpssmrte_javaprof_1.0
194 [10696] INFO perfrun.launcher <> - set environment variable: COR_ENABLE_PROFILING = 1
194 [10696] INFO perfrun.launcher <> - set environment variable: COR_PROFILER = {10337B79-F6CD-4df9-8D18-26A67272096B}
194 [10696] INFO perfrun.launcher <> - set environment variable: COMPLUS_ProfAPI_ProfilerCompatibilitySetting = EnableV2Profiler
194 [10696] INFO perfrun.launcher <> - set environment variable: CORECLR_ENABLE_PROFILING = 1
194 [10696] INFO perfrun.launcher <> - set environment variable: CORECLR_PROFILER = {10337B79-F6CD-4df9-8D18-26A67272096B}
194 [10696] INFO perfrun.launcher <> - set environment variable: CORECLR_PROFILER_PATH = C:\Program Files (x86)\Intel\oneAPI\advisor\2021.3.0\bin64/advixe_tpssmrte_clrprof_1.0.dll
194 [10696] INFO perfrun.launcher <> - set environment variable: INTEL_MRTE_PROFILER_MODE = mixed
195 [10696] INFO perfrun.launcher <> - RpcServer: run RPC server to handle requests
198 [10696] INFO perfrun.sdk <> - IProcessUtil: the given executable 'D:\opennn-build\x64\Release\rosenbrock.exe' is valid.
198 [10696] INFO perfrun.launcher <> - Launcher: command line to start before modification = D:\opennn-build\x64\Release\rosenbrock.exe
201 [10696] INFO perfrun.launcher <> - Launcher: command line to start after modification = C:\Program Files (x86)\Intel\oneAPI\advisor\2021.3.0\bin64\pin.exe -error_file D:\opennn\examples\rosenbrock\My Advisor Results - rosenbrock\e000\hs000\data.0\pinerr.tpsslog -detach_reattach -probe -follow_execv -p32 C:\Program Files (x86)\Intel\oneAPI\advisor\2021.3.0\bin32\pin.exe -p64 C:\Program Files (x86)\Intel\oneAPI\advisor\2021.3.0\bin64\pin.exe -t64 C:\Program Files (x86)\Intel\oneAPI\advisor\2021.3.0\bin64\tpsstool.dll -t C:\Program Files (x86)\Intel\oneAPI\advisor\2021.3.0\bin32\tpsstool.dll -server_name tpss_ipc.16316 -prd_dir C:\Program Files (x86)\Intel\oneAPI\advisor\2021.3.0 -- D:\opennn-build\x64\Release\rosenbrock.exe
201 [10696] INFO perfrun.launcher <> - ProcessCreator object was created
202 [10696] INFO perfrun.launcher <> - Launcher: the process was started in suspend mode
204 [8644] INFO perfrun.itt <> - start itt controller for pid #15500
204 [8644] INFO perfrun.tpss <> - start tpss controller for pid #15500
270 [10696] INFO perfrun.launcher <> - Launcher: all plugins were started
270 [10696] INFO perfrun.launcher <> - DirectoryMonitor object was created
270 [10696] INFO perfrun.launcher <> - DirectoryMonitor: a callback was added
270 [10696] INFO perfrun.launcher <> - DirectoryMonitor was started with pingTime = 1000
270 [10696] INFO perfrun.launcher <> - DeadlineTimer is going to be constructed
271 [10696] INFO perfrun.launcher <> - DeadlineTimer: a callback was added
279 [10696] INFO perfrun.launcher <> - Launcher: resume the profiled application and  wait its termination or stop command
121188 [10696] INFO perfrun.launcher <> - Launcher: the profiled application was terminated  with exit code = 0
121260 [8644] INFO perfrun.itt <> - stop itt controller
121260 [8644] INFO perfrun.itt <> - detach itt controller
121260 [8644] INFO perfrun.tpss <> - stop tpss controller
121264 [8644] INFO perfrun.sdk <> - De-allocating TMU: D:\opennn\examples\rosenbrock\My Advisor Results - rosenbrock\e000\hs000\data.0\systemcollector-16316-DESKTOP-5PN25MA.sc
121289 [8644] INFO perfrun.system <> - closed the system trace file: D:\opennn\examples\rosenbrock\My Advisor Results - rosenbrock\e000\hs000\data.0\systemcollector-16316-DESKTOP-5PN25MA.sc
121289 [10696] INFO perfrun.launcher <> - Launcher: all plugins were stopped.
121290 [10696] INFO perfrun.launcher <> - DeadlineTimer is going to be destroyed
121290 [10696] INFO perfrun.launcher <> - DeadlineTimer was destroyed
121290 [10696] INFO perfrun.launcher <> - DirectoryMonitor object was destroyed
121290 [10696] WARN perfrun.launcher <> - Stop command is ignored because it is received when collection is already stopped, at file: vcs\perfrun1\launcher\src\command_handler.cpp:212
121296 [10696] INFO perfrun.launcher <> - Application exit code: 0
121296 [10696] INFO perfrun.launcher <> - Exit code: 0
