66 [1440] INFO perfrun.launcher <> - Launcher main begin
70 [1440] INFO perfrun.launcher <> - MessageCatalogInit finished
70 [1440] INFO perfrun.launcher <> - Launcher instance created
70 [1440] INFO perfrun.launcher <> - argc = 7; cmdline = C:\Program Files (x86)\Intel\oneAPI\advisor\2021.3.0\bin64\advixe-runss.exe --ui-output-format xml --ui-output-fd 3408 --option-file D:\opennn\examples\rosenbrock\My Advisor Results - rosenbrock\e000\hs000\config\runss.options 
81 [1440] INFO perfrun.launcher <> - New signal handler callback was added
130 [1440] INFO perfrun.launcher <> - create msngr2::ICliToolContext
130 [1440] INFO perfrun.launcher <> - create file finder object
131 [1440] INFO perfrun.launcher <> - create a result directory: pattern = D:\opennn\examples\rosenbrock\My Advisor Results - rosenbrock\e000\hs000 pid = 4294967295
133 [1440] INFO perfrun.launcher <> - create data directory = D:\opennn\examples\rosenbrock\My Advisor Results - rosenbrock\e000\hs000\data.0
133 [1440] INFO perfrun.launcher <> - Creating the master collection flag
138 [1440] INFO perfrun.launcher <> - Done creating the master collection flag
138 [8780] INFO perfrun.launcher <> - plugin [remoteplug] was disabled because it doesn't support the given collection type.
139 [8780] INFO perfrun.sdk <> - Allocating TMU :D:\opennn\examples\rosenbrock\My Advisor Results - rosenbrock\e000\hs000\data.0\systemcollector-19300-DESKTOP-5PN25MA.sc
139 [8780] INFO perfrun.launcher <> - plugin [] was disabled because it doesn't support the given collection type.
143 [8780] INFO perfrun.launcher <> - plugin [] was disabled because it doesn't support the given collection type.
143 [8780] INFO perfrun.launcher <> - plugin [gpu] was disabled because it doesn't support the given collection type.
143 [8780] INFO perfrun.launcher <> - plugin [] was disabled because it doesn't support the given collection type.
143 [8780] INFO perfrun.launcher <> - plugin [] was disabled because it doesn't support the given collection type.
143 [8780] INFO perfrun.launcher <> - plugin [] was disabled because it doesn't support the given collection type.
143 [8780] INFO perfrun.mrte <> - system-wide mode is 0
144 [8780] INFO perfrun.mrte <> - Getting  mrte profiling environment ...
189 [8780] INFO perfrun.mrte <> - INTEL_MRTE_DATA_DIR=D:\opennn\examples\rosenbrock\My Advisor Results - rosenbrock\e000\hs000\data.0
189 [8780] INFO perfrun.mrte <> - INTEL_MRTE_HOST_NAME=DESKTOP-5PN25MA
189 [8780] INFO perfrun.mrte <> - JAVA_TOOL_OPTIONS=-agentlib:advixe_tpssmrte_javaprof_1.0
189 [8780] INFO perfrun.mrte <> - COR_ENABLE_PROFILING=1
189 [8780] INFO perfrun.mrte <> - COR_PROFILER={10337B79-F6CD-4df9-8D18-26A67272096B}
189 [8780] INFO perfrun.mrte <> - COMPLUS_ProfAPI_ProfilerCompatibilitySetting=EnableV2Profiler
189 [8780] INFO perfrun.mrte <> - CORECLR_ENABLE_PROFILING=1
189 [8780] INFO perfrun.mrte <> - CORECLR_PROFILER={10337B79-F6CD-4df9-8D18-26A67272096B}
189 [8780] INFO perfrun.mrte <> - CORECLR_PROFILER_PATH=C:\Program Files (x86)\Intel\oneAPI\advisor\2021.3.0\bin64/advixe_tpssmrte_clrprof_1.0.dll
189 [8780] INFO perfrun.mrte <> - INTEL_MRTE_PROFILER_MODE=mixed
189 [8780] INFO perfrun.mrte <> - Data directory: D:\opennn\examples\rosenbrock\My Advisor Results - rosenbrock\e000\hs000\data.0
189 [8780] INFO perfrun.mrte <> - Mrte plugin is initialized
189 [8780] INFO perfrun.launcher <> - plugin [] was disabled because it doesn't support the given collection type.
189 [8780] INFO perfrun.launcher <> - plugin [] was disabled because it doesn't support the given collection type.
189 [8780] INFO perfrun.launcher <> - plugin [] was disabled because it doesn't support the given collection type.
189 [8780] INFO perfrun.launcher <> - plugin [] was disabled because it doesn't support the given collection type.
189 [8780] INFO perfrun.launcher <> - plugin [] was disabled because it doesn't support the given collection type.
189 [8780] INFO perfrun.launcher <> - plugin [] was disabled because it doesn't support the given collection type.
189 [8780] INFO perfrun.launcher <> - plugin [] was disabled because it doesn't support the given collection type.
189 [8780] INFO perfrun.tpss <> - initialize tpss controller
189 [8780] INFO perfrun.tpss <> - configure collection mode: value = cpu:stack
189 [8780] INFO perfrun.tpss <> - default obj-size-min=1024
189 [8780] INFO perfrun.tpss <> - default hash-table-size=0
190 [8780] INFO perfrun.launcher <> - plugin [] was disabled because it doesn't support the given collection type.
190 [8780] INFO perfrun.launcher <> - plugin [] was disabled because it doesn't support the given collection type.
190 [8780] INFO perfrun.launcher <> - plugin [] was disabled because it doesn't support the given collection type.
190 [8780] INFO perfrun.launcher <> - plugin [] was disabled because it doesn't support the given collection type.
190 [8780] INFO perfrun.launcher <> - plugin [] was disabled because it doesn't support the given collection type.
190 [8780] INFO perfrun.launcher <> - plugin [] was disabled because it doesn't support the given collection type.
190 [8780] INFO perfrun.launcher <> - plugin [] was disabled because it doesn't support the given collection type.
190 [8780] INFO perfrun.launcher <> - plugin [] was disabled because it doesn't support the given collection type.
190 [8780] INFO perfrun.launcher <> - plugin [] was disabled because it doesn't support the given collection type.
190 [1440] INFO perfrun.launcher <> - set environment variable: PATH = C:\Program Files (x86)\Intel\oneAPI\advisor\2021.3.0\bin32\runtime;C:\Program Files (x86)\Intel\oneAPI\advisor\2021.3.0\bin64\runtime;C:\Program Files (x86)\Intel\oneAPI\compiler\2021.3.0\windows\redist\intel64_win\compiler;C:\Program Files (x86)\Intel\oneAPI\mkl\2021.3.0\redist\intel64;;C:\Program Files (x86)\Intel\oneAPI\compiler\2021.3.0\windows\redist\intel64_win\compiler;C:\Program Files (x86)\Intel\oneAPI\mkl\2021.3.0\redist\intel64;C:\Program Files\NVIDIA GPU Computing Toolkit\CUDA\v11.4\bin;C:\Program Files\NVIDIA GPU Computing Toolkit\CUDA\v11.4\libnvvp;C:\Program Files\NVIDIA GPU Computing Toolkit\CUDA\v11.2\bin;C:\Program Files\NVIDIA GPU Computing Toolkit\CUDA\v11.2\libnvvp;C:\Program Files (x86)\Intel\Intel(R) Management Engine Components\iCLS\;C:\Program Files\Intel\Intel(R) Management Engine Components\iCLS\;C:\Windows\system32;C:\Windows;C:\Windows\System32\Wbem;C:\Windows\System32\WindowsPowerShell\v1.0\;C:\Windows\System32\OpenSSH\;C:\Program Files (x86)\NVIDIA Corporation\PhysX\Common;C:\Program Files (x86)\Intel\Intel(R) Management Engine Components\DAL;C:\Program Files\Intel\Intel(R) Management Engine Components\DAL;C:\Program Files (x86)\Intel\Intel(R) Management Engine Components\IPT;C:\Program Files\Intel\Intel(R) Management Engine Components\IPT;C:\Program Files\Intel\WiFi\bin\;C:\Program Files\Common Files\Intel\WirelessCommon\;C:\WINDOWS\system32;C:\WINDOWS;C:\WINDOWS\System32\Wbem;C:\WINDOWS\System32\WindowsPowerShell\v1.0\;C:\WINDOWS\System32\OpenSSH\;C:\Program Files\TortoiseSVN\bin;C:\Program Files\Git\cmd;C:\Program Files\NVIDIA Corporation\NVIDIA NvDLISR;C:\Program Files\MATLAB\R2021a\bin;C;C;C:\Program Files\NVIDIA Corporation\Nsight Compute 2021.2.2\;C:\Users\Artelnics\AppData\Local\Microsoft\WindowsApps;C:\Users\Artelnics\AppData\Local\Programs\Microsoft VS Code\bin;C:\Users\Artelnics\AppData\Local\GitHubDesktop\bin;C:\Users\Artelnics\AppData\Local\Programs\MiKTeX\miktex\bin\x64\
190 [1440] INFO perfrun.launcher <> - set environment variable: INTEL_LIBITTNOTIFY32 = C:\Program Files (x86)\Intel\oneAPI\advisor\2021.3.0\bin32\runtime\ittnotify_collector.dll
190 [1440] INFO perfrun.launcher <> - set environment variable: INTEL_LIBITTNOTIFY64 = C:\Program Files (x86)\Intel\oneAPI\advisor\2021.3.0\bin64\runtime\ittnotify_collector.dll
190 [1440] INFO perfrun.launcher <> - set environment variable: INTEL_ITTNOTIFY_GROUPS = 
190 [1440] INFO perfrun.launcher <> - set environment variable: INTEL_JIT_PROFILER32 = C:\Program Files (x86)\Intel\oneAPI\advisor\2021.3.0\bin32\runtime\ittnotify_collector.dll
191 [1440] INFO perfrun.launcher <> - set environment variable: INTEL_JIT_PROFILER64 = C:\Program Files (x86)\Intel\oneAPI\advisor\2021.3.0\bin64\runtime\ittnotify_collector.dll
191 [1440] INFO perfrun.launcher <> - set environment variable: VS_PROFILER = ittnotify_collector.dll
191 [1440] INFO perfrun.launcher <> - set environment variable: OMP_TOOL_LIBRARIES = C:\Program Files (x86)\Intel\oneAPI\advisor\2021.3.0\bin32\runtime\ittnotify_collector.dll;C:\Program Files (x86)\Intel\oneAPI\advisor\2021.3.0\bin64\runtime\ittnotify_collector.dll
191 [1440] INFO perfrun.launcher <> - set environment variable: ENABLE_JITPROFILING = 1
191 [1440] INFO perfrun.launcher <> - set environment variable: CL_CONFIG_USE_VTUNE = True
191 [1440] INFO perfrun.launcher <> - set environment variable: KMP_FORKJOIN_FRAMES = 0
191 [1440] INFO perfrun.launcher <> - set environment variable: KMP_FORKJOIN_FRAMES_MODE = 0
191 [1440] INFO perfrun.launcher <> - set environment variable: OMP_TOOL = disabled
191 [1440] INFO perfrun.launcher <> - set environment variable: INTEL_MRTE_DATA_DIR = D:\opennn\examples\rosenbrock\My Advisor Results - rosenbrock\e000\hs000\data.0
191 [1440] INFO perfrun.launcher <> - set environment variable: INTEL_MRTE_HOST_NAME = DESKTOP-5PN25MA
191 [1440] INFO perfrun.launcher <> - set environment variable: JAVA_TOOL_OPTIONS = -agentlib:advixe_tpssmrte_javaprof_1.0
191 [1440] INFO perfrun.launcher <> - set environment variable: COR_ENABLE_PROFILING = 1
191 [1440] INFO perfrun.launcher <> - set environment variable: COR_PROFILER = {10337B79-F6CD-4df9-8D18-26A67272096B}
191 [1440] INFO perfrun.launcher <> - set environment variable: COMPLUS_ProfAPI_ProfilerCompatibilitySetting = EnableV2Profiler
191 [1440] INFO perfrun.launcher <> - set environment variable: CORECLR_ENABLE_PROFILING = 1
191 [1440] INFO perfrun.launcher <> - set environment variable: CORECLR_PROFILER = {10337B79-F6CD-4df9-8D18-26A67272096B}
191 [1440] INFO perfrun.launcher <> - set environment variable: CORECLR_PROFILER_PATH = C:\Program Files (x86)\Intel\oneAPI\advisor\2021.3.0\bin64/advixe_tpssmrte_clrprof_1.0.dll
191 [1440] INFO perfrun.launcher <> - set environment variable: INTEL_MRTE_PROFILER_MODE = mixed
193 [1440] INFO perfrun.launcher <> - RpcServer: run RPC server to handle requests
195 [1440] INFO perfrun.sdk <> - IProcessUtil: the given executable 'D:\opennn-build\x64\Release\rosenbrock.exe' is valid.
196 [1440] INFO perfrun.launcher <> - Launcher: command line to start before modification = D:\opennn-build\x64\Release\rosenbrock.exe
200 [1440] INFO perfrun.launcher <> - Launcher: command line to start after modification = C:\Program Files (x86)\Intel\oneAPI\advisor\2021.3.0\bin64\pin.exe -error_file D:\opennn\examples\rosenbrock\My Advisor Results - rosenbrock\e000\hs000\data.0\pinerr.tpsslog -detach_reattach -probe -follow_execv -p32 C:\Program Files (x86)\Intel\oneAPI\advisor\2021.3.0\bin32\pin.exe -p64 C:\Program Files (x86)\Intel\oneAPI\advisor\2021.3.0\bin64\pin.exe -t64 C:\Program Files (x86)\Intel\oneAPI\advisor\2021.3.0\bin64\tpsstool.dll -t C:\Program Files (x86)\Intel\oneAPI\advisor\2021.3.0\bin32\tpsstool.dll -server_name tpss_ipc.19300 -prd_dir C:\Program Files (x86)\Intel\oneAPI\advisor\2021.3.0 -- D:\opennn-build\x64\Release\rosenbrock.exe
201 [1440] INFO perfrun.launcher <> - ProcessCreator object was created
203 [1440] INFO perfrun.launcher <> - Launcher: the process was started in suspend mode
203 [8780] INFO perfrun.itt <> - start itt controller for pid #17176
204 [8780] INFO perfrun.tpss <> - start tpss controller for pid #17176
255 [1440] INFO perfrun.launcher <> - Launcher: all plugins were started
255 [1440] INFO perfrun.launcher <> - DirectoryMonitor object was created
255 [1440] INFO perfrun.launcher <> - DirectoryMonitor: a callback was added
255 [1440] INFO perfrun.launcher <> - DirectoryMonitor was started with pingTime = 1000
255 [1440] INFO perfrun.launcher <> - DeadlineTimer is going to be constructed
256 [1440] INFO perfrun.launcher <> - DeadlineTimer: a callback was added
261 [1440] INFO perfrun.launcher <> - Launcher: resume the profiled application and  wait its termination or stop command
204213 [1440] INFO perfrun.launcher <> - Launcher: the profiled application was terminated  with exit code = 0
204318 [8780] INFO perfrun.itt <> - stop itt controller
204318 [8780] INFO perfrun.itt <> - detach itt controller
204318 [8780] INFO perfrun.tpss <> - stop tpss controller
204323 [8780] INFO perfrun.sdk <> - De-allocating TMU: D:\opennn\examples\rosenbrock\My Advisor Results - rosenbrock\e000\hs000\data.0\systemcollector-19300-DESKTOP-5PN25MA.sc
204344 [8780] INFO perfrun.system <> - closed the system trace file: D:\opennn\examples\rosenbrock\My Advisor Results - rosenbrock\e000\hs000\data.0\systemcollector-19300-DESKTOP-5PN25MA.sc
204344 [1440] INFO perfrun.launcher <> - Launcher: all plugins were stopped.
204344 [1440] INFO perfrun.launcher <> - DeadlineTimer is going to be destroyed
204344 [1440] INFO perfrun.launcher <> - DeadlineTimer was destroyed
204344 [1440] INFO perfrun.launcher <> - DirectoryMonitor object was destroyed
204344 [1440] WARN perfrun.launcher <> - Stop command is ignored because it is received when collection is already stopped, at file: vcs\perfrun1\launcher\src\command_handler.cpp:212
204346 [1440] INFO perfrun.launcher <> - Application exit code: 0
204346 [1440] INFO perfrun.launcher <> - Exit code: 0
