88 [21972] INFO perfrun.launcher <> - Launcher main begin
93 [21972] INFO perfrun.launcher <> - MessageCatalogInit finished
93 [21972] INFO perfrun.launcher <> - Launcher instance created
93 [21972] INFO perfrun.launcher <> - argc = 7; cmdline = C:\Program Files (x86)\Intel\oneAPI\vtune\2021.5.0\bin64\amplxe-runss.exe --ui-output-format xml --ui-output-fd 1184 --option-file D:\opennn\examples\rosenbrock\VTune Profiler Results\rosenbrock\r001hs\config\runss.options 
124 [21972] INFO perfrun.launcher <> - New signal handler callback was added
175 [21972] INFO perfrun.launcher <> - create msngr2::ICliToolContext
176 [21972] INFO perfrun.launcher <> - create file finder object
176 [21972] INFO perfrun.launcher <> - create a result directory: pattern = D:\opennn\examples\rosenbrock\VTune Profiler Results\rosenbrock\r001hs pid = 4294967295
180 [21972] INFO perfrun.launcher <> - create data directory = D:\opennn\examples\rosenbrock\VTune Profiler Results\rosenbrock\r001hs\data.0
181 [21972] INFO perfrun.launcher <> - Creating the master collection flag
186 [21972] INFO perfrun.launcher <> - Done creating the master collection flag
186 [12996] INFO perfrun.launcher <> - plugin [remoteplug] was disabled because it doesn't support the given collection type.
186 [12996] INFO perfrun.sdk <> - Allocating TMU :D:\opennn\examples\rosenbrock\VTune Profiler Results\rosenbrock\r001hs\data.0\systemcollector-17816-DESKTOP-5PN25MA.sc
186 [12996] INFO perfrun.launcher <> - plugin [] was disabled because it doesn't support the given collection type.
189 [12996] INFO perfrun.launcher <> - plugin [] was disabled because it doesn't support the given collection type.
189 [12996] INFO perfrun.launcher <> - plugin [gpu] was disabled because it doesn't support the given collection type.
189 [12996] INFO perfrun.launcher <> - plugin [etw.kernel] was disabled because it doesn't support the given collection type.
189 [12996] INFO perfrun.launcher <> - plugin [etw.dx] was disabled because it doesn't support the given collection type.
189 [12996] INFO perfrun.launcher <> - plugin [etw.wsa] was disabled because it doesn't support the given collection type.
189 [12996] INFO perfrun.mrte <> - system-wide mode is 0
190 [12996] INFO perfrun.mrte <> - Getting  mrte profiling environment ...
266 [12996] INFO perfrun.mrte <> - INTEL_MRTE_DATA_DIR=D:\opennn\examples\rosenbrock\VTune Profiler Results\rosenbrock\r001hs\data.0
266 [12996] INFO perfrun.mrte <> - INTEL_MRTE_HOST_NAME=DESKTOP-5PN25MA
266 [12996] INFO perfrun.mrte <> - JAVA_TOOL_OPTIONS=-agentlib:amplxe_tpssmrte_javaprof_1.0
266 [12996] INFO perfrun.mrte <> - COR_ENABLE_PROFILING=1
266 [12996] INFO perfrun.mrte <> - COR_PROFILER={2603158F-60BC-4915-9795-D85FC7A9A2C8}
266 [12996] INFO perfrun.mrte <> - COMPLUS_ProfAPI_ProfilerCompatibilitySetting=EnableV2Profiler
266 [12996] INFO perfrun.mrte <> - CORECLR_ENABLE_PROFILING=1
266 [12996] INFO perfrun.mrte <> - CORECLR_PROFILER={2603158F-60BC-4915-9795-D85FC7A9A2C8}
266 [12996] INFO perfrun.mrte <> - CORECLR_PROFILER_PATH=C:\Program Files (x86)\Intel\oneAPI\vtune\2021.5.0\bin64/amplxe_tpssmrte_clrprof_1.0.dll
266 [12996] INFO perfrun.mrte <> - INTEL_MRTE_PROFILER_MODE=mixed
266 [12996] INFO perfrun.mrte <> - Data directory: D:\opennn\examples\rosenbrock\VTune Profiler Results\rosenbrock\r001hs\data.0
266 [12996] INFO perfrun.mrte <> - Mrte plugin is initialized
267 [12996] INFO perfrun.launcher <> - plugin [cuscol] was disabled because it doesn't support the given collection type.
267 [12996] INFO perfrun.launcher <> - plugin [stdsrc] was disabled because it doesn't support the given collection type.
267 [12996] INFO perfrun.launcher <> - plugin [sep] was disabled because it doesn't support the given collection type.
267 [12996] INFO perfrun.launcher <> - plugin [vtsspp] was disabled because it doesn't support the given collection type.
267 [12996] INFO perfrun.launcher <> - plugin [] was disabled because it doesn't support the given collection type.
267 [12996] INFO perfrun.launcher <> - plugin [aoclprofile] was disabled because it doesn't support the given collection type.
267 [12996] INFO perfrun.tpss <> - initialize tpss controller
267 [12996] INFO perfrun.tpss <> - configure collection mode: value = cpu:counters:nostack
267 [12996] INFO perfrun.tpss <> - configure collection mode: value = cpu:stack
267 [12996] INFO perfrun.tpss <> - default obj-size-min=1024
267 [12996] INFO perfrun.tpss <> - default hash-table-size=0
267 [12996] INFO perfrun.launcher <> - plugin [exprof] was disabled because it doesn't support the given collection type.
267 [12996] INFO perfrun.launcher <> - plugin [] was disabled because it doesn't support the given collection type.
267 [12996] INFO perfrun.launcher <> - plugin [] was disabled because it doesn't support the given collection type.
267 [12996] INFO perfrun.launcher <> - plugin [] was disabled because it doesn't support the given collection type.
267 [12996] INFO perfrun.launcher <> - plugin [] was disabled because it doesn't support the given collection type.
267 [12996] INFO perfrun.launcher <> - plugin [power] was disabled because it doesn't support the given collection type.
267 [12996] INFO perfrun.launcher <> - plugin [hwloc] was disabled because it doesn't support the given collection type.
267 [12996] INFO perfrun.launcher <> - plugin [ipmwatch] was disabled because it doesn't support the given collection type.
267 [12996] INFO perfrun.launcher <> - plugin [os_counters] was disabled because it doesn't support the given collection type.
267 [21972] INFO perfrun.launcher <> - set environment variable: PATH = C:\Program Files (x86)\Intel\oneAPI\vtune\2021.5.0\bin32\runtime;C:\Program Files (x86)\Intel\oneAPI\vtune\2021.5.0\bin64\runtime;C:\Program Files (x86)\Intel\oneAPI\compiler\2021.3.0\windows\redist\intel64_win\compiler;C:\Program Files (x86)\Intel\oneAPI\mkl\2021.3.0\redist\intel64;C:\Program Files\NVIDIA GPU Computing Toolkit\CUDA\v11.4\bin;C:\Program Files\NVIDIA GPU Computing Toolkit\CUDA\v11.4\libnvvp;C:\Program Files\NVIDIA GPU Computing Toolkit\CUDA\v11.2\bin;C:\Program Files\NVIDIA GPU Computing Toolkit\CUDA\v11.2\libnvvp;C:\Program Files (x86)\Intel\Intel(R) Management Engine Components\iCLS\;C:\Program Files\Intel\Intel(R) Management Engine Components\iCLS\;C:\Windows\system32;C:\Windows;C:\Windows\System32\Wbem;C:\Windows\System32\WindowsPowerShell\v1.0\;C:\Windows\System32\OpenSSH\;C:\Program Files (x86)\NVIDIA Corporation\PhysX\Common;C:\Program Files (x86)\Intel\Intel(R) Management Engine Components\DAL;C:\Program Files\Intel\Intel(R) Management Engine Components\DAL;C:\Program Files (x86)\Intel\Intel(R) Management Engine Components\IPT;C:\Program Files\Intel\Intel(R) Management Engine Components\IPT;C:\Program Files\Intel\WiFi\bin\;C:\Program Files\Common Files\Intel\WirelessCommon\;C:\WINDOWS\system32;C:\WINDOWS;C:\WINDOWS\System32\Wbem;C:\WINDOWS\System32\WindowsPowerShell\v1.0\;C:\WINDOWS\System32\OpenSSH\;C:\Program Files\TortoiseSVN\bin;C:\Program Files\Git\cmd;C:\Program Files\NVIDIA Corporation\NVIDIA NvDLISR;C:\Program Files\MATLAB\R2021a\bin;C;C;C:\Program Files\NVIDIA Corporation\Nsight Compute 2021.2.2\;C:\Users\Artelnics\AppData\Local\Microsoft\WindowsApps;C:\Users\Artelnics\AppData\Local\Programs\Microsoft VS Code\bin;C:\Users\Artelnics\AppData\Local\GitHubDesktop\bin;C:\Users\Artelnics\AppData\Local\Programs\MiKTeX\miktex\bin\x64\
268 [21972] INFO perfrun.launcher <> - set environment variable: INTEL_LIBITTNOTIFY32 = C:\Program Files (x86)\Intel\oneAPI\vtune\2021.5.0\bin32\runtime\ittnotify_collector.dll
268 [21972] INFO perfrun.launcher <> - set environment variable: INTEL_LIBITTNOTIFY64 = C:\Program Files (x86)\Intel\oneAPI\vtune\2021.5.0\bin64\runtime\ittnotify_collector.dll
268 [21972] INFO perfrun.launcher <> - set environment variable: INTEL_ITTNOTIFY_GROUPS = 
269 [21972] INFO perfrun.launcher <> - set environment variable: INTEL_JIT_PROFILER32 = C:\Program Files (x86)\Intel\oneAPI\vtune\2021.5.0\bin32\runtime\ittnotify_collector.dll
269 [21972] INFO perfrun.launcher <> - set environment variable: INTEL_JIT_PROFILER64 = C:\Program Files (x86)\Intel\oneAPI\vtune\2021.5.0\bin64\runtime\ittnotify_collector.dll
269 [21972] INFO perfrun.launcher <> - set environment variable: VS_PROFILER = ittnotify_collector.dll
269 [21972] INFO perfrun.launcher <> - set environment variable: OMP_TOOL_LIBRARIES = C:\Program Files (x86)\Intel\oneAPI\vtune\2021.5.0\bin32\runtime\ittnotify_collector.dll;C:\Program Files (x86)\Intel\oneAPI\vtune\2021.5.0\bin64\runtime\ittnotify_collector.dll
269 [21972] INFO perfrun.launcher <> - set environment variable: ENABLE_JITPROFILING = 1
269 [21972] INFO perfrun.launcher <> - set environment variable: CL_CONFIG_USE_VTUNE = True
269 [21972] INFO perfrun.launcher <> - set environment variable: KMP_FORKJOIN_FRAMES = 0
269 [21972] INFO perfrun.launcher <> - set environment variable: KMP_FORKJOIN_FRAMES_MODE = 0
269 [21972] INFO perfrun.launcher <> - set environment variable: OMP_TOOL = disabled
269 [21972] INFO perfrun.launcher <> - set environment variable: INTEL_MRTE_DATA_DIR = D:\opennn\examples\rosenbrock\VTune Profiler Results\rosenbrock\r001hs\data.0
269 [21972] INFO perfrun.launcher <> - set environment variable: INTEL_MRTE_HOST_NAME = DESKTOP-5PN25MA
269 [21972] INFO perfrun.launcher <> - set environment variable: JAVA_TOOL_OPTIONS = -agentlib:amplxe_tpssmrte_javaprof_1.0
269 [21972] INFO perfrun.launcher <> - set environment variable: COR_ENABLE_PROFILING = 1
270 [21972] INFO perfrun.launcher <> - set environment variable: COR_PROFILER = {2603158F-60BC-4915-9795-D85FC7A9A2C8}
270 [21972] INFO perfrun.launcher <> - set environment variable: COMPLUS_ProfAPI_ProfilerCompatibilitySetting = EnableV2Profiler
270 [21972] INFO perfrun.launcher <> - set environment variable: CORECLR_ENABLE_PROFILING = 1
270 [21972] INFO perfrun.launcher <> - set environment variable: CORECLR_PROFILER = {2603158F-60BC-4915-9795-D85FC7A9A2C8}
270 [21972] INFO perfrun.launcher <> - set environment variable: CORECLR_PROFILER_PATH = C:\Program Files (x86)\Intel\oneAPI\vtune\2021.5.0\bin64/amplxe_tpssmrte_clrprof_1.0.dll
270 [21972] INFO perfrun.launcher <> - set environment variable: INTEL_MRTE_PROFILER_MODE = mixed
270 [21972] INFO perfrun.launcher <> - RpcServer: run RPC server to handle requests
274 [21972] INFO perfrun.sdk <> - IProcessUtil: the given executable 'D:\opennn-build\x64\Release\rosenbrock.exe' is valid.
274 [21972] INFO perfrun.launcher <> - Launcher: command line to start before modification = D:\opennn-build\x64\Release\rosenbrock.exe
278 [21972] INFO perfrun.launcher <> - Launcher: command line to start after modification = C:\Program Files (x86)\Intel\oneAPI\vtune\2021.5.0\bin64\pin.exe -error_file D:\opennn\examples\rosenbrock\VTune Profiler Results\rosenbrock\r001hs\data.0\pinerr.tpsslog -detach_reattach -probe -follow_execv -p32 C:\Program Files (x86)\Intel\oneAPI\vtune\2021.5.0\bin32\pin.exe -p64 C:\Program Files (x86)\Intel\oneAPI\vtune\2021.5.0\bin64\pin.exe -t64 C:\Program Files (x86)\Intel\oneAPI\vtune\2021.5.0\bin64\tpsstool.dll -t C:\Program Files (x86)\Intel\oneAPI\vtune\2021.5.0\bin32\tpsstool.dll -server_name tpss_ipc.17816 -prd_dir C:\Program Files (x86)\Intel\oneAPI\vtune\2021.5.0 -- D:\opennn-build\x64\Release\rosenbrock.exe
278 [21972] INFO perfrun.launcher <> - ProcessCreator object was created
280 [21972] INFO perfrun.launcher <> - Launcher: the process was started in suspend mode
280 [12996] INFO perfrun.itt <> - start itt controller for pid #7428
281 [12996] INFO perfrun.sdk <> - runCmd: "C:\Program Files (x86)\Intel\oneAPI\vtune\2021.5.0\bin64\emon.exe" -M
398 [12996] INFO perfrun.sdk <> - runCmd: "C:\Program Files (x86)\Intel\oneAPI\vtune\2021.5.0\bin64\emon.exe" -v
523 [12996] INFO perfrun.sdk <> - runCmd: "C:\Program Files (x86)\Intel\oneAPI\vtune\2021.5.0\bin64\sep.exe" -dry-run -ec "CPU_CLK_UNHALTED.THREAD,CPU_CLK_UNHALTED.REF_TSC:sample:sa=3200000,INST_RETIRED.ANY:sample:sa=3200000,CPU_CLK_UNHALTED.REF_XCLK,CPU_CLK_UNHALTED.ONE_THREAD_ACTIVE,FP_ARITH_INST_RETIRED.SCALAR_SINGLE,FP_ARITH_INST_RETIRED.128B_PACKED_SINGLE,FP_ARITH_INST_RETIRED.256B_PACKED_SINGLE,FP_ARITH_INST_RETIRED.SCALAR_DOUBLE,FP_ARITH_INST_RETIRED.128B_PACKED_DOUBLE,FP_ARITH_INST_RETIRED.256B_PACKED_DOUBLE,UOPS_EXECUTED.X87,UOPS_RETIRED.RETIRE_SLOTS:sample:sa=2000003,UOPS_EXECUTED.THREAD" -experimental
646 [12996] INFO perfrun.sdk <> - runCmd: "C:\Program Files (x86)\Intel\oneAPI\vtune\2021.5.0\bin64\emon.exe" -u -t0.050 -l0 -A -C "CPU_CLK_UNHALTED.ONE_THREAD_ACTIVE,CPU_CLK_UNHALTED.REF_TSC,CPU_CLK_UNHALTED.REF_XCLK,CPU_CLK_UNHALTED.THREAD,FP_ARITH_INST_RETIRED.128B_PACKED_DOUBLE,FP_ARITH_INST_RETIRED.128B_PACKED_SINGLE,FP_ARITH_INST_RETIRED.256B_PACKED_DOUBLE,FP_ARITH_INST_RETIRED.256B_PACKED_SINGLE,FP_ARITH_INST_RETIRED.SCALAR_DOUBLE,FP_ARITH_INST_RETIRED.SCALAR_SINGLE,INST_RETIRED.ANY,UOPS_EXECUTED.THREAD,UOPS_EXECUTED.X87,UOPS_RETIRED.RETIRE_SLOTS" -f "D:\opennn\examples\rosenbrock\VTune Profiler Results\rosenbrock\r001hs\data.0\emon.0.emon" -experimental
648 [12996] INFO perfrun.emon <> - Waiting trace file creation: D:\opennn\examples\rosenbrock\VTune Profiler Results\rosenbrock\r001hs\data.0\emon.0.emon
858 [12996] INFO perfrun.emon <> - trace file was found
858 [12996] INFO perfrun.tpss <> - start tpss controller for pid #7428
921 [21972] INFO perfrun.launcher <> - Launcher: all plugins were started
921 [21972] INFO perfrun.launcher <> - DirectoryMonitor object was created
921 [21972] INFO perfrun.launcher <> - DirectoryMonitor: a callback was added
921 [21972] INFO perfrun.launcher <> - DirectoryMonitor was started with pingTime = 1000
921 [21972] INFO perfrun.launcher <> - DeadlineTimer is going to be constructed
921 [21972] INFO perfrun.launcher <> - DeadlineTimer: a callback was added
926 [21972] INFO perfrun.launcher <> - Launcher: resume the profiled application and  wait its termination or stop command
137403 [21972] INFO perfrun.launcher <> - Launcher: the profiled application was terminated  with exit code = 0
137484 [12996] INFO perfrun.itt <> - stop itt controller
137484 [12996] INFO perfrun.itt <> - detach itt controller
137484 [12996] INFO perfrun.sdk <> - runCmd: "C:\Program Files (x86)\Intel\oneAPI\vtune\2021.5.0\bin64\emon.exe" -stop
137801 [12996] INFO perfrun.emon <> - EMON collector successfully stopped.

137801 [12996] INFO perfrun.tpss <> - stop tpss controller
137809 [12996] INFO perfrun.sdk <> - De-allocating TMU: D:\opennn\examples\rosenbrock\VTune Profiler Results\rosenbrock\r001hs\data.0\systemcollector-17816-DESKTOP-5PN25MA.sc
137824 [12996] INFO perfrun.system <> - closed the system trace file: D:\opennn\examples\rosenbrock\VTune Profiler Results\rosenbrock\r001hs\data.0\systemcollector-17816-DESKTOP-5PN25MA.sc
137824 [21972] INFO perfrun.launcher <> - Launcher: all plugins were stopped.
137824 [21972] INFO perfrun.launcher <> - DeadlineTimer is going to be destroyed
137824 [21972] INFO perfrun.launcher <> - DeadlineTimer was destroyed
137824 [21972] INFO perfrun.launcher <> - DirectoryMonitor object was destroyed
137825 [21972] WARN perfrun.launcher <> - Stop command is ignored because it is received when collection is already stopped, at file: C:\BB\INNLphep2w6r\b\tmpge0ywg\vcs\perfrun1\launcher\src\command_handler.cpp:212
137826 [21972] INFO perfrun.launcher <> - Application exit code: 0
137826 [21972] INFO perfrun.launcher <> - Exit code: 0
