<<<<<<< Updated upstream
<<<<<<< HEAD
c:\users\sanch\desktop\refactor\opennn\examples\airline_passengers\release\main.obj
c:\users\sanch\desktop\refactor\opennn\examples\airline_passengers\release\moc_predefs.h
c:\users\sanch\desktop\refactor\opennn\examples\airline_passengers\bin\airline_passengers.exe
c:\users\sanch\desktop\refactor\opennn\examples\airline_passengers\release\airline_.f97d4861.tlog\cl.command.1.tlog
c:\users\sanch\desktop\refactor\opennn\examples\airline_passengers\release\airline_.f97d4861.tlog\cl.items.tlog
c:\users\sanch\desktop\refactor\opennn\examples\airline_passengers\release\airline_.f97d4861.tlog\cl.read.1.tlog
c:\users\sanch\desktop\refactor\opennn\examples\airline_passengers\release\airline_.f97d4861.tlog\cl.write.1.tlog
c:\users\sanch\desktop\refactor\opennn\examples\airline_passengers\release\airline_.f97d4861.tlog\custombuild.command.1.tlog
c:\users\sanch\desktop\refactor\opennn\examples\airline_passengers\release\airline_.f97d4861.tlog\custombuild.read.1.tlog
c:\users\sanch\desktop\refactor\opennn\examples\airline_passengers\release\airline_.f97d4861.tlog\custombuild.write.1.tlog
c:\users\sanch\desktop\refactor\opennn\examples\airline_passengers\release\airline_.f97d4861.tlog\link.command.1.tlog
c:\users\sanch\desktop\refactor\opennn\examples\airline_passengers\release\airline_.f97d4861.tlog\link.read.1.tlog
c:\users\sanch\desktop\refactor\opennn\examples\airline_passengers\release\airline_.f97d4861.tlog\link.write.1.tlog
=======
c:\users\roberto lopez\documents\gitlab\opennn\examples\airline_passengers\release\main.obj
>>>>>>> 78876f561288654302b260fb115cf8e07f1a3e6f
=======
>>>>>>> Stashed changes
